<!DOCTYPE html PUBLIC "-//W3C//DTD XHTML 1.1//EN" "https://www.w3.org/TR/xhtml11/DTD/xhtml11.dtd">
<html xmlns="https://www.w3.org/1999/xhtml">
<head>
<meta http-equiv="content-type" content="text/html; charset=UTF-8"/>
<title>TestNG Report</title>
<style type="text/css">table {margin-bottom:10px;border-collapse:collapse;empty-cells:show}th,td {border:1px solid #009;padding:.25em .5em}th {vertical-align:bottom}td {vertical-align:top}table a {font-weight:bold}.stripe td {background-color: #E6EBF9}.num {text-align:right}.passedodd td {background-color: #3F3}.passedeven td {background-color: #0A0}.skippedodd td {background-color: #DDD}.skippedeven td {background-color: #CCC}.failedodd td,.attn {background-color: #F33}.failedeven td,.stripe .attn {background-color: #D00}.stacktrace {white-space:pre;font-family:monospace}.totop {font-size:85%;text-align:center;border-bottom:2px solid #000}.invisible {display:none}</style>
</head>
<body>
<table>
<tr><th>Test</th><th># Passed</th><th># Skipped</th><th># Retried</th><th># Failed</th><th>Time (ms)</th><th>Included Groups</th><th>Excluded Groups</th></tr>
<tr><th colspan="8">Suite</th></tr>
<tr><td><a href="#t0">Test</a></td><td class="num">15</td><td class="num">0</td><td class="num">0</td><td class="num attn">6</td><td class="num">1,259,487</td><td></td><td></td></tr>
</table>
<table id='summary'><thead><tr><th>Class</th><th>Method</th><th>Start</th><th>Time (ms)</th></tr></thead><tbody><tr><th colspan="4">Suite</th></tr></tbody><tbody id="t0"><tr><th colspan="4">Test &#8212; failed</th></tr><tr class="failedeven"><td rowspan="1">flipkarttests.comparisonproducttest</td><td><a href="#m0">AddItem</a></td><td rowspan="1">1670820913696</td><td rowspan="1">14495</td></tr><tr class="failedodd"><td rowspan="1">flipkarttests.productitemoffertest</td><td><a href="#m1">validLogin</a></td><td rowspan="1">1670820854480</td><td rowspan="1">15364</td></tr><tr class="failedeven"><td rowspan="4">flipkarttests.sellerstest</td><td><a href="#m2">invalidseller1</a></td><td rowspan="1">1670821038466</td><td rowspan="1">20144</td></tr><tr class="failedeven"><td><a href="#m3">invalidseller2</a></td><td rowspan="1">1670821111702</td><td rowspan="1">19489</td></tr><tr class="failedeven"><td><a href="#m4">invalidseller3</a></td><td rowspan="1">1670821156197</td><td rowspan="1">19152</td></tr><tr class="failedeven"><td><a href="#m5">validseller</a></td><td rowspan="1">1670820972010</td><td rowspan="1">24266</td></tr><tr><th colspan="4">Test &#8212; passed</th></tr><tr class="passedeven"><td rowspan="6">flipkarttests.logintest</td><td><a href="#m6">invalidLogin5</a></td><td rowspan="1">1670820741851</td><td rowspan="1">203</td></tr><tr class="passedeven"><td><a href="#m7">invalidLogin6</a></td><td rowspan="1">1670820829134</td><td rowspan="1">184</td></tr><tr class="passedeven"><td><a href="#m8">invalidcredentialLogin1</a></td><td rowspan="1">1670820528458</td><td rowspan="1">228</td></tr><tr class="passedeven"><td><a href="#m9">invalidcredentialLogin2</a></td><td rowspan="1">1670820574015</td><td rowspan="1">233</td></tr><tr class="passedeven"><td><a href="#m10">invalidcredentialLogin4</a></td><td rowspan="1">1670820656892</td><td rowspan="1">214</td></tr><tr class="passedeven"><td><a href="#m11">validcredentialLogin</a></td><td rowspan="1">1670820466977</td><td rowspan="1">309</td></tr><tr class="passedodd"><td rowspan="3">flipkarttests.productsearchtest</td><td><a href="#m12">searchepmtyproduct</a></td><td rowspan="1">1670821268199</td><td rowspan="1">3189</td></tr><tr class="passedodd"><td><a href="#m13">searchproduct</a></td><td rowspan="1">1670821234077</td><td rowspan="1">5345</td></tr><tr class="passedodd"><td><a href="#m14">searchwrongproduct</a></td><td rowspan="1">1670821316025</td><td rowspan="1">3255</td></tr><tr class="passedeven"><td rowspan="1">flipkarttests.showcarttest</td><td><a href="#m15">showcart</a></td><td rowspan="1">1670821677608</td><td rowspan="1">7366</td></tr><tr class="passedodd"><td rowspan="5">flipkarttests.signupcredentialstest</td><td><a href="#m16">emptysignupcredential</a></td><td rowspan="1">1670821588946</td><td rowspan="1">4259</td></tr><tr class="passedodd"><td><a href="#m17">invalidsignUpcredential1</a></td><td rowspan="1">1670821382921</td><td rowspan="1">4181</td></tr><tr class="passedodd"><td><a href="#m18">invalidsignUpcredential2</a></td><td rowspan="1">1670821428476</td><td rowspan="1">4170</td></tr><tr class="passedodd"><td><a href="#m19">invalidsignUpcredential3</a></td><td rowspan="1">1670821472919</td><td rowspan="1">4185</td></tr><tr class="passedodd"><td><a href="#m20">validsignUpcredential</a></td><td rowspan="1">1670821519223</td><td rowspan="1">4192</td></tr></tbody>
</table>
<h2>Test</h2><h3 id="m0">flipkarttests.comparisonproducttest#AddItem</h3><table class="result"><tr><th>Exception</th></tr><tr><td><div class="stacktrace">org.openqa.selenium.NoSuchElementException: no such element: Unable to locate element: {&quot;method&quot;:&quot;xpath&quot;,&quot;selector&quot;:&quot;//div[@class=&apos;_1YokD2 _3Mn1Gg&apos;]//div[2]//div[1]//div[1]//div[1]//a[1]//div[1]//div[2]//div[1]//label[1]//span[1]&quot;}
  (Session info: chrome=108.0.5359.99)
For documentation on this error, please visit: https://selenium.dev/exceptions/#no_such_element
Build info: version: &apos;4.1.3&apos;, revision: &apos;7b1ebf28ef&apos;
System info: host: &apos;IN-5W1SP13&apos;, ip: &apos;192.168.0.112&apos;, os.name: &apos;Windows 10&apos;, os.arch: &apos;amd64&apos;, os.version: &apos;10.0&apos;, java.version: &apos;11&apos;
Driver info: org.openqa.selenium.chrome.ChromeDriver
Command: [ab28fc955b18072c6be0d0388ba84d0c, findElement {using=xpath, value=//div[@class=&apos;_1YokD2 _3Mn1Gg&apos;]//div[2]//div[1]//div[1]//div[1]//a[1]//div[1]//div[2]//div[1]//label[1]//span[1]}]
Capabilities {acceptInsecureCerts: false, browserName: chrome, browserVersion: 108.0.5359.99, chrome: {chromedriverVersion: 108.0.5359.71 (1e0e3868ee06..., userDataDir: C:\Users\SAJANS~1\AppData\L...}, goog:chromeOptions: {debuggerAddress: localhost:61245}, javascriptEnabled: true, networkConnectionEnabled: false, pageLoadStrategy: normal, platform: WINDOWS, platformName: WINDOWS, proxy: Proxy(), se:cdp: ws://localhost:61245/devtoo..., se:cdpVersion: 108.0.5359.99, setWindowRect: true, strictFileInteractability: false, timeouts: {implicit: 0, pageLoad: 300000, script: 30000}, unhandledPromptBehavior: dismiss and notify, webauthn:extension:credBlob: true, webauthn:extension:largeBlob: true, webauthn:virtualAuthenticators: true}
Session ID: ab28fc955b18072c6be0d0388ba84d0c
	at org.openqa.selenium.remote.codec.w3c.W3CHttpResponseCodec.createException(W3CHttpResponseCodec.java:200)
	at org.openqa.selenium.remote.codec.w3c.W3CHttpResponseCodec.decode(W3CHttpResponseCodec.java:133)
	at org.openqa.selenium.remote.codec.w3c.W3CHttpResponseCodec.decode(W3CHttpResponseCodec.java:53)
	at org.openqa.selenium.remote.HttpCommandExecutor.execute(HttpCommandExecutor.java:184)
	at org.openqa.selenium.remote.service.DriverCommandExecutor.invokeExecute(DriverCommandExecutor.java:167)
	at org.openqa.selenium.remote.service.DriverCommandExecutor.execute(DriverCommandExecutor.java:142)
	at org.openqa.selenium.remote.RemoteWebDriver.execute(RemoteWebDriver.java:567)
	at org.openqa.selenium.remote.ElementLocation$ElementFinder$2.findElement(ElementLocation.java:162)
	at org.openqa.selenium.remote.ElementLocation.findElement(ElementLocation.java:60)
	at org.openqa.selenium.remote.RemoteWebDriver.findElement(RemoteWebDriver.java:385)
	at org.openqa.selenium.remote.RemoteWebDriver.findElement(RemoteWebDriver.java:377)
	at org.openqa.selenium.support.pagefactory.DefaultElementLocator.findElement(DefaultElementLocator.java:70)
	at org.openqa.selenium.support.pagefactory.internal.LocatingElementHandler.invoke(LocatingElementHandler.java:39)
	at com.sun.proxy.$Proxy18.click(Unknown Source)
	at Flipkartpages.comparisonproductpage.ClickCheckbox(comparisonproductpage.java:49)
	at flipkarttests.comparisonproducttest.AddItem(comparisonproducttest.java:23)
	at java.base/java.util.ArrayList.forEach(ArrayList.java:1540)
... Removed 31 stack frames</div></td></tr></table><p class="totop"><a href="#summary">back to summary</a></p>
<h3 id="m1">flipkarttests.productitemoffertest#validLogin</h3><table class="result"><tr><th>Exception</th></tr><tr><td><div class="stacktrace">org.openqa.selenium.NoSuchElementException: no such element: Unable to locate element: {&quot;method&quot;:&quot;xpath&quot;,&quot;selector&quot;:&quot;/html[1]/body[1]/div[1]/div[1]/div[3]/div[2]/div[1]/div[1]/div[1]/div[2]/a[1]&quot;}
  (Session info: chrome=108.0.5359.99)
For documentation on this error, please visit: https://selenium.dev/exceptions/#no_such_element
Build info: version: &apos;4.1.3&apos;, revision: &apos;7b1ebf28ef&apos;
System info: host: &apos;IN-5W1SP13&apos;, ip: &apos;192.168.0.112&apos;, os.name: &apos;Windows 10&apos;, os.arch: &apos;amd64&apos;, os.version: &apos;10.0&apos;, java.version: &apos;11&apos;
Driver info: org.openqa.selenium.chrome.ChromeDriver
Command: [27281bc5f8e63d5e5e2d06ddacacab39, findElement {using=xpath, value=/html[1]/body[1]/div[1]/div[1]/div[3]/div[2]/div[1]/div[1]/div[1]/div[2]/a[1]}]
Capabilities {acceptInsecureCerts: false, browserName: chrome, browserVersion: 108.0.5359.99, chrome: {chromedriverVersion: 108.0.5359.71 (1e0e3868ee06..., userDataDir: C:\Users\SAJANS~1\AppData\L...}, goog:chromeOptions: {debuggerAddress: localhost:61172}, javascriptEnabled: true, networkConnectionEnabled: false, pageLoadStrategy: normal, platform: WINDOWS, platformName: WINDOWS, proxy: Proxy(), se:cdp: ws://localhost:61172/devtoo..., se:cdpVersion: 108.0.5359.99, setWindowRect: true, strictFileInteractability: false, timeouts: {implicit: 0, pageLoad: 300000, script: 30000}, unhandledPromptBehavior: dismiss and notify, webauthn:extension:credBlob: true, webauthn:extension:largeBlob: true, webauthn:virtualAuthenticators: true}
Session ID: 27281bc5f8e63d5e5e2d06ddacacab39
	at org.openqa.selenium.remote.codec.w3c.W3CHttpResponseCodec.createException(W3CHttpResponseCodec.java:200)
	at org.openqa.selenium.remote.codec.w3c.W3CHttpResponseCodec.decode(W3CHttpResponseCodec.java:133)
	at org.openqa.selenium.remote.codec.w3c.W3CHttpResponseCodec.decode(W3CHttpResponseCodec.java:53)
	at org.openqa.selenium.remote.HttpCommandExecutor.execute(HttpCommandExecutor.java:184)
	at org.openqa.selenium.remote.service.DriverCommandExecutor.invokeExecute(DriverCommandExecutor.java:167)
	at org.openqa.selenium.remote.service.DriverCommandExecutor.execute(DriverCommandExecutor.java:142)
	at org.openqa.selenium.remote.RemoteWebDriver.execute(RemoteWebDriver.java:567)
	at org.openqa.selenium.remote.ElementLocation$ElementFinder$2.findElement(ElementLocation.java:162)
	at org.openqa.selenium.remote.ElementLocation.findElement(ElementLocation.java:60)
	at org.openqa.selenium.remote.RemoteWebDriver.findElement(RemoteWebDriver.java:385)
	at org.openqa.selenium.remote.RemoteWebDriver.findElement(RemoteWebDriver.java:377)
	at org.openqa.selenium.support.pagefactory.DefaultElementLocator.findElement(DefaultElementLocator.java:70)
	at org.openqa.selenium.support.pagefactory.internal.LocatingElementHandler.invoke(LocatingElementHandler.java:39)
	at com.sun.proxy.$Proxy18.click(Unknown Source)
	at Flipkartpages.productitemofferpage.ClickViewAll(productitemofferpage.java:58)
	at flipkarttests.productitemoffertest.validLogin(productitemoffertest.java:20)
	at java.base/java.util.ArrayList.forEach(ArrayList.java:1540)
... Removed 31 stack frames</div></td></tr></table><p class="totop"><a href="#summary">back to summary</a></p>
<h3 id="m2">flipkarttests.sellerstest#invalidseller1</h3><table class="result"><tr><th>Exception</th></tr><tr><td><div class="stacktrace">org.openqa.selenium.NoSuchElementException: no such element: Unable to locate element: {&quot;method&quot;:&quot;xpath&quot;,&quot;selector&quot;:&quot;//div[@class=&apos;styles__RegisterText-r412un-24 sILEL&apos;]&quot;}
  (Session info: chrome=108.0.5359.99)
For documentation on this error, please visit: https://selenium.dev/exceptions/#no_such_element
Build info: version: &apos;4.1.3&apos;, revision: &apos;7b1ebf28ef&apos;
System info: host: &apos;IN-5W1SP13&apos;, ip: &apos;192.168.0.112&apos;, os.name: &apos;Windows 10&apos;, os.arch: &apos;amd64&apos;, os.version: &apos;10.0&apos;, java.version: &apos;11&apos;
Driver info: org.openqa.selenium.chrome.ChromeDriver
Command: [0b748e13d7234cac8aa3de7c087f28a6, findElement {using=xpath, value=//div[@class=&apos;styles__RegisterText-r412un-24 sILEL&apos;]}]
Capabilities {acceptInsecureCerts: false, browserName: chrome, browserVersion: 108.0.5359.99, chrome: {chromedriverVersion: 108.0.5359.71 (1e0e3868ee06..., userDataDir: C:\Users\SAJANS~1\AppData\L...}, goog:chromeOptions: {debuggerAddress: localhost:61530}, javascriptEnabled: true, networkConnectionEnabled: false, pageLoadStrategy: normal, platform: WINDOWS, platformName: WINDOWS, proxy: Proxy(), se:cdp: ws://localhost:61530/devtoo..., se:cdpVersion: 108.0.5359.99, setWindowRect: true, strictFileInteractability: false, timeouts: {implicit: 0, pageLoad: 300000, script: 30000}, unhandledPromptBehavior: dismiss and notify, webauthn:extension:credBlob: true, webauthn:extension:largeBlob: true, webauthn:virtualAuthenticators: true}
Session ID: 0b748e13d7234cac8aa3de7c087f28a6
	at org.openqa.selenium.remote.codec.w3c.W3CHttpResponseCodec.createException(W3CHttpResponseCodec.java:200)
	at org.openqa.selenium.remote.codec.w3c.W3CHttpResponseCodec.decode(W3CHttpResponseCodec.java:133)
	at org.openqa.selenium.remote.codec.w3c.W3CHttpResponseCodec.decode(W3CHttpResponseCodec.java:53)
	at org.openqa.selenium.remote.HttpCommandExecutor.execute(HttpCommandExecutor.java:184)
	at org.openqa.selenium.remote.service.DriverCommandExecutor.invokeExecute(DriverCommandExecutor.java:167)
	at org.openqa.selenium.remote.service.DriverCommandExecutor.execute(DriverCommandExecutor.java:142)
	at org.openqa.selenium.remote.RemoteWebDriver.execute(RemoteWebDriver.java:567)
	at org.openqa.selenium.remote.ElementLocation$ElementFinder$2.findElement(ElementLocation.java:162)
	at org.openqa.selenium.remote.ElementLocation.findElement(ElementLocation.java:60)
	at org.openqa.selenium.remote.RemoteWebDriver.findElement(RemoteWebDriver.java:385)
	at org.openqa.selenium.remote.RemoteWebDriver.findElement(RemoteWebDriver.java:377)
	at org.openqa.selenium.support.pagefactory.DefaultElementLocator.findElement(DefaultElementLocator.java:70)
	at org.openqa.selenium.support.pagefactory.internal.LocatingElementHandler.invoke(LocatingElementHandler.java:39)
	at com.sun.proxy.$Proxy18.click(Unknown Source)
	at Flipkartpages.sellerspage.ClickRegister(sellerspage.java:45)
	at flipkarttests.sellerstest.invalidseller1(sellerstest.java:35)
	at java.base/java.util.ArrayList.forEach(ArrayList.java:1540)
... Removed 31 stack frames</div></td></tr></table><p class="totop"><a href="#summary">back to summary</a></p>
<h3 id="m3">flipkarttests.sellerstest#invalidseller2</h3><table class="result"><tr><th>Exception</th></tr><tr><td><div class="stacktrace">org.openqa.selenium.NoSuchElementException: no such element: Unable to locate element: {&quot;method&quot;:&quot;xpath&quot;,&quot;selector&quot;:&quot;//div[@class=&apos;styles__RegisterText-r412un-24 sILEL&apos;]&quot;}
  (Session info: chrome=108.0.5359.99)
For documentation on this error, please visit: https://selenium.dev/exceptions/#no_such_element
Build info: version: &apos;4.1.3&apos;, revision: &apos;7b1ebf28ef&apos;
System info: host: &apos;IN-5W1SP13&apos;, ip: &apos;192.168.0.112&apos;, os.name: &apos;Windows 10&apos;, os.arch: &apos;amd64&apos;, os.version: &apos;10.0&apos;, java.version: &apos;11&apos;
Driver info: org.openqa.selenium.chrome.ChromeDriver
Command: [3478f9e0dcf79478bcac985dd8de79ad, findElement {using=xpath, value=//div[@class=&apos;styles__RegisterText-r412un-24 sILEL&apos;]}]
Capabilities {acceptInsecureCerts: false, browserName: chrome, browserVersion: 108.0.5359.99, chrome: {chromedriverVersion: 108.0.5359.71 (1e0e3868ee06..., userDataDir: C:\Users\SAJANS~1\AppData\L...}, goog:chromeOptions: {debuggerAddress: localhost:61636}, javascriptEnabled: true, networkConnectionEnabled: false, pageLoadStrategy: normal, platform: WINDOWS, platformName: WINDOWS, proxy: Proxy(), se:cdp: ws://localhost:61636/devtoo..., se:cdpVersion: 108.0.5359.99, setWindowRect: true, strictFileInteractability: false, timeouts: {implicit: 0, pageLoad: 300000, script: 30000}, unhandledPromptBehavior: dismiss and notify, webauthn:extension:credBlob: true, webauthn:extension:largeBlob: true, webauthn:virtualAuthenticators: true}
Session ID: 3478f9e0dcf79478bcac985dd8de79ad
	at org.openqa.selenium.remote.codec.w3c.W3CHttpResponseCodec.createException(W3CHttpResponseCodec.java:200)
	at org.openqa.selenium.remote.codec.w3c.W3CHttpResponseCodec.decode(W3CHttpResponseCodec.java:133)
	at org.openqa.selenium.remote.codec.w3c.W3CHttpResponseCodec.decode(W3CHttpResponseCodec.java:53)
	at org.openqa.selenium.remote.HttpCommandExecutor.execute(HttpCommandExecutor.java:184)
	at org.openqa.selenium.remote.service.DriverCommandExecutor.invokeExecute(DriverCommandExecutor.java:167)
	at org.openqa.selenium.remote.service.DriverCommandExecutor.execute(DriverCommandExecutor.java:142)
	at org.openqa.selenium.remote.RemoteWebDriver.execute(RemoteWebDriver.java:567)
	at org.openqa.selenium.remote.ElementLocation$ElementFinder$2.findElement(ElementLocation.java:162)
	at org.openqa.selenium.remote.ElementLocation.findElement(ElementLocation.java:60)
	at org.openqa.selenium.remote.RemoteWebDriver.findElement(RemoteWebDriver.java:385)
	at org.openqa.selenium.remote.RemoteWebDriver.findElement(RemoteWebDriver.java:377)
	at org.openqa.selenium.support.pagefactory.DefaultElementLocator.findElement(DefaultElementLocator.java:70)
	at org.openqa.selenium.support.pagefactory.internal.LocatingElementHandler.invoke(LocatingElementHandler.java:39)
	at com.sun.proxy.$Proxy18.click(Unknown Source)
	at Flipkartpages.sellerspage.ClickRegister(sellerspage.java:45)
	at flipkarttests.sellerstest.invalidseller2(sellerstest.java:51)
	at java.base/java.util.ArrayList.forEach(ArrayList.java:1540)
... Removed 31 stack frames</div></td></tr></table><p class="totop"><a href="#summary">back to summary</a></p>
<h3 id="m4">flipkarttests.sellerstest#invalidseller3</h3><table class="result"><tr><th>Exception</th></tr><tr><td><div class="stacktrace">org.openqa.selenium.NoSuchElementException: no such element: Unable to locate element: {&quot;method&quot;:&quot;xpath&quot;,&quot;selector&quot;:&quot;//div[@class=&apos;styles__RegisterText-r412un-24 sILEL&apos;]&quot;}
  (Session info: chrome=108.0.5359.99)
For documentation on this error, please visit: https://selenium.dev/exceptions/#no_such_element
Build info: version: &apos;4.1.3&apos;, revision: &apos;7b1ebf28ef&apos;
System info: host: &apos;IN-5W1SP13&apos;, ip: &apos;192.168.0.112&apos;, os.name: &apos;Windows 10&apos;, os.arch: &apos;amd64&apos;, os.version: &apos;10.0&apos;, java.version: &apos;11&apos;
Driver info: org.openqa.selenium.chrome.ChromeDriver
Command: [3da0f12e4759ad56b1963a52dfbad950, findElement {using=xpath, value=//div[@class=&apos;styles__RegisterText-r412un-24 sILEL&apos;]}]
Capabilities {acceptInsecureCerts: false, browserName: chrome, browserVersion: 108.0.5359.99, chrome: {chromedriverVersion: 108.0.5359.71 (1e0e3868ee06..., userDataDir: C:\Users\SAJANS~1\AppData\L...}, goog:chromeOptions: {debuggerAddress: localhost:61765}, javascriptEnabled: true, networkConnectionEnabled: false, pageLoadStrategy: normal, platform: WINDOWS, platformName: WINDOWS, proxy: Proxy(), se:cdp: ws://localhost:61765/devtoo..., se:cdpVersion: 108.0.5359.99, setWindowRect: true, strictFileInteractability: false, timeouts: {implicit: 0, pageLoad: 300000, script: 30000}, unhandledPromptBehavior: dismiss and notify, webauthn:extension:credBlob: true, webauthn:extension:largeBlob: true, webauthn:virtualAuthenticators: true}
Session ID: 3da0f12e4759ad56b1963a52dfbad950
	at org.openqa.selenium.remote.codec.w3c.W3CHttpResponseCodec.createException(W3CHttpResponseCodec.java:200)
	at org.openqa.selenium.remote.codec.w3c.W3CHttpResponseCodec.decode(W3CHttpResponseCodec.java:133)
	at org.openqa.selenium.remote.codec.w3c.W3CHttpResponseCodec.decode(W3CHttpResponseCodec.java:53)
	at org.openqa.selenium.remote.HttpCommandExecutor.execute(HttpCommandExecutor.java:184)
	at org.openqa.selenium.remote.service.DriverCommandExecutor.invokeExecute(DriverCommandExecutor.java:167)
	at org.openqa.selenium.remote.service.DriverCommandExecutor.execute(DriverCommandExecutor.java:142)
	at org.openqa.selenium.remote.RemoteWebDriver.execute(RemoteWebDriver.java:567)
	at org.openqa.selenium.remote.ElementLocation$ElementFinder$2.findElement(ElementLocation.java:162)
	at org.openqa.selenium.remote.ElementLocation.findElement(ElementLocation.java:60)
	at org.openqa.selenium.remote.RemoteWebDriver.findElement(RemoteWebDriver.java:385)
	at org.openqa.selenium.remote.RemoteWebDriver.findElement(RemoteWebDriver.java:377)
	at org.openqa.selenium.support.pagefactory.DefaultElementLocator.findElement(DefaultElementLocator.java:70)
	at org.openqa.selenium.support.pagefactory.internal.LocatingElementHandler.invoke(LocatingElementHandler.java:39)
	at com.sun.proxy.$Proxy18.click(Unknown Source)
	at Flipkartpages.sellerspage.ClickRegister(sellerspage.java:45)
	at flipkarttests.sellerstest.invalidseller3(sellerstest.java:67)
	at java.base/java.util.ArrayList.forEach(ArrayList.java:1540)
... Removed 31 stack frames</div></td></tr></table><p class="totop"><a href="#summary">back to summary</a></p>
<h3 id="m5">flipkarttests.sellerstest#validseller</h3><table class="result"><tr><th>Exception</th></tr><tr><td><div class="stacktrace">org.openqa.selenium.NoSuchElementException: no such element: Unable to locate element: {&quot;method&quot;:&quot;xpath&quot;,&quot;selector&quot;:&quot;//div[@class=&apos;styles__RegisterText-r412un-24 sILEL&apos;]&quot;}
  (Session info: chrome=108.0.5359.99)
For documentation on this error, please visit: https://selenium.dev/exceptions/#no_such_element
Build info: version: &apos;4.1.3&apos;, revision: &apos;7b1ebf28ef&apos;
System info: host: &apos;IN-5W1SP13&apos;, ip: &apos;192.168.0.112&apos;, os.name: &apos;Windows 10&apos;, os.arch: &apos;amd64&apos;, os.version: &apos;10.0&apos;, java.version: &apos;11&apos;
Driver info: org.openqa.selenium.chrome.ChromeDriver
Command: [b7adc0114fb423f6932c63e37464bbad, findElement {using=xpath, value=//div[@class=&apos;styles__RegisterText-r412un-24 sILEL&apos;]}]
Capabilities {acceptInsecureCerts: false, browserName: chrome, browserVersion: 108.0.5359.99, chrome: {chromedriverVersion: 108.0.5359.71 (1e0e3868ee06..., userDataDir: C:\Users\SAJANS~1\AppData\L...}, goog:chromeOptions: {debuggerAddress: localhost:61360}, javascriptEnabled: true, networkConnectionEnabled: false, pageLoadStrategy: normal, platform: WINDOWS, platformName: WINDOWS, proxy: Proxy(), se:cdp: ws://localhost:61360/devtoo..., se:cdpVersion: 108.0.5359.99, setWindowRect: true, strictFileInteractability: false, timeouts: {implicit: 0, pageLoad: 300000, script: 30000}, unhandledPromptBehavior: dismiss and notify, webauthn:extension:credBlob: true, webauthn:extension:largeBlob: true, webauthn:virtualAuthenticators: true}
Session ID: b7adc0114fb423f6932c63e37464bbad
	at org.openqa.selenium.remote.codec.w3c.W3CHttpResponseCodec.createException(W3CHttpResponseCodec.java:200)
	at org.openqa.selenium.remote.codec.w3c.W3CHttpResponseCodec.decode(W3CHttpResponseCodec.java:133)
	at org.openqa.selenium.remote.codec.w3c.W3CHttpResponseCodec.decode(W3CHttpResponseCodec.java:53)
	at org.openqa.selenium.remote.HttpCommandExecutor.execute(HttpCommandExecutor.java:184)
	at org.openqa.selenium.remote.service.DriverCommandExecutor.invokeExecute(DriverCommandExecutor.java:167)
	at org.openqa.selenium.remote.service.DriverCommandExecutor.execute(DriverCommandExecutor.java:142)
	at org.openqa.selenium.remote.RemoteWebDriver.execute(RemoteWebDriver.java:567)
	at org.openqa.selenium.remote.ElementLocation$ElementFinder$2.findElement(ElementLocation.java:162)
	at org.openqa.selenium.remote.ElementLocation.findElement(ElementLocation.java:60)
	at org.openqa.selenium.remote.RemoteWebDriver.findElement(RemoteWebDriver.java:385)
	at org.openqa.selenium.remote.RemoteWebDriver.findElement(RemoteWebDriver.java:377)
	at org.openqa.selenium.support.pagefactory.DefaultElementLocator.findElement(DefaultElementLocator.java:70)
	at org.openqa.selenium.support.pagefactory.internal.LocatingElementHandler.invoke(LocatingElementHandler.java:39)
	at com.sun.proxy.$Proxy18.click(Unknown Source)
	at Flipkartpages.sellerspage.ClickRegister(sellerspage.java:45)
	at flipkarttests.sellerstest.validseller(sellerstest.java:20)
	at java.base/java.util.ArrayList.forEach(ArrayList.java:1540)
... Removed 31 stack frames</div></td></tr></table><p class="totop"><a href="#summary">back to summary</a></p>
<h3 id="m6">flipkarttests.logintest#invalidLogin5</h3><table class="result"><tr><th class="invisible"/></tr></table><p class="totop"><a href="#summary">back to summary</a></p>
<h3 id="m7">flipkarttests.logintest#invalidLogin6</h3><table class="result"><tr><th class="invisible"/></tr></table><p class="totop"><a href="#summary">back to summary</a></p>
<h3 id="m8">flipkarttests.logintest#invalidcredentialLogin1</h3><table class="result"><tr><th class="invisible"/></tr></table><p class="totop"><a href="#summary">back to summary</a></p>
<h3 id="m9">flipkarttests.logintest#invalidcredentialLogin2</h3><table class="result"><tr><th class="invisible"/></tr></table><p class="totop"><a href="#summary">back to summary</a></p>
<h3 id="m10">flipkarttests.logintest#invalidcredentialLogin4</h3><table class="result"><tr><th class="invisible"/></tr></table><p class="totop"><a href="#summary">back to summary</a></p>
<h3 id="m11">flipkarttests.logintest#validcredentialLogin</h3><table class="result"><tr><th class="invisible"/></tr></table><p class="totop"><a href="#summary">back to summary</a></p>
<h3 id="m12">flipkarttests.productsearchtest#searchepmtyproduct</h3><table class="result"><tr><th class="invisible"/></tr></table><p class="totop"><a href="#summary">back to summary</a></p>
<h3 id="m13">flipkarttests.productsearchtest#searchproduct</h3><table class="result"><tr><th class="invisible"/></tr></table><p class="totop"><a href="#summary">back to summary</a></p>
<h3 id="m14">flipkarttests.productsearchtest#searchwrongproduct</h3><table class="result"><tr><th class="invisible"/></tr></table><p class="totop"><a href="#summary">back to summary</a></p>
<h3 id="m15">flipkarttests.showcarttest#showcart</h3><table class="result"><tr><th class="invisible"/></tr></table><p class="totop"><a href="#summary">back to summary</a></p>
<h3 id="m16">flipkarttests.signupcredentialstest#emptysignupcredential</h3><table class="result"><tr><th class="invisible"/></tr></table><p class="totop"><a href="#summary">back to summary</a></p>
<h3 id="m17">flipkarttests.signupcredentialstest#invalidsignUpcredential1</h3><table class="result"><tr><th class="invisible"/></tr></table><p class="totop"><a href="#summary">back to summary</a></p>
<h3 id="m18">flipkarttests.signupcredentialstest#invalidsignUpcredential2</h3><table class="result"><tr><th class="invisible"/></tr></table><p class="totop"><a href="#summary">back to summary</a></p>
<h3 id="m19">flipkarttests.signupcredentialstest#invalidsignUpcredential3</h3><table class="result"><tr><th class="invisible"/></tr></table><p class="totop"><a href="#summary">back to summary</a></p>
<h3 id="m20">flipkarttests.signupcredentialstest#validsignUpcredential</h3><table class="result"><tr><th class="invisible"/></tr></table><p class="totop"><a href="#summary">back to summary</a></p>
</body>
</html>
