<!DOCTYPE html>

<html>
  <head>
  <meta charset='utf-8'>
  <title>TestNG reports</title>

    <link type="text/css" href="testng-reports1.css" rel="stylesheet" id="ultra" />
    <link type="text/css" href="testng-reports.css" rel="stylesheet" id="retro" disabled="false"/>
    <script type="text/javascript" src="jquery.min.js"></script>
    <script type="text/javascript" src="testng-reports.js"></script>
    <script type="text/javascript" src="https://www.google.com/jsapi"></script>
    <script type='text/javascript'>
      google.load('visualization', '1', {packages:['table']});
      google.setOnLoadCallback(drawTable);
      var suiteTableInitFunctions = new Array();
      var suiteTableData = new Array();
    </script>
    <!--
      <script type="text/javascript" src="jquery-ui/js/jquery-ui-1.8.16.custom.min.js"></script>
     -->
  </head>

  <body>
    <div class="top-banner-root">
      <span class="top-banner-title-font">Test results</span>
      <button id="button" class="button">Switch Retro Theme</button> <!-- button -->
      <br/>
      <span class="top-banner-font-1">1 suite, 6 failed tests</span>
    </div> <!-- top-banner-root -->
    <div class="navigator-root">
      <div class="navigator-suite-header">
        <span>All suites</span>
        <a href="#" title="Collapse/expand all the suites" class="collapse-all-link">
          <img src="collapseall.gif" class="collapse-all-icon">
          </img> <!-- collapse-all-icon -->
        </a> <!-- collapse-all-link -->
      </div> <!-- navigator-suite-header -->
      <div class="suite">
        <div class="rounded-window">
          <div class="suite-header light-rounded-window-top">
            <a href="#" panel-name="suite-Suite" class="navigator-link">
              <span class="suite-name border-failed">Suite</span>
            </a> <!-- navigator-link -->
          </div> <!-- suite-header light-rounded-window-top -->
          <div class="navigator-suite-content">
            <div class="suite-section-title">
              <span>Info</span>
            </div> <!-- suite-section-title -->
            <div class="suite-section-content">
              <ul>
                <li>
                  <a href="#" panel-name="test-xml-Suite" class="navigator-link ">
                    <span>C:\Users\sajansingh\eclipse-workspace\Flipkart_Automation\testng.xml</span>
                  </a> <!-- navigator-link  -->
                </li>
                <li>
                  <a href="#" panel-name="testlist-Suite" class="navigator-link ">
                    <span class="test-stats">1 test</span>
                  </a> <!-- navigator-link  -->
                </li>
                <li>
                  <a href="#" panel-name="group-Suite" class="navigator-link ">
                    <span>4 groups</span>
                  </a> <!-- navigator-link  -->
                </li>
                <li>
                  <a href="#" panel-name="times-Suite" class="navigator-link ">
                    <span>Times</span>
                  </a> <!-- navigator-link  -->
                </li>
                <li>
                  <a href="#" panel-name="reporter-Suite" class="navigator-link ">
                    <span>Reporter output</span>
                  </a> <!-- navigator-link  -->
                </li>
                <li>
                  <a href="#" panel-name="ignored-methods-Suite" class="navigator-link ">
                    <span>Ignored methods</span>
                  </a> <!-- navigator-link  -->
                </li>
                <li>
                  <a href="#" panel-name="chronological-Suite" class="navigator-link ">
                    <span>Chronological view</span>
                  </a> <!-- navigator-link  -->
                </li>
              </ul>
            </div> <!-- suite-section-content -->
            <div class="result-section">
              <div class="suite-section-title">
                <span>Results</span>
              </div> <!-- suite-section-title -->
              <div class="suite-section-content">
                <ul>
                  <li>
                    <span class="method-stats">21 methods, 6 failed,   15 passed</span>
                  </li>
                  <li>
                    <span class="method-list-title failed">Failed methods</span>
                    <span class="show-or-hide-methods failed">
                      <a href="#" panel-name="suite-Suite" class="hide-methods failed suite-Suite"> (hide)</a> <!-- hide-methods failed suite-Suite -->
                      <a href="#" panel-name="suite-Suite" class="show-methods failed suite-Suite"> (show)</a> <!-- show-methods failed suite-Suite -->
                    </span>
                    <div class="method-list-content failed suite-Suite">
                      <span>
                        <img src="failed.png" width="3%"/>
                        <a href="#" panel-name="suite-Suite" title="flipkarttests.comparisonproducttest" class="method navigator-link" hash-for-method="AddItem">AddItem</a> <!-- method navigator-link -->
                      </span>
                      <br/>
                      <span>
                        <img src="failed.png" width="3%"/>
                        <a href="#" panel-name="suite-Suite" title="flipkarttests.sellerstest" class="method navigator-link" hash-for-method="invalidseller1">invalidseller1</a> <!-- method navigator-link -->
                      </span>
                      <br/>
                      <span>
                        <img src="failed.png" width="3%"/>
                        <a href="#" panel-name="suite-Suite" title="flipkarttests.sellerstest" class="method navigator-link" hash-for-method="invalidseller2">invalidseller2</a> <!-- method navigator-link -->
                      </span>
                      <br/>
                      <span>
                        <img src="failed.png" width="3%"/>
                        <a href="#" panel-name="suite-Suite" title="flipkarttests.sellerstest" class="method navigator-link" hash-for-method="invalidseller3">invalidseller3</a> <!-- method navigator-link -->
                      </span>
                      <br/>
                      <span>
                        <img src="failed.png" width="3%"/>
                        <a href="#" panel-name="suite-Suite" title="flipkarttests.productitemoffertest" class="method navigator-link" hash-for-method="validLogin">validLogin</a> <!-- method navigator-link -->
                      </span>
                      <br/>
                      <span>
                        <img src="failed.png" width="3%"/>
                        <a href="#" panel-name="suite-Suite" title="flipkarttests.sellerstest" class="method navigator-link" hash-for-method="validseller">validseller</a> <!-- method navigator-link -->
                      </span>
                      <br/>
                    </div> <!-- method-list-content failed suite-Suite -->
                  </li>
                  <li>
                    <span class="method-list-title passed">Passed methods</span>
                    <span class="show-or-hide-methods passed">
                      <a href="#" panel-name="suite-Suite" class="hide-methods passed suite-Suite"> (hide)</a> <!-- hide-methods passed suite-Suite -->
                      <a href="#" panel-name="suite-Suite" class="show-methods passed suite-Suite"> (show)</a> <!-- show-methods passed suite-Suite -->
                    </span>
                    <div class="method-list-content passed suite-Suite">
                      <span>
                        <img src="passed.png" width="3%"/>
                        <a href="#" panel-name="suite-Suite" title="flipkarttests.signupcredentialstest" class="method navigator-link" hash-for-method="emptysignupcredential">emptysignupcredential</a> <!-- method navigator-link -->
                      </span>
                      <br/>
                      <span>
                        <img src="passed.png" width="3%"/>
                        <a href="#" panel-name="suite-Suite" title="flipkarttests.logintest" class="method navigator-link" hash-for-method="invalidLogin5">invalidLogin5</a> <!-- method navigator-link -->
                      </span>
                      <br/>
                      <span>
                        <img src="passed.png" width="3%"/>
                        <a href="#" panel-name="suite-Suite" title="flipkarttests.logintest" class="method navigator-link" hash-for-method="invalidLogin6">invalidLogin6</a> <!-- method navigator-link -->
                      </span>
                      <br/>
                      <span>
                        <img src="passed.png" width="3%"/>
                        <a href="#" panel-name="suite-Suite" title="flipkarttests.logintest" class="method navigator-link" hash-for-method="invalidcredentialLogin1">invalidcredentialLogin1</a> <!-- method navigator-link -->
                      </span>
                      <br/>
                      <span>
                        <img src="passed.png" width="3%"/>
                        <a href="#" panel-name="suite-Suite" title="flipkarttests.logintest" class="method navigator-link" hash-for-method="invalidcredentialLogin2">invalidcredentialLogin2</a> <!-- method navigator-link -->
                      </span>
                      <br/>
                      <span>
                        <img src="passed.png" width="3%"/>
                        <a href="#" panel-name="suite-Suite" title="flipkarttests.logintest" class="method navigator-link" hash-for-method="invalidcredentialLogin4">invalidcredentialLogin4</a> <!-- method navigator-link -->
                      </span>
                      <br/>
                      <span>
                        <img src="passed.png" width="3%"/>
                        <a href="#" panel-name="suite-Suite" title="flipkarttests.signupcredentialstest" class="method navigator-link" hash-for-method="invalidsignUpcredential1">invalidsignUpcredential1</a> <!-- method navigator-link -->
                      </span>
                      <br/>
                      <span>
                        <img src="passed.png" width="3%"/>
                        <a href="#" panel-name="suite-Suite" title="flipkarttests.signupcredentialstest" class="method navigator-link" hash-for-method="invalidsignUpcredential2">invalidsignUpcredential2</a> <!-- method navigator-link -->
                      </span>
                      <br/>
                      <span>
                        <img src="passed.png" width="3%"/>
                        <a href="#" panel-name="suite-Suite" title="flipkarttests.signupcredentialstest" class="method navigator-link" hash-for-method="invalidsignUpcredential3">invalidsignUpcredential3</a> <!-- method navigator-link -->
                      </span>
                      <br/>
                      <span>
                        <img src="passed.png" width="3%"/>
                        <a href="#" panel-name="suite-Suite" title="flipkarttests.productsearchtest" class="method navigator-link" hash-for-method="searchepmtyproduct">searchepmtyproduct</a> <!-- method navigator-link -->
                      </span>
                      <br/>
                      <span>
                        <img src="passed.png" width="3%"/>
                        <a href="#" panel-name="suite-Suite" title="flipkarttests.productsearchtest" class="method navigator-link" hash-for-method="searchproduct">searchproduct</a> <!-- method navigator-link -->
                      </span>
                      <br/>
                      <span>
                        <img src="passed.png" width="3%"/>
                        <a href="#" panel-name="suite-Suite" title="flipkarttests.productsearchtest" class="method navigator-link" hash-for-method="searchwrongproduct">searchwrongproduct</a> <!-- method navigator-link -->
                      </span>
                      <br/>
                      <span>
                        <img src="passed.png" width="3%"/>
                        <a href="#" panel-name="suite-Suite" title="flipkarttests.showcarttest" class="method navigator-link" hash-for-method="showcart">showcart</a> <!-- method navigator-link -->
                      </span>
                      <br/>
                      <span>
                        <img src="passed.png" width="3%"/>
                        <a href="#" panel-name="suite-Suite" title="flipkarttests.logintest" class="method navigator-link" hash-for-method="validcredentialLogin">validcredentialLogin</a> <!-- method navigator-link -->
                      </span>
                      <br/>
                      <span>
                        <img src="passed.png" width="3%"/>
                        <a href="#" panel-name="suite-Suite" title="flipkarttests.signupcredentialstest" class="method navigator-link" hash-for-method="validsignUpcredential">validsignUpcredential</a> <!-- method navigator-link -->
                      </span>
                      <br/>
                    </div> <!-- method-list-content passed suite-Suite -->
                  </li>
                </ul>
              </div> <!-- suite-section-content -->
            </div> <!-- result-section -->
          </div> <!-- navigator-suite-content -->
        </div> <!-- rounded-window -->
      </div> <!-- suite -->
    </div> <!-- navigator-root -->
    <div class="wrapper">
      <div class="main-panel-root">
        <div panel-name="suite-Suite" class="panel Suite">
          <div class="suite-Suite-class-failed">
            <div class="main-panel-header rounded-window-top">
              <img src="failed.png"/>
              <span class="class-name">flipkarttests.productitemoffertest</span>
            </div> <!-- main-panel-header rounded-window-top -->
            <div class="main-panel-content rounded-window-bottom">
              <div class="method">
                <div class="method-content">
                  <a name="validLogin">
                  </a> <!-- validLogin -->
                  <span class="method-name">validLogin</span>
                  <div class="stack-trace">org.openqa.selenium.NoSuchElementException: no such element: Unable to locate element: {&quot;method&quot;:&quot;xpath&quot;,&quot;selector&quot;:&quot;/html[1]/body[1]/div[1]/div[1]/div[3]/div[2]/div[1]/div[1]/div[1]/div[2]/a[1]&quot;}
  (Session info: chrome=108.0.5359.99)
For documentation on this error, please visit: https://selenium.dev/exceptions/#no_such_element
Build info: version: &apos;4.1.3&apos;, revision: &apos;7b1ebf28ef&apos;
System info: host: &apos;IN-5W1SP13&apos;, ip: &apos;192.168.0.112&apos;, os.name: &apos;Windows 10&apos;, os.arch: &apos;amd64&apos;, os.version: &apos;10.0&apos;, java.version: &apos;11&apos;
Driver info: org.openqa.selenium.chrome.ChromeDriver
Command: [27281bc5f8e63d5e5e2d06ddacacab39, findElement {using=xpath, value=/html[1]/body[1]/div[1]/div[1]/div[3]/div[2]/div[1]/div[1]/div[1]/div[2]/a[1]}]
Capabilities {acceptInsecureCerts: false, browserName: chrome, browserVersion: 108.0.5359.99, chrome: {chromedriverVersion: 108.0.5359.71 (1e0e3868ee06..., userDataDir: C:\Users\SAJANS~1\AppData\L...}, goog:chromeOptions: {debuggerAddress: localhost:61172}, javascriptEnabled: true, networkConnectionEnabled: false, pageLoadStrategy: normal, platform: WINDOWS, platformName: WINDOWS, proxy: Proxy(), se:cdp: ws://localhost:61172/devtoo..., se:cdpVersion: 108.0.5359.99, setWindowRect: true, strictFileInteractability: false, timeouts: {implicit: 0, pageLoad: 300000, script: 30000}, unhandledPromptBehavior: dismiss and notify, webauthn:extension:credBlob: true, webauthn:extension:largeBlob: true, webauthn:virtualAuthenticators: true}
Session ID: 27281bc5f8e63d5e5e2d06ddacacab39
	at org.openqa.selenium.remote.codec.w3c.W3CHttpResponseCodec.createException(W3CHttpResponseCodec.java:200)
	at org.openqa.selenium.remote.codec.w3c.W3CHttpResponseCodec.decode(W3CHttpResponseCodec.java:133)
	at org.openqa.selenium.remote.codec.w3c.W3CHttpResponseCodec.decode(W3CHttpResponseCodec.java:53)
	at org.openqa.selenium.remote.HttpCommandExecutor.execute(HttpCommandExecutor.java:184)
	at org.openqa.selenium.remote.service.DriverCommandExecutor.invokeExecute(DriverCommandExecutor.java:167)
	at org.openqa.selenium.remote.service.DriverCommandExecutor.execute(DriverCommandExecutor.java:142)
	at org.openqa.selenium.remote.RemoteWebDriver.execute(RemoteWebDriver.java:567)
	at org.openqa.selenium.remote.ElementLocation$ElementFinder$2.findElement(ElementLocation.java:162)
	at org.openqa.selenium.remote.ElementLocation.findElement(ElementLocation.java:60)
	at org.openqa.selenium.remote.RemoteWebDriver.findElement(RemoteWebDriver.java:385)
	at org.openqa.selenium.remote.RemoteWebDriver.findElement(RemoteWebDriver.java:377)
	at org.openqa.selenium.support.pagefactory.DefaultElementLocator.findElement(DefaultElementLocator.java:70)
	at org.openqa.selenium.support.pagefactory.internal.LocatingElementHandler.invoke(LocatingElementHandler.java:39)
	at com.sun.proxy.$Proxy18.click(Unknown Source)
	at Flipkartpages.productitemofferpage.ClickViewAll(productitemofferpage.java:58)
	at flipkarttests.productitemoffertest.validLogin(productitemoffertest.java:20)
	at java.base/java.util.ArrayList.forEach(ArrayList.java:1540)
... Removed 31 stack frames
</div> <!-- stack-trace -->
                </div> <!-- method-content -->
              </div> <!-- method -->
            </div> <!-- main-panel-content rounded-window-bottom -->
          </div> <!-- suite-Suite-class-failed -->
          <div class="suite-Suite-class-failed">
            <div class="main-panel-header rounded-window-top">
              <img src="failed.png"/>
              <span class="class-name">flipkarttests.comparisonproducttest</span>
            </div> <!-- main-panel-header rounded-window-top -->
            <div class="main-panel-content rounded-window-bottom">
              <div class="method">
                <div class="method-content">
                  <a name="AddItem">
                  </a> <!-- AddItem -->
                  <span class="method-name">AddItem</span>
                  <div class="stack-trace">org.openqa.selenium.NoSuchElementException: no such element: Unable to locate element: {&quot;method&quot;:&quot;xpath&quot;,&quot;selector&quot;:&quot;//div[@class=&apos;_1YokD2 _3Mn1Gg&apos;]//div[2]//div[1]//div[1]//div[1]//a[1]//div[1]//div[2]//div[1]//label[1]//span[1]&quot;}
  (Session info: chrome=108.0.5359.99)
For documentation on this error, please visit: https://selenium.dev/exceptions/#no_such_element
Build info: version: &apos;4.1.3&apos;, revision: &apos;7b1ebf28ef&apos;
System info: host: &apos;IN-5W1SP13&apos;, ip: &apos;192.168.0.112&apos;, os.name: &apos;Windows 10&apos;, os.arch: &apos;amd64&apos;, os.version: &apos;10.0&apos;, java.version: &apos;11&apos;
Driver info: org.openqa.selenium.chrome.ChromeDriver
Command: [ab28fc955b18072c6be0d0388ba84d0c, findElement {using=xpath, value=//div[@class=&apos;_1YokD2 _3Mn1Gg&apos;]//div[2]//div[1]//div[1]//div[1]//a[1]//div[1]//div[2]//div[1]//label[1]//span[1]}]
Capabilities {acceptInsecureCerts: false, browserName: chrome, browserVersion: 108.0.5359.99, chrome: {chromedriverVersion: 108.0.5359.71 (1e0e3868ee06..., userDataDir: C:\Users\SAJANS~1\AppData\L...}, goog:chromeOptions: {debuggerAddress: localhost:61245}, javascriptEnabled: true, networkConnectionEnabled: false, pageLoadStrategy: normal, platform: WINDOWS, platformName: WINDOWS, proxy: Proxy(), se:cdp: ws://localhost:61245/devtoo..., se:cdpVersion: 108.0.5359.99, setWindowRect: true, strictFileInteractability: false, timeouts: {implicit: 0, pageLoad: 300000, script: 30000}, unhandledPromptBehavior: dismiss and notify, webauthn:extension:credBlob: true, webauthn:extension:largeBlob: true, webauthn:virtualAuthenticators: true}
Session ID: ab28fc955b18072c6be0d0388ba84d0c
	at org.openqa.selenium.remote.codec.w3c.W3CHttpResponseCodec.createException(W3CHttpResponseCodec.java:200)
	at org.openqa.selenium.remote.codec.w3c.W3CHttpResponseCodec.decode(W3CHttpResponseCodec.java:133)
	at org.openqa.selenium.remote.codec.w3c.W3CHttpResponseCodec.decode(W3CHttpResponseCodec.java:53)
	at org.openqa.selenium.remote.HttpCommandExecutor.execute(HttpCommandExecutor.java:184)
	at org.openqa.selenium.remote.service.DriverCommandExecutor.invokeExecute(DriverCommandExecutor.java:167)
	at org.openqa.selenium.remote.service.DriverCommandExecutor.execute(DriverCommandExecutor.java:142)
	at org.openqa.selenium.remote.RemoteWebDriver.execute(RemoteWebDriver.java:567)
	at org.openqa.selenium.remote.ElementLocation$ElementFinder$2.findElement(ElementLocation.java:162)
	at org.openqa.selenium.remote.ElementLocation.findElement(ElementLocation.java:60)
	at org.openqa.selenium.remote.RemoteWebDriver.findElement(RemoteWebDriver.java:385)
	at org.openqa.selenium.remote.RemoteWebDriver.findElement(RemoteWebDriver.java:377)
	at org.openqa.selenium.support.pagefactory.DefaultElementLocator.findElement(DefaultElementLocator.java:70)
	at org.openqa.selenium.support.pagefactory.internal.LocatingElementHandler.invoke(LocatingElementHandler.java:39)
	at com.sun.proxy.$Proxy18.click(Unknown Source)
	at Flipkartpages.comparisonproductpage.ClickCheckbox(comparisonproductpage.java:49)
	at flipkarttests.comparisonproducttest.AddItem(comparisonproducttest.java:23)
	at java.base/java.util.ArrayList.forEach(ArrayList.java:1540)
... Removed 31 stack frames
</div> <!-- stack-trace -->
                </div> <!-- method-content -->
              </div> <!-- method -->
            </div> <!-- main-panel-content rounded-window-bottom -->
          </div> <!-- suite-Suite-class-failed -->
          <div class="suite-Suite-class-failed">
            <div class="main-panel-header rounded-window-top">
              <img src="failed.png"/>
              <span class="class-name">flipkarttests.sellerstest</span>
            </div> <!-- main-panel-header rounded-window-top -->
            <div class="main-panel-content rounded-window-bottom">
              <div class="method">
                <div class="method-content">
                  <a name="invalidseller1">
                  </a> <!-- invalidseller1 -->
                  <span class="method-name">invalidseller1</span>
                  <div class="stack-trace">org.openqa.selenium.NoSuchElementException: no such element: Unable to locate element: {&quot;method&quot;:&quot;xpath&quot;,&quot;selector&quot;:&quot;//div[@class=&apos;styles__RegisterText-r412un-24 sILEL&apos;]&quot;}
  (Session info: chrome=108.0.5359.99)
For documentation on this error, please visit: https://selenium.dev/exceptions/#no_such_element
Build info: version: &apos;4.1.3&apos;, revision: &apos;7b1ebf28ef&apos;
System info: host: &apos;IN-5W1SP13&apos;, ip: &apos;192.168.0.112&apos;, os.name: &apos;Windows 10&apos;, os.arch: &apos;amd64&apos;, os.version: &apos;10.0&apos;, java.version: &apos;11&apos;
Driver info: org.openqa.selenium.chrome.ChromeDriver
Command: [0b748e13d7234cac8aa3de7c087f28a6, findElement {using=xpath, value=//div[@class=&apos;styles__RegisterText-r412un-24 sILEL&apos;]}]
Capabilities {acceptInsecureCerts: false, browserName: chrome, browserVersion: 108.0.5359.99, chrome: {chromedriverVersion: 108.0.5359.71 (1e0e3868ee06..., userDataDir: C:\Users\SAJANS~1\AppData\L...}, goog:chromeOptions: {debuggerAddress: localhost:61530}, javascriptEnabled: true, networkConnectionEnabled: false, pageLoadStrategy: normal, platform: WINDOWS, platformName: WINDOWS, proxy: Proxy(), se:cdp: ws://localhost:61530/devtoo..., se:cdpVersion: 108.0.5359.99, setWindowRect: true, strictFileInteractability: false, timeouts: {implicit: 0, pageLoad: 300000, script: 30000}, unhandledPromptBehavior: dismiss and notify, webauthn:extension:credBlob: true, webauthn:extension:largeBlob: true, webauthn:virtualAuthenticators: true}
Session ID: 0b748e13d7234cac8aa3de7c087f28a6
	at org.openqa.selenium.remote.codec.w3c.W3CHttpResponseCodec.createException(W3CHttpResponseCodec.java:200)
	at org.openqa.selenium.remote.codec.w3c.W3CHttpResponseCodec.decode(W3CHttpResponseCodec.java:133)
	at org.openqa.selenium.remote.codec.w3c.W3CHttpResponseCodec.decode(W3CHttpResponseCodec.java:53)
	at org.openqa.selenium.remote.HttpCommandExecutor.execute(HttpCommandExecutor.java:184)
	at org.openqa.selenium.remote.service.DriverCommandExecutor.invokeExecute(DriverCommandExecutor.java:167)
	at org.openqa.selenium.remote.service.DriverCommandExecutor.execute(DriverCommandExecutor.java:142)
	at org.openqa.selenium.remote.RemoteWebDriver.execute(RemoteWebDriver.java:567)
	at org.openqa.selenium.remote.ElementLocation$ElementFinder$2.findElement(ElementLocation.java:162)
	at org.openqa.selenium.remote.ElementLocation.findElement(ElementLocation.java:60)
	at org.openqa.selenium.remote.RemoteWebDriver.findElement(RemoteWebDriver.java:385)
	at org.openqa.selenium.remote.RemoteWebDriver.findElement(RemoteWebDriver.java:377)
	at org.openqa.selenium.support.pagefactory.DefaultElementLocator.findElement(DefaultElementLocator.java:70)
	at org.openqa.selenium.support.pagefactory.internal.LocatingElementHandler.invoke(LocatingElementHandler.java:39)
	at com.sun.proxy.$Proxy18.click(Unknown Source)
	at Flipkartpages.sellerspage.ClickRegister(sellerspage.java:45)
	at flipkarttests.sellerstest.invalidseller1(sellerstest.java:35)
	at java.base/java.util.ArrayList.forEach(ArrayList.java:1540)
... Removed 31 stack frames
</div> <!-- stack-trace -->
                </div> <!-- method-content -->
              </div> <!-- method -->
              <div class="method">
                <div class="method-content">
                  <a name="invalidseller2">
                  </a> <!-- invalidseller2 -->
                  <span class="method-name">invalidseller2</span>
                  <div class="stack-trace">org.openqa.selenium.NoSuchElementException: no such element: Unable to locate element: {&quot;method&quot;:&quot;xpath&quot;,&quot;selector&quot;:&quot;//div[@class=&apos;styles__RegisterText-r412un-24 sILEL&apos;]&quot;}
  (Session info: chrome=108.0.5359.99)
For documentation on this error, please visit: https://selenium.dev/exceptions/#no_such_element
Build info: version: &apos;4.1.3&apos;, revision: &apos;7b1ebf28ef&apos;
System info: host: &apos;IN-5W1SP13&apos;, ip: &apos;192.168.0.112&apos;, os.name: &apos;Windows 10&apos;, os.arch: &apos;amd64&apos;, os.version: &apos;10.0&apos;, java.version: &apos;11&apos;
Driver info: org.openqa.selenium.chrome.ChromeDriver
Command: [3478f9e0dcf79478bcac985dd8de79ad, findElement {using=xpath, value=//div[@class=&apos;styles__RegisterText-r412un-24 sILEL&apos;]}]
Capabilities {acceptInsecureCerts: false, browserName: chrome, browserVersion: 108.0.5359.99, chrome: {chromedriverVersion: 108.0.5359.71 (1e0e3868ee06..., userDataDir: C:\Users\SAJANS~1\AppData\L...}, goog:chromeOptions: {debuggerAddress: localhost:61636}, javascriptEnabled: true, networkConnectionEnabled: false, pageLoadStrategy: normal, platform: WINDOWS, platformName: WINDOWS, proxy: Proxy(), se:cdp: ws://localhost:61636/devtoo..., se:cdpVersion: 108.0.5359.99, setWindowRect: true, strictFileInteractability: false, timeouts: {implicit: 0, pageLoad: 300000, script: 30000}, unhandledPromptBehavior: dismiss and notify, webauthn:extension:credBlob: true, webauthn:extension:largeBlob: true, webauthn:virtualAuthenticators: true}
Session ID: 3478f9e0dcf79478bcac985dd8de79ad
	at org.openqa.selenium.remote.codec.w3c.W3CHttpResponseCodec.createException(W3CHttpResponseCodec.java:200)
	at org.openqa.selenium.remote.codec.w3c.W3CHttpResponseCodec.decode(W3CHttpResponseCodec.java:133)
	at org.openqa.selenium.remote.codec.w3c.W3CHttpResponseCodec.decode(W3CHttpResponseCodec.java:53)
	at org.openqa.selenium.remote.HttpCommandExecutor.execute(HttpCommandExecutor.java:184)
	at org.openqa.selenium.remote.service.DriverCommandExecutor.invokeExecute(DriverCommandExecutor.java:167)
	at org.openqa.selenium.remote.service.DriverCommandExecutor.execute(DriverCommandExecutor.java:142)
	at org.openqa.selenium.remote.RemoteWebDriver.execute(RemoteWebDriver.java:567)
	at org.openqa.selenium.remote.ElementLocation$ElementFinder$2.findElement(ElementLocation.java:162)
	at org.openqa.selenium.remote.ElementLocation.findElement(ElementLocation.java:60)
	at org.openqa.selenium.remote.RemoteWebDriver.findElement(RemoteWebDriver.java:385)
	at org.openqa.selenium.remote.RemoteWebDriver.findElement(RemoteWebDriver.java:377)
	at org.openqa.selenium.support.pagefactory.DefaultElementLocator.findElement(DefaultElementLocator.java:70)
	at org.openqa.selenium.support.pagefactory.internal.LocatingElementHandler.invoke(LocatingElementHandler.java:39)
	at com.sun.proxy.$Proxy18.click(Unknown Source)
	at Flipkartpages.sellerspage.ClickRegister(sellerspage.java:45)
	at flipkarttests.sellerstest.invalidseller2(sellerstest.java:51)
	at java.base/java.util.ArrayList.forEach(ArrayList.java:1540)
... Removed 31 stack frames
</div> <!-- stack-trace -->
                </div> <!-- method-content -->
              </div> <!-- method -->
              <div class="method">
                <div class="method-content">
                  <a name="invalidseller3">
                  </a> <!-- invalidseller3 -->
                  <span class="method-name">invalidseller3</span>
                  <div class="stack-trace">org.openqa.selenium.NoSuchElementException: no such element: Unable to locate element: {&quot;method&quot;:&quot;xpath&quot;,&quot;selector&quot;:&quot;//div[@class=&apos;styles__RegisterText-r412un-24 sILEL&apos;]&quot;}
  (Session info: chrome=108.0.5359.99)
For documentation on this error, please visit: https://selenium.dev/exceptions/#no_such_element
Build info: version: &apos;4.1.3&apos;, revision: &apos;7b1ebf28ef&apos;
System info: host: &apos;IN-5W1SP13&apos;, ip: &apos;192.168.0.112&apos;, os.name: &apos;Windows 10&apos;, os.arch: &apos;amd64&apos;, os.version: &apos;10.0&apos;, java.version: &apos;11&apos;
Driver info: org.openqa.selenium.chrome.ChromeDriver
Command: [3da0f12e4759ad56b1963a52dfbad950, findElement {using=xpath, value=//div[@class=&apos;styles__RegisterText-r412un-24 sILEL&apos;]}]
Capabilities {acceptInsecureCerts: false, browserName: chrome, browserVersion: 108.0.5359.99, chrome: {chromedriverVersion: 108.0.5359.71 (1e0e3868ee06..., userDataDir: C:\Users\SAJANS~1\AppData\L...}, goog:chromeOptions: {debuggerAddress: localhost:61765}, javascriptEnabled: true, networkConnectionEnabled: false, pageLoadStrategy: normal, platform: WINDOWS, platformName: WINDOWS, proxy: Proxy(), se:cdp: ws://localhost:61765/devtoo..., se:cdpVersion: 108.0.5359.99, setWindowRect: true, strictFileInteractability: false, timeouts: {implicit: 0, pageLoad: 300000, script: 30000}, unhandledPromptBehavior: dismiss and notify, webauthn:extension:credBlob: true, webauthn:extension:largeBlob: true, webauthn:virtualAuthenticators: true}
Session ID: 3da0f12e4759ad56b1963a52dfbad950
	at org.openqa.selenium.remote.codec.w3c.W3CHttpResponseCodec.createException(W3CHttpResponseCodec.java:200)
	at org.openqa.selenium.remote.codec.w3c.W3CHttpResponseCodec.decode(W3CHttpResponseCodec.java:133)
	at org.openqa.selenium.remote.codec.w3c.W3CHttpResponseCodec.decode(W3CHttpResponseCodec.java:53)
	at org.openqa.selenium.remote.HttpCommandExecutor.execute(HttpCommandExecutor.java:184)
	at org.openqa.selenium.remote.service.DriverCommandExecutor.invokeExecute(DriverCommandExecutor.java:167)
	at org.openqa.selenium.remote.service.DriverCommandExecutor.execute(DriverCommandExecutor.java:142)
	at org.openqa.selenium.remote.RemoteWebDriver.execute(RemoteWebDriver.java:567)
	at org.openqa.selenium.remote.ElementLocation$ElementFinder$2.findElement(ElementLocation.java:162)
	at org.openqa.selenium.remote.ElementLocation.findElement(ElementLocation.java:60)
	at org.openqa.selenium.remote.RemoteWebDriver.findElement(RemoteWebDriver.java:385)
	at org.openqa.selenium.remote.RemoteWebDriver.findElement(RemoteWebDriver.java:377)
	at org.openqa.selenium.support.pagefactory.DefaultElementLocator.findElement(DefaultElementLocator.java:70)
	at org.openqa.selenium.support.pagefactory.internal.LocatingElementHandler.invoke(LocatingElementHandler.java:39)
	at com.sun.proxy.$Proxy18.click(Unknown Source)
	at Flipkartpages.sellerspage.ClickRegister(sellerspage.java:45)
	at flipkarttests.sellerstest.invalidseller3(sellerstest.java:67)
	at java.base/java.util.ArrayList.forEach(ArrayList.java:1540)
... Removed 31 stack frames
</div> <!-- stack-trace -->
                </div> <!-- method-content -->
              </div> <!-- method -->
              <div class="method">
                <div class="method-content">
                  <a name="validseller">
                  </a> <!-- validseller -->
                  <span class="method-name">validseller</span>
                  <div class="stack-trace">org.openqa.selenium.NoSuchElementException: no such element: Unable to locate element: {&quot;method&quot;:&quot;xpath&quot;,&quot;selector&quot;:&quot;//div[@class=&apos;styles__RegisterText-r412un-24 sILEL&apos;]&quot;}
  (Session info: chrome=108.0.5359.99)
For documentation on this error, please visit: https://selenium.dev/exceptions/#no_such_element
Build info: version: &apos;4.1.3&apos;, revision: &apos;7b1ebf28ef&apos;
System info: host: &apos;IN-5W1SP13&apos;, ip: &apos;192.168.0.112&apos;, os.name: &apos;Windows 10&apos;, os.arch: &apos;amd64&apos;, os.version: &apos;10.0&apos;, java.version: &apos;11&apos;
Driver info: org.openqa.selenium.chrome.ChromeDriver
Command: [b7adc0114fb423f6932c63e37464bbad, findElement {using=xpath, value=//div[@class=&apos;styles__RegisterText-r412un-24 sILEL&apos;]}]
Capabilities {acceptInsecureCerts: false, browserName: chrome, browserVersion: 108.0.5359.99, chrome: {chromedriverVersion: 108.0.5359.71 (1e0e3868ee06..., userDataDir: C:\Users\SAJANS~1\AppData\L...}, goog:chromeOptions: {debuggerAddress: localhost:61360}, javascriptEnabled: true, networkConnectionEnabled: false, pageLoadStrategy: normal, platform: WINDOWS, platformName: WINDOWS, proxy: Proxy(), se:cdp: ws://localhost:61360/devtoo..., se:cdpVersion: 108.0.5359.99, setWindowRect: true, strictFileInteractability: false, timeouts: {implicit: 0, pageLoad: 300000, script: 30000}, unhandledPromptBehavior: dismiss and notify, webauthn:extension:credBlob: true, webauthn:extension:largeBlob: true, webauthn:virtualAuthenticators: true}
Session ID: b7adc0114fb423f6932c63e37464bbad
	at org.openqa.selenium.remote.codec.w3c.W3CHttpResponseCodec.createException(W3CHttpResponseCodec.java:200)
	at org.openqa.selenium.remote.codec.w3c.W3CHttpResponseCodec.decode(W3CHttpResponseCodec.java:133)
	at org.openqa.selenium.remote.codec.w3c.W3CHttpResponseCodec.decode(W3CHttpResponseCodec.java:53)
	at org.openqa.selenium.remote.HttpCommandExecutor.execute(HttpCommandExecutor.java:184)
	at org.openqa.selenium.remote.service.DriverCommandExecutor.invokeExecute(DriverCommandExecutor.java:167)
	at org.openqa.selenium.remote.service.DriverCommandExecutor.execute(DriverCommandExecutor.java:142)
	at org.openqa.selenium.remote.RemoteWebDriver.execute(RemoteWebDriver.java:567)
	at org.openqa.selenium.remote.ElementLocation$ElementFinder$2.findElement(ElementLocation.java:162)
	at org.openqa.selenium.remote.ElementLocation.findElement(ElementLocation.java:60)
	at org.openqa.selenium.remote.RemoteWebDriver.findElement(RemoteWebDriver.java:385)
	at org.openqa.selenium.remote.RemoteWebDriver.findElement(RemoteWebDriver.java:377)
	at org.openqa.selenium.support.pagefactory.DefaultElementLocator.findElement(DefaultElementLocator.java:70)
	at org.openqa.selenium.support.pagefactory.internal.LocatingElementHandler.invoke(LocatingElementHandler.java:39)
	at com.sun.proxy.$Proxy18.click(Unknown Source)
	at Flipkartpages.sellerspage.ClickRegister(sellerspage.java:45)
	at flipkarttests.sellerstest.validseller(sellerstest.java:20)
	at java.base/java.util.ArrayList.forEach(ArrayList.java:1540)
... Removed 31 stack frames
</div> <!-- stack-trace -->
                </div> <!-- method-content -->
              </div> <!-- method -->
            </div> <!-- main-panel-content rounded-window-bottom -->
          </div> <!-- suite-Suite-class-failed -->
          <div class="suite-Suite-class-passed">
            <div class="main-panel-header rounded-window-top">
              <img src="passed.png"/>
              <span class="class-name">flipkarttests.productsearchtest</span>
            </div> <!-- main-panel-header rounded-window-top -->
            <div class="main-panel-content rounded-window-bottom">
              <div class="method">
                <div class="method-content">
                  <a name="searchepmtyproduct">
                  </a> <!-- searchepmtyproduct -->
                  <span class="method-name">searchepmtyproduct</span>
                </div> <!-- method-content -->
              </div> <!-- method -->
              <div class="method">
                <div class="method-content">
                  <a name="searchproduct">
                  </a> <!-- searchproduct -->
                  <span class="method-name">searchproduct</span>
                </div> <!-- method-content -->
              </div> <!-- method -->
              <div class="method">
                <div class="method-content">
                  <a name="searchwrongproduct">
                  </a> <!-- searchwrongproduct -->
                  <span class="method-name">searchwrongproduct</span>
                </div> <!-- method-content -->
              </div> <!-- method -->
            </div> <!-- main-panel-content rounded-window-bottom -->
          </div> <!-- suite-Suite-class-passed -->
          <div class="suite-Suite-class-passed">
            <div class="main-panel-header rounded-window-top">
              <img src="passed.png"/>
              <span class="class-name">flipkarttests.signupcredentialstest</span>
            </div> <!-- main-panel-header rounded-window-top -->
            <div class="main-panel-content rounded-window-bottom">
              <div class="method">
                <div class="method-content">
                  <a name="emptysignupcredential">
                  </a> <!-- emptysignupcredential -->
                  <span class="method-name">emptysignupcredential</span>
                </div> <!-- method-content -->
              </div> <!-- method -->
              <div class="method">
                <div class="method-content">
                  <a name="invalidsignUpcredential1">
                  </a> <!-- invalidsignUpcredential1 -->
                  <span class="method-name">invalidsignUpcredential1</span>
                </div> <!-- method-content -->
              </div> <!-- method -->
              <div class="method">
                <div class="method-content">
                  <a name="invalidsignUpcredential2">
                  </a> <!-- invalidsignUpcredential2 -->
                  <span class="method-name">invalidsignUpcredential2</span>
                </div> <!-- method-content -->
              </div> <!-- method -->
              <div class="method">
                <div class="method-content">
                  <a name="invalidsignUpcredential3">
                  </a> <!-- invalidsignUpcredential3 -->
                  <span class="method-name">invalidsignUpcredential3</span>
                </div> <!-- method-content -->
              </div> <!-- method -->
              <div class="method">
                <div class="method-content">
                  <a name="validsignUpcredential">
                  </a> <!-- validsignUpcredential -->
                  <span class="method-name">validsignUpcredential</span>
                </div> <!-- method-content -->
              </div> <!-- method -->
            </div> <!-- main-panel-content rounded-window-bottom -->
          </div> <!-- suite-Suite-class-passed -->
          <div class="suite-Suite-class-passed">
            <div class="main-panel-header rounded-window-top">
              <img src="passed.png"/>
              <span class="class-name">flipkarttests.showcarttest</span>
            </div> <!-- main-panel-header rounded-window-top -->
            <div class="main-panel-content rounded-window-bottom">
              <div class="method">
                <div class="method-content">
                  <a name="showcart">
                  </a> <!-- showcart -->
                  <span class="method-name">showcart</span>
                </div> <!-- method-content -->
              </div> <!-- method -->
            </div> <!-- main-panel-content rounded-window-bottom -->
          </div> <!-- suite-Suite-class-passed -->
          <div class="suite-Suite-class-passed">
            <div class="main-panel-header rounded-window-top">
              <img src="passed.png"/>
              <span class="class-name">flipkarttests.logintest</span>
            </div> <!-- main-panel-header rounded-window-top -->
            <div class="main-panel-content rounded-window-bottom">
              <div class="method">
                <div class="method-content">
                  <a name="invalidLogin5">
                  </a> <!-- invalidLogin5 -->
                  <span class="method-name">invalidLogin5</span>
                </div> <!-- method-content -->
              </div> <!-- method -->
              <div class="method">
                <div class="method-content">
                  <a name="invalidLogin6">
                  </a> <!-- invalidLogin6 -->
                  <span class="method-name">invalidLogin6</span>
                </div> <!-- method-content -->
              </div> <!-- method -->
              <div class="method">
                <div class="method-content">
                  <a name="invalidcredentialLogin1">
                  </a> <!-- invalidcredentialLogin1 -->
                  <span class="method-name">invalidcredentialLogin1</span>
                </div> <!-- method-content -->
              </div> <!-- method -->
              <div class="method">
                <div class="method-content">
                  <a name="invalidcredentialLogin2">
                  </a> <!-- invalidcredentialLogin2 -->
                  <span class="method-name">invalidcredentialLogin2</span>
                </div> <!-- method-content -->
              </div> <!-- method -->
              <div class="method">
                <div class="method-content">
                  <a name="invalidcredentialLogin4">
                  </a> <!-- invalidcredentialLogin4 -->
                  <span class="method-name">invalidcredentialLogin4</span>
                </div> <!-- method-content -->
              </div> <!-- method -->
              <div class="method">
                <div class="method-content">
                  <a name="validcredentialLogin">
                  </a> <!-- validcredentialLogin -->
                  <span class="method-name">validcredentialLogin</span>
                </div> <!-- method-content -->
              </div> <!-- method -->
            </div> <!-- main-panel-content rounded-window-bottom -->
          </div> <!-- suite-Suite-class-passed -->
        </div> <!-- panel Suite -->
        <div panel-name="test-xml-Suite" class="panel">
          <div class="main-panel-header rounded-window-top">
            <span class="header-content">C:\Users\sajansingh\eclipse-workspace\Flipkart_Automation\testng.xml</span>
          </div> <!-- main-panel-header rounded-window-top -->
          <div class="main-panel-content rounded-window-bottom">
            <pre>
&lt;?xml version=&quot;1.0&quot; encoding=&quot;UTF-8&quot;?&gt;
&lt;!DOCTYPE suite SYSTEM &quot;https://testng.org/testng-1.0.dtd&quot;&gt;
&lt;suite name=&quot;Suite&quot; guice-stage=&quot;DEVELOPMENT&quot;&gt;
  &lt;test thread-count=&quot;5&quot; name=&quot;Test&quot;&gt;
    &lt;classes&gt;
      &lt;class name=&quot;flipkarttests.logintest&quot;/&gt;
      &lt;class name=&quot;flipkarttests.productitemoffertest&quot;/&gt;
      &lt;class name=&quot;flipkarttests.comparisonproducttest&quot;/&gt;
      &lt;class name=&quot;flipkarttests.sellerstest&quot;/&gt;
      &lt;class name=&quot;flipkarttests.productsearchtest&quot;/&gt;
      &lt;class name=&quot;flipkarttests.signupcredentialstest&quot;/&gt;
      &lt;class name=&quot;flipkarttests.showcarttest&quot;/&gt;
    &lt;/classes&gt;
  &lt;/test&gt; &lt;!-- Test --&gt;
&lt;/suite&gt; &lt;!-- Suite --&gt;
            </pre>
          </div> <!-- main-panel-content rounded-window-bottom -->
        </div> <!-- panel -->
        <div panel-name="testlist-Suite" class="panel">
          <div class="main-panel-header rounded-window-top">
            <span class="header-content">Tests for Suite</span>
          </div> <!-- main-panel-header rounded-window-top -->
          <div class="main-panel-content rounded-window-bottom">
            <ul>
              <li>
                <span class="test-name">Test (7 classes)</span>
              </li>
            </ul>
          </div> <!-- main-panel-content rounded-window-bottom -->
        </div> <!-- panel -->
        <div panel-name="group-Suite" class="panel">
          <div class="main-panel-header rounded-window-top">
            <span class="header-content">Groups for Suite</span>
          </div> <!-- main-panel-header rounded-window-top -->
          <div class="main-panel-content rounded-window-bottom">
            <div class="test-group">
              <span class="test-group-name">Invalid</span>
              <br/>
              <div class="method-in-group">
                <span class="method-in-group-name">invalidseller1</span>
                <br/>
              </div> <!-- method-in-group -->
              <div class="method-in-group">
                <span class="method-in-group-name">invalidseller2</span>
                <br/>
              </div> <!-- method-in-group -->
              <div class="method-in-group">
                <span class="method-in-group-name">invalidseller3</span>
                <br/>
              </div> <!-- method-in-group -->
              <div class="method-in-group">
                <span class="method-in-group-name">invalidsignUpcredential1</span>
                <br/>
              </div> <!-- method-in-group -->
              <div class="method-in-group">
                <span class="method-in-group-name">searchepmtyproduct</span>
                <br/>
              </div> <!-- method-in-group -->
              <div class="method-in-group">
                <span class="method-in-group-name">searchwrongproduct</span>
                <br/>
              </div> <!-- method-in-group -->
            </div> <!-- test-group -->
            <div class="test-group">
              <span class="test-group-name">invalid</span>
              <br/>
              <div class="method-in-group">
                <span class="method-in-group-name">invalidLogin5</span>
                <br/>
              </div> <!-- method-in-group -->
              <div class="method-in-group">
                <span class="method-in-group-name">invalidLogin6</span>
                <br/>
              </div> <!-- method-in-group -->
              <div class="method-in-group">
                <span class="method-in-group-name">invalidcredentialLogin1</span>
                <br/>
              </div> <!-- method-in-group -->
              <div class="method-in-group">
                <span class="method-in-group-name">invalidcredentialLogin2</span>
                <br/>
              </div> <!-- method-in-group -->
              <div class="method-in-group">
                <span class="method-in-group-name">invalidcredentialLogin4</span>
                <br/>
              </div> <!-- method-in-group -->
            </div> <!-- test-group -->
            <div class="test-group">
              <span class="test-group-name">sanity</span>
              <br/>
              <div class="method-in-group">
                <span class="method-in-group-name">AddItem</span>
                <br/>
              </div> <!-- method-in-group -->
              <div class="method-in-group">
                <span class="method-in-group-name">emptysignupcredential</span>
                <br/>
              </div> <!-- method-in-group -->
              <div class="method-in-group">
                <span class="method-in-group-name">invalidLogin5</span>
                <br/>
              </div> <!-- method-in-group -->
              <div class="method-in-group">
                <span class="method-in-group-name">invalidLogin6</span>
                <br/>
              </div> <!-- method-in-group -->
              <div class="method-in-group">
                <span class="method-in-group-name">invalidcredentialLogin1</span>
                <br/>
              </div> <!-- method-in-group -->
              <div class="method-in-group">
                <span class="method-in-group-name">invalidcredentialLogin2</span>
                <br/>
              </div> <!-- method-in-group -->
              <div class="method-in-group">
                <span class="method-in-group-name">invalidcredentialLogin4</span>
                <br/>
              </div> <!-- method-in-group -->
              <div class="method-in-group">
                <span class="method-in-group-name">invalidseller1</span>
                <br/>
              </div> <!-- method-in-group -->
              <div class="method-in-group">
                <span class="method-in-group-name">invalidseller2</span>
                <br/>
              </div> <!-- method-in-group -->
              <div class="method-in-group">
                <span class="method-in-group-name">invalidseller3</span>
                <br/>
              </div> <!-- method-in-group -->
              <div class="method-in-group">
                <span class="method-in-group-name">invalidsignUpcredential1</span>
                <br/>
              </div> <!-- method-in-group -->
              <div class="method-in-group">
                <span class="method-in-group-name">invalidsignUpcredential2</span>
                <br/>
              </div> <!-- method-in-group -->
              <div class="method-in-group">
                <span class="method-in-group-name">invalidsignUpcredential3</span>
                <br/>
              </div> <!-- method-in-group -->
              <div class="method-in-group">
                <span class="method-in-group-name">searchepmtyproduct</span>
                <br/>
              </div> <!-- method-in-group -->
              <div class="method-in-group">
                <span class="method-in-group-name">searchproduct</span>
                <br/>
              </div> <!-- method-in-group -->
              <div class="method-in-group">
                <span class="method-in-group-name">searchwrongproduct</span>
                <br/>
              </div> <!-- method-in-group -->
              <div class="method-in-group">
                <span class="method-in-group-name">showcart</span>
                <br/>
              </div> <!-- method-in-group -->
              <div class="method-in-group">
                <span class="method-in-group-name">validLogin</span>
                <br/>
              </div> <!-- method-in-group -->
              <div class="method-in-group">
                <span class="method-in-group-name">validcredentialLogin</span>
                <br/>
              </div> <!-- method-in-group -->
              <div class="method-in-group">
                <span class="method-in-group-name">validseller</span>
                <br/>
              </div> <!-- method-in-group -->
              <div class="method-in-group">
                <span class="method-in-group-name">validsignUpcredential</span>
                <br/>
              </div> <!-- method-in-group -->
            </div> <!-- test-group -->
            <div class="test-group">
              <span class="test-group-name">valid</span>
              <br/>
              <div class="method-in-group">
                <span class="method-in-group-name">AddItem</span>
                <br/>
              </div> <!-- method-in-group -->
              <div class="method-in-group">
                <span class="method-in-group-name">emptysignupcredential</span>
                <br/>
              </div> <!-- method-in-group -->
              <div class="method-in-group">
                <span class="method-in-group-name">invalidsignUpcredential2</span>
                <br/>
              </div> <!-- method-in-group -->
              <div class="method-in-group">
                <span class="method-in-group-name">invalidsignUpcredential3</span>
                <br/>
              </div> <!-- method-in-group -->
              <div class="method-in-group">
                <span class="method-in-group-name">searchproduct</span>
                <br/>
              </div> <!-- method-in-group -->
              <div class="method-in-group">
                <span class="method-in-group-name">showcart</span>
                <br/>
              </div> <!-- method-in-group -->
              <div class="method-in-group">
                <span class="method-in-group-name">validLogin</span>
                <br/>
              </div> <!-- method-in-group -->
              <div class="method-in-group">
                <span class="method-in-group-name">validcredentialLogin</span>
                <br/>
              </div> <!-- method-in-group -->
              <div class="method-in-group">
                <span class="method-in-group-name">validseller</span>
                <br/>
              </div> <!-- method-in-group -->
              <div class="method-in-group">
                <span class="method-in-group-name">validsignUpcredential</span>
                <br/>
              </div> <!-- method-in-group -->
            </div> <!-- test-group -->
          </div> <!-- main-panel-content rounded-window-bottom -->
        </div> <!-- panel -->
        <div panel-name="times-Suite" class="panel">
          <div class="main-panel-header rounded-window-top">
            <span class="header-content">Times for Suite</span>
          </div> <!-- main-panel-header rounded-window-top -->
          <div class="main-panel-content rounded-window-bottom">
            <div class="times-div">
              <script type="text/javascript">
suiteTableInitFunctions.push('tableData_Suite');
function tableData_Suite() {
var data = new google.visualization.DataTable();
data.addColumn('number', 'Number');
data.addColumn('string', 'Method');
data.addColumn('string', 'Class');
data.addColumn('number', 'Time (ms)');
data.addRows(21);
data.setCell(0, 0, 0)
data.setCell(0, 1, 'validseller')
data.setCell(0, 2, 'flipkarttests.sellerstest')
data.setCell(0, 3, 24266);
data.setCell(1, 0, 1)
data.setCell(1, 1, 'invalidseller1')
data.setCell(1, 2, 'flipkarttests.sellerstest')
data.setCell(1, 3, 20144);
data.setCell(2, 0, 2)
data.setCell(2, 1, 'invalidseller2')
data.setCell(2, 2, 'flipkarttests.sellerstest')
data.setCell(2, 3, 19489);
data.setCell(3, 0, 3)
data.setCell(3, 1, 'invalidseller3')
data.setCell(3, 2, 'flipkarttests.sellerstest')
data.setCell(3, 3, 19152);
data.setCell(4, 0, 4)
data.setCell(4, 1, 'validLogin')
data.setCell(4, 2, 'flipkarttests.productitemoffertest')
data.setCell(4, 3, 15364);
data.setCell(5, 0, 5)
data.setCell(5, 1, 'AddItem')
data.setCell(5, 2, 'flipkarttests.comparisonproducttest')
data.setCell(5, 3, 14495);
data.setCell(6, 0, 6)
data.setCell(6, 1, 'showcart')
data.setCell(6, 2, 'flipkarttests.showcarttest')
data.setCell(6, 3, 7366);
data.setCell(7, 0, 7)
data.setCell(7, 1, 'searchproduct')
data.setCell(7, 2, 'flipkarttests.productsearchtest')
data.setCell(7, 3, 5345);
data.setCell(8, 0, 8)
data.setCell(8, 1, 'emptysignupcredential')
data.setCell(8, 2, 'flipkarttests.signupcredentialstest')
data.setCell(8, 3, 4259);
data.setCell(9, 0, 9)
data.setCell(9, 1, 'validsignUpcredential')
data.setCell(9, 2, 'flipkarttests.signupcredentialstest')
data.setCell(9, 3, 4192);
data.setCell(10, 0, 10)
data.setCell(10, 1, 'invalidsignUpcredential3')
data.setCell(10, 2, 'flipkarttests.signupcredentialstest')
data.setCell(10, 3, 4185);
data.setCell(11, 0, 11)
data.setCell(11, 1, 'invalidsignUpcredential1')
data.setCell(11, 2, 'flipkarttests.signupcredentialstest')
data.setCell(11, 3, 4181);
data.setCell(12, 0, 12)
data.setCell(12, 1, 'invalidsignUpcredential2')
data.setCell(12, 2, 'flipkarttests.signupcredentialstest')
data.setCell(12, 3, 4170);
data.setCell(13, 0, 13)
data.setCell(13, 1, 'searchwrongproduct')
data.setCell(13, 2, 'flipkarttests.productsearchtest')
data.setCell(13, 3, 3255);
data.setCell(14, 0, 14)
data.setCell(14, 1, 'searchepmtyproduct')
data.setCell(14, 2, 'flipkarttests.productsearchtest')
data.setCell(14, 3, 3189);
data.setCell(15, 0, 15)
data.setCell(15, 1, 'validcredentialLogin')
data.setCell(15, 2, 'flipkarttests.logintest')
data.setCell(15, 3, 309);
data.setCell(16, 0, 16)
data.setCell(16, 1, 'invalidcredentialLogin2')
data.setCell(16, 2, 'flipkarttests.logintest')
data.setCell(16, 3, 233);
data.setCell(17, 0, 17)
data.setCell(17, 1, 'invalidcredentialLogin1')
data.setCell(17, 2, 'flipkarttests.logintest')
data.setCell(17, 3, 228);
data.setCell(18, 0, 18)
data.setCell(18, 1, 'invalidcredentialLogin4')
data.setCell(18, 2, 'flipkarttests.logintest')
data.setCell(18, 3, 214);
data.setCell(19, 0, 19)
data.setCell(19, 1, 'invalidLogin5')
data.setCell(19, 2, 'flipkarttests.logintest')
data.setCell(19, 3, 203);
data.setCell(20, 0, 20)
data.setCell(20, 1, 'invalidLogin6')
data.setCell(20, 2, 'flipkarttests.logintest')
data.setCell(20, 3, 184);
window.suiteTableData['Suite']= { tableData: data, tableDiv: 'times-div-Suite'}
return data;
}
              </script>
              <span class="suite-total-time">Total running time: 2 minutes</span>
              <div id="times-div-Suite">
              </div> <!-- times-div-Suite -->
            </div> <!-- times-div -->
          </div> <!-- main-panel-content rounded-window-bottom -->
        </div> <!-- panel -->
        <div panel-name="reporter-Suite" class="panel">
          <div class="main-panel-header rounded-window-top">
            <span class="header-content">Reporter output for Suite</span>
          </div> <!-- main-panel-header rounded-window-top -->
          <div class="main-panel-content rounded-window-bottom">
          </div> <!-- main-panel-content rounded-window-bottom -->
        </div> <!-- panel -->
        <div panel-name="ignored-methods-Suite" class="panel">
          <div class="main-panel-header rounded-window-top">
            <span class="header-content">12 ignored methods</span>
          </div> <!-- main-panel-header rounded-window-top -->
          <div class="main-panel-content rounded-window-bottom">
            <div class="ignored-class-div">
              <span class="ignored-class-name">flipkarttests.productitemoffertest</span>
              <div class="ignored-methods-div">
                <span class="ignored-method-name">endReport</span>
                <br/>
                <span class="ignored-method-name">setExtent</span>
                <br/>
              </div> <!-- ignored-methods-div -->
            </div> <!-- ignored-class-div -->
            <div class="ignored-class-div">
              <span class="ignored-class-name">flipkarttests.productsearchtest</span>
              <div class="ignored-methods-div">
                <span class="ignored-method-name">setExtent</span>
                <br/>
                <span class="ignored-method-name">endReport</span>
                <br/>
              </div> <!-- ignored-methods-div -->
            </div> <!-- ignored-class-div -->
            <div class="ignored-class-div">
              <span class="ignored-class-name">flipkarttests.comparisonproducttest</span>
              <div class="ignored-methods-div">
                <span class="ignored-method-name">endReport</span>
                <br/>
                <span class="ignored-method-name">setExtent</span>
                <br/>
              </div> <!-- ignored-methods-div -->
            </div> <!-- ignored-class-div -->
            <div class="ignored-class-div">
              <span class="ignored-class-name">flipkarttests.sellerstest</span>
              <div class="ignored-methods-div">
                <span class="ignored-method-name">setExtent</span>
                <br/>
                <span class="ignored-method-name">endReport</span>
                <br/>
              </div> <!-- ignored-methods-div -->
            </div> <!-- ignored-class-div -->
            <div class="ignored-class-div">
              <span class="ignored-class-name">flipkarttests.signupcredentialstest</span>
              <div class="ignored-methods-div">
                <span class="ignored-method-name">setExtent</span>
                <br/>
                <span class="ignored-method-name">endReport</span>
                <br/>
              </div> <!-- ignored-methods-div -->
            </div> <!-- ignored-class-div -->
            <div class="ignored-class-div">
              <span class="ignored-class-name">flipkarttests.showcarttest</span>
              <div class="ignored-methods-div">
                <span class="ignored-method-name">endReport</span>
                <br/>
                <span class="ignored-method-name">setExtent</span>
                <br/>
              </div> <!-- ignored-methods-div -->
            </div> <!-- ignored-class-div -->
          </div> <!-- main-panel-content rounded-window-bottom -->
        </div> <!-- panel -->
        <div panel-name="chronological-Suite" class="panel">
          <div class="main-panel-header rounded-window-top">
            <span class="header-content">Methods in chronological order</span>
          </div> <!-- main-panel-header rounded-window-top -->
          <div class="main-panel-content rounded-window-bottom">
            <div class="chronological-class">
              <div class="chronological-class-name">flipkarttests.logintest</div> <!-- chronological-class-name -->
              <div class="configuration-suite before">
                <span class="method-name">setExtent</span>
                <span class="method-start">0 ms</span>
              </div> <!-- configuration-suite before -->
              <div class="configuration-method before">
                <span class="method-name">initializeWebDriver</span>
                <span class="method-start">147 ms</span>
              </div> <!-- configuration-method before -->
              <div class="configuration-method before">
                <span class="method-name">navigateSite</span>
                <span class="method-start">2464 ms</span>
              </div> <!-- configuration-method before -->
              <div class="configuration-method before">
                <span class="method-name">startTest(public void flipkarttests.logintest.validcredentialLogin() throws java.lang.InterruptedException)</span>
                <span class="method-start">25331 ms</span>
              </div> <!-- configuration-method before -->
              <div class="test-method">
                <span class="method-name">validcredentialLogin</span>
                <span class="method-start">25334 ms</span>
              </div> <!-- test-method -->
              <div class="configuration-method after">
                <span class="method-name">resultTest([TestResult name=validcredentialLogin status=SUCCESS method=logintest.validcredentialLogin()[pri:1, ...)</span>
                <span class="method-start">25646 ms</span>
              </div> <!-- configuration-method after -->
              <div class="configuration-method before">
                <span class="method-name">initializeWebDriver</span>
                <span class="method-start">41924 ms</span>
              </div> <!-- configuration-method before -->
              <div class="configuration-method before">
                <span class="method-name">navigateSite</span>
                <span class="method-start">43230 ms</span>
              </div> <!-- configuration-method before -->
              <div class="configuration-method before">
                <span class="method-name">startTest(public void flipkarttests.logintest.invalidcredentialLogin1() throws java.lang.InterruptedException)</span>
                <span class="method-start">86815 ms</span>
              </div> <!-- configuration-method before -->
              <div class="test-method">
                <span class="method-name">invalidcredentialLogin1</span>
                <span class="method-start">86815 ms</span>
              </div> <!-- test-method -->
              <div class="configuration-method after">
                <span class="method-name">resultTest([TestResult name=invalidcredentialLogin1 status=SUCCESS method=logintest.invalidcredentialLogin1()[p...)</span>
                <span class="method-start">87044 ms</span>
              </div> <!-- configuration-method after -->
              <div class="configuration-method before">
                <span class="method-name">initializeWebDriver</span>
                <span class="method-start">87155 ms</span>
              </div> <!-- configuration-method before -->
              <div class="configuration-method before">
                <span class="method-name">navigateSite</span>
                <span class="method-start">88436 ms</span>
              </div> <!-- configuration-method before -->
              <div class="configuration-method before">
                <span class="method-name">startTest(public void flipkarttests.logintest.invalidcredentialLogin2() throws java.lang.InterruptedException)</span>
                <span class="method-start">132371 ms</span>
              </div> <!-- configuration-method before -->
              <div class="test-method">
                <span class="method-name">invalidcredentialLogin2</span>
                <span class="method-start">132372 ms</span>
              </div> <!-- test-method -->
              <div class="configuration-method after">
                <span class="method-name">resultTest([TestResult name=invalidcredentialLogin2 status=SUCCESS method=logintest.invalidcredentialLogin2()[p...)</span>
                <span class="method-start">132606 ms</span>
              </div> <!-- configuration-method after -->
              <div class="configuration-method before">
                <span class="method-name">initializeWebDriver</span>
                <span class="method-start">148869 ms</span>
              </div> <!-- configuration-method before -->
              <div class="configuration-method before">
                <span class="method-name">navigateSite</span>
                <span class="method-start">150132 ms</span>
              </div> <!-- configuration-method before -->
              <div class="configuration-method before">
                <span class="method-name">startTest(public void flipkarttests.logintest.invalidcredentialLogin4() throws java.lang.InterruptedException)</span>
                <span class="method-start">215248 ms</span>
              </div> <!-- configuration-method before -->
              <div class="test-method">
                <span class="method-name">invalidcredentialLogin4</span>
                <span class="method-start">215249 ms</span>
              </div> <!-- test-method -->
              <div class="configuration-method after">
                <span class="method-name">resultTest([TestResult name=invalidcredentialLogin4 status=SUCCESS method=logintest.invalidcredentialLogin4()[p...)</span>
                <span class="method-start">215464 ms</span>
              </div> <!-- configuration-method after -->
              <div class="configuration-method before">
                <span class="method-name">initializeWebDriver</span>
                <span class="method-start">231748 ms</span>
              </div> <!-- configuration-method before -->
              <div class="configuration-method before">
                <span class="method-name">navigateSite</span>
                <span class="method-start">233062 ms</span>
              </div> <!-- configuration-method before -->
              <div class="configuration-method before">
                <span class="method-name">startTest(public void flipkarttests.logintest.invalidLogin5() throws java.lang.InterruptedException)</span>
                <span class="method-start">300207 ms</span>
              </div> <!-- configuration-method before -->
              <div class="test-method">
                <span class="method-name">invalidLogin5</span>
                <span class="method-start">300208 ms</span>
              </div> <!-- test-method -->
              <div class="configuration-method after">
                <span class="method-name">resultTest([TestResult name=invalidLogin5 status=SUCCESS method=logintest.invalidLogin5()[pri:5, instance:flipk...)</span>
                <span class="method-start">300412 ms</span>
              </div> <!-- configuration-method after -->
              <div class="configuration-method before">
                <span class="method-name">initializeWebDriver</span>
                <span class="method-start">316650 ms</span>
              </div> <!-- configuration-method before -->
              <div class="configuration-method before">
                <span class="method-name">navigateSite</span>
                <span class="method-start">317977 ms</span>
              </div> <!-- configuration-method before -->
              <div class="configuration-method before">
                <span class="method-name">startTest(public void flipkarttests.logintest.invalidLogin6() throws java.lang.InterruptedException)</span>
                <span class="method-start">387491 ms</span>
              </div> <!-- configuration-method before -->
              <div class="test-method">
                <span class="method-name">invalidLogin6</span>
                <span class="method-start">387491 ms</span>
              </div> <!-- test-method -->
              <div class="configuration-method after">
                <span class="method-name">resultTest([TestResult name=invalidLogin6 status=SUCCESS method=logintest.invalidLogin6()[pri:6, instance:flipk...)</span>
                <span class="method-start">387676 ms</span>
              </div> <!-- configuration-method after -->
            </div> <!-- chronological-class -->
            <div class="chronological-class">
              <div class="chronological-class-name">flipkarttests.productitemoffertest</div> <!-- chronological-class-name -->
              <div class="configuration-method before">
                <span class="method-name">initializeWebDriver</span>
                <span class="method-start">387787 ms</span>
              </div> <!-- configuration-method before -->
              <div class="configuration-method before">
                <span class="method-name">navigateSite</span>
                <span class="method-start">389162 ms</span>
              </div> <!-- configuration-method before -->
              <div class="configuration-method before">
                <span class="method-name">startTest(public void flipkarttests.productitemoffertest.validLogin() throws java.lang.InterruptedException)</span>
                <span class="method-start">412836 ms</span>
              </div> <!-- configuration-method before -->
              <div class="test-method">
                <img src="failed.png">
                </img>
                <span class="method-name">validLogin</span>
                <span class="method-start">412837 ms</span>
              </div> <!-- test-method -->
              <div class="configuration-method after">
                <span class="method-name">resultTest([TestResult name=validLogin status=FAILURE method=productitemoffertest.validLogin()[pri:1, instance:...)</span>
                <span class="method-start">428209 ms</span>
              </div> <!-- configuration-method after -->
            </div> <!-- chronological-class -->
            <div class="chronological-class">
              <div class="chronological-class-name">flipkarttests.comparisonproducttest</div> <!-- chronological-class-name -->
              <div class="configuration-method before">
                <span class="method-name">initializeWebDriver</span>
                <span class="method-start">444726 ms</span>
              </div> <!-- configuration-method before -->
              <div class="configuration-method before">
                <span class="method-name">navigateSite</span>
                <span class="method-start">445999 ms</span>
              </div> <!-- configuration-method before -->
              <div class="configuration-method before">
                <span class="method-name">startTest(public void flipkarttests.comparisonproducttest.AddItem() throws java.lang.InterruptedException)</span>
                <span class="method-start">472052 ms</span>
              </div> <!-- configuration-method before -->
              <div class="test-method">
                <img src="failed.png">
                </img>
                <span class="method-name">AddItem</span>
                <span class="method-start">472053 ms</span>
              </div> <!-- test-method -->
              <div class="configuration-method after">
                <span class="method-name">resultTest([TestResult name=AddItem status=FAILURE method=comparisonproducttest.AddItem()[pri:1, instance:flipk...)</span>
                <span class="method-start">486552 ms</span>
              </div> <!-- configuration-method after -->
            </div> <!-- chronological-class -->
            <div class="chronological-class">
              <div class="chronological-class-name">flipkarttests.sellerstest</div> <!-- chronological-class-name -->
              <div class="configuration-method before">
                <span class="method-name">initializeWebDriver</span>
                <span class="method-start">503059 ms</span>
              </div> <!-- configuration-method before -->
              <div class="configuration-method before">
                <span class="method-name">navigateSite</span>
                <span class="method-start">504380 ms</span>
              </div> <!-- configuration-method before -->
              <div class="configuration-method before">
                <span class="method-name">startTest(public void flipkarttests.sellerstest.validseller() throws java.lang.InterruptedException)</span>
                <span class="method-start">530366 ms</span>
              </div> <!-- configuration-method before -->
              <div class="test-method">
                <img src="failed.png">
                </img>
                <span class="method-name">validseller</span>
                <span class="method-start">530367 ms</span>
              </div> <!-- test-method -->
              <div class="configuration-method after">
                <span class="method-name">resultTest([TestResult name=validseller status=FAILURE method=sellerstest.validseller()[pri:1, instance:flipkar...)</span>
                <span class="method-start">554637 ms</span>
              </div> <!-- configuration-method after -->
              <div class="configuration-method before">
                <span class="method-name">initializeWebDriver</span>
                <span class="method-start">571278 ms</span>
              </div> <!-- configuration-method before -->
              <div class="configuration-method before">
                <span class="method-name">navigateSite</span>
                <span class="method-start">572651 ms</span>
              </div> <!-- configuration-method before -->
              <div class="configuration-method before">
                <span class="method-name">startTest(public void flipkarttests.sellerstest.invalidseller1() throws java.lang.InterruptedException)</span>
                <span class="method-start">596822 ms</span>
              </div> <!-- configuration-method before -->
              <div class="test-method">
                <img src="failed.png">
                </img>
                <span class="method-name">invalidseller1</span>
                <span class="method-start">596823 ms</span>
              </div> <!-- test-method -->
              <div class="configuration-method after">
                <span class="method-name">resultTest([TestResult name=invalidseller1 status=FAILURE method=sellerstest.invalidseller1()[pri:2, instance:f...)</span>
                <span class="method-start">616969 ms</span>
              </div> <!-- configuration-method after -->
              <div class="configuration-method before">
                <span class="method-name">initializeWebDriver</span>
                <span class="method-start">617526 ms</span>
              </div> <!-- configuration-method before -->
              <div class="configuration-method before">
                <span class="method-name">navigateSite</span>
                <span class="method-start">618921 ms</span>
              </div> <!-- configuration-method before -->
              <div class="configuration-method before">
                <span class="method-name">startTest(public void flipkarttests.sellerstest.invalidseller2() throws java.lang.InterruptedException)</span>
                <span class="method-start">670058 ms</span>
              </div> <!-- configuration-method before -->
              <div class="test-method">
                <img src="failed.png">
                </img>
                <span class="method-name">invalidseller2</span>
                <span class="method-start">670059 ms</span>
              </div> <!-- test-method -->
              <div class="configuration-method after">
                <span class="method-name">resultTest([TestResult name=invalidseller2 status=FAILURE method=sellerstest.invalidseller2()[pri:3, instance:f...)</span>
                <span class="method-start">689551 ms</span>
              </div> <!-- configuration-method after -->
              <div class="configuration-method before">
                <span class="method-name">initializeWebDriver</span>
                <span class="method-start">690005 ms</span>
              </div> <!-- configuration-method before -->
              <div class="configuration-method before">
                <span class="method-name">navigateSite</span>
                <span class="method-start">691423 ms</span>
              </div> <!-- configuration-method before -->
              <div class="test-method">
                <img src="failed.png">
                </img>
                <span class="method-name">invalidseller3</span>
                <span class="method-start">714554 ms</span>
              </div> <!-- test-method -->
              <div class="configuration-method before">
                <span class="method-name">startTest(public void flipkarttests.sellerstest.invalidseller3() throws java.lang.InterruptedException)</span>
                <span class="method-start">714554 ms</span>
              </div> <!-- configuration-method before -->
              <div class="configuration-method after">
                <span class="method-name">resultTest([TestResult name=invalidseller3 status=FAILURE method=sellerstest.invalidseller3()[pri:4, instance:f...)</span>
                <span class="method-start">733706 ms</span>
              </div> <!-- configuration-method after -->
            </div> <!-- chronological-class -->
            <div class="chronological-class">
              <div class="chronological-class-name">flipkarttests.productsearchtest</div> <!-- chronological-class-name -->
              <div class="configuration-method before">
                <span class="method-name">initializeWebDriver</span>
                <span class="method-start">734192 ms</span>
              </div> <!-- configuration-method before -->
              <div class="configuration-method before">
                <span class="method-name">navigateSite</span>
                <span class="method-start">735560 ms</span>
              </div> <!-- configuration-method before -->
              <div class="test-method">
                <span class="method-name">searchproduct</span>
                <span class="method-start">792434 ms</span>
              </div> <!-- test-method -->
              <div class="configuration-method before">
                <span class="method-name">startTest(public void flipkarttests.productsearchtest.searchproduct() throws java.lang.InterruptedException)</span>
                <span class="method-start">792434 ms</span>
              </div> <!-- configuration-method before -->
              <div class="configuration-method after">
                <span class="method-name">resultTest([TestResult name=searchproduct status=SUCCESS method=productsearchtest.searchproduct()[pri:1, instan...)</span>
                <span class="method-start">797780 ms</span>
              </div> <!-- configuration-method after -->
              <div class="configuration-method before">
                <span class="method-name">initializeWebDriver</span>
                <span class="method-start">797862 ms</span>
              </div> <!-- configuration-method before -->
              <div class="configuration-method before">
                <span class="method-name">navigateSite</span>
                <span class="method-start">799174 ms</span>
              </div> <!-- configuration-method before -->
              <div class="configuration-method before">
                <span class="method-name">startTest(public void flipkarttests.productsearchtest.searchepmtyproduct() throws java.lang.InterruptedExcepti...)</span>
                <span class="method-start">826556 ms</span>
              </div> <!-- configuration-method before -->
              <div class="test-method">
                <span class="method-name">searchepmtyproduct</span>
                <span class="method-start">826556 ms</span>
              </div> <!-- test-method -->
              <div class="configuration-method after">
                <span class="method-name">resultTest([TestResult name=searchepmtyproduct status=SUCCESS method=productsearchtest.searchepmtyproduct()[pri...)</span>
                <span class="method-start">829746 ms</span>
              </div> <!-- configuration-method after -->
              <div class="configuration-method before">
                <span class="method-name">initializeWebDriver</span>
                <span class="method-start">845993 ms</span>
              </div> <!-- configuration-method before -->
              <div class="configuration-method before">
                <span class="method-name">navigateSite</span>
                <span class="method-start">847337 ms</span>
              </div> <!-- configuration-method before -->
              <div class="configuration-method before">
                <span class="method-name">startTest(public void flipkarttests.productsearchtest.searchwrongproduct() throws java.lang.InterruptedExcepti...)</span>
                <span class="method-start">874382 ms</span>
              </div> <!-- configuration-method before -->
              <div class="test-method">
                <span class="method-name">searchwrongproduct</span>
                <span class="method-start">874382 ms</span>
              </div> <!-- test-method -->
              <div class="configuration-method after">
                <span class="method-name">resultTest([TestResult name=searchwrongproduct status=SUCCESS method=productsearchtest.searchwrongproduct()[pri...)</span>
                <span class="method-start">877638 ms</span>
              </div> <!-- configuration-method after -->
            </div> <!-- chronological-class -->
            <div class="chronological-class">
              <div class="chronological-class-name">flipkarttests.signupcredentialstest</div> <!-- chronological-class-name -->
              <div class="configuration-method before">
                <span class="method-name">initializeWebDriver</span>
                <span class="method-start">893904 ms</span>
              </div> <!-- configuration-method before -->
              <div class="configuration-method before">
                <span class="method-name">navigateSite</span>
                <span class="method-start">895138 ms</span>
              </div> <!-- configuration-method before -->
              <div class="configuration-method before">
                <span class="method-name">startTest(public void flipkarttests.signupcredentialstest.invalidsignUpcredential1() throws java.lang.Interrup...)</span>
                <span class="method-start">941277 ms</span>
              </div> <!-- configuration-method before -->
              <div class="test-method">
                <span class="method-name">invalidsignUpcredential1</span>
                <span class="method-start">941278 ms</span>
              </div> <!-- test-method -->
              <div class="configuration-method after">
                <span class="method-name">resultTest([TestResult name=invalidsignUpcredential1 status=SUCCESS method=signupcredentialstest.invalidsignUpc...)</span>
                <span class="method-start">945460 ms</span>
              </div> <!-- configuration-method after -->
              <div class="configuration-method before">
                <span class="method-name">initializeWebDriver</span>
                <span class="method-start">961680 ms</span>
              </div> <!-- configuration-method before -->
              <div class="configuration-method before">
                <span class="method-name">navigateSite</span>
                <span class="method-start">962904 ms</span>
              </div> <!-- configuration-method before -->
              <div class="configuration-method before">
                <span class="method-name">startTest(public void flipkarttests.signupcredentialstest.invalidsignUpcredential2() throws java.lang.Interrup...)</span>
                <span class="method-start">986833 ms</span>
              </div> <!-- configuration-method before -->
              <div class="test-method">
                <span class="method-name">invalidsignUpcredential2</span>
                <span class="method-start">986833 ms</span>
              </div> <!-- test-method -->
              <div class="configuration-method after">
                <span class="method-name">resultTest([TestResult name=invalidsignUpcredential2 status=SUCCESS method=signupcredentialstest.invalidsignUpc...)</span>
                <span class="method-start">991004 ms</span>
              </div> <!-- configuration-method after -->
              <div class="configuration-method before">
                <span class="method-name">initializeWebDriver</span>
                <span class="method-start">1007209 ms</span>
              </div> <!-- configuration-method before -->
              <div class="configuration-method before">
                <span class="method-name">navigateSite</span>
                <span class="method-start">1008440 ms</span>
              </div> <!-- configuration-method before -->
              <div class="configuration-method before">
                <span class="method-name">startTest(public void flipkarttests.signupcredentialstest.invalidsignUpcredential3() throws java.lang.Interrup...)</span>
                <span class="method-start">1031275 ms</span>
              </div> <!-- configuration-method before -->
              <div class="test-method">
                <span class="method-name">invalidsignUpcredential3</span>
                <span class="method-start">1031276 ms</span>
              </div> <!-- test-method -->
              <div class="configuration-method after">
                <span class="method-name">resultTest([TestResult name=invalidsignUpcredential3 status=SUCCESS method=signupcredentialstest.invalidsignUpc...)</span>
                <span class="method-start">1035462 ms</span>
              </div> <!-- configuration-method after -->
              <div class="configuration-method before">
                <span class="method-name">initializeWebDriver</span>
                <span class="method-start">1051700 ms</span>
              </div> <!-- configuration-method before -->
              <div class="configuration-method before">
                <span class="method-name">navigateSite</span>
                <span class="method-start">1052952 ms</span>
              </div> <!-- configuration-method before -->
              <div class="test-method">
                <span class="method-name">validsignUpcredential</span>
                <span class="method-start">1077580 ms</span>
              </div> <!-- test-method -->
              <div class="configuration-method before">
                <span class="method-name">startTest(public void flipkarttests.signupcredentialstest.validsignUpcredential() throws java.lang.Interrupted...)</span>
                <span class="method-start">1077580 ms</span>
              </div> <!-- configuration-method before -->
              <div class="configuration-method after">
                <span class="method-name">resultTest([TestResult name=validsignUpcredential status=SUCCESS method=signupcredentialstest.validsignUpcreden...)</span>
                <span class="method-start">1081772 ms</span>
              </div> <!-- configuration-method after -->
              <div class="configuration-method before">
                <span class="method-name">initializeWebDriver</span>
                <span class="method-start">1098041 ms</span>
              </div> <!-- configuration-method before -->
              <div class="configuration-method before">
                <span class="method-name">navigateSite</span>
                <span class="method-start">1099356 ms</span>
              </div> <!-- configuration-method before -->
              <div class="configuration-method before">
                <span class="method-name">startTest(public void flipkarttests.signupcredentialstest.emptysignupcredential() throws java.lang.Interrupted...)</span>
                <span class="method-start">1147303 ms</span>
              </div> <!-- configuration-method before -->
              <div class="test-method">
                <span class="method-name">emptysignupcredential</span>
                <span class="method-start">1147303 ms</span>
              </div> <!-- test-method -->
              <div class="configuration-method after">
                <span class="method-name">resultTest([TestResult name=emptysignupcredential status=SUCCESS method=signupcredentialstest.emptysignupcreden...)</span>
                <span class="method-start">1151563 ms</span>
              </div> <!-- configuration-method after -->
            </div> <!-- chronological-class -->
            <div class="chronological-class">
              <div class="chronological-class-name">flipkarttests.showcarttest</div> <!-- chronological-class-name -->
              <div class="configuration-method before">
                <span class="method-name">initializeWebDriver</span>
                <span class="method-start">1167830 ms</span>
              </div> <!-- configuration-method before -->
              <div class="configuration-method before">
                <span class="method-name">navigateSite</span>
                <span class="method-start">1169241 ms</span>
              </div> <!-- configuration-method before -->
              <div class="test-method">
                <span class="method-name">showcart</span>
                <span class="method-start">1235965 ms</span>
              </div> <!-- test-method -->
              <div class="configuration-method before">
                <span class="method-name">startTest(public void flipkarttests.showcarttest.showcart() throws java.lang.InterruptedException)</span>
                <span class="method-start">1235965 ms</span>
              </div> <!-- configuration-method before -->
              <div class="configuration-method after">
                <span class="method-name">resultTest([TestResult name=showcart status=SUCCESS method=showcarttest.showcart()[pri:1, instance:flipkarttest...)</span>
                <span class="method-start">1243331 ms</span>
              </div> <!-- configuration-method after -->
            </div> <!-- chronological-class -->
            <div class="chronological-class">
              <div class="chronological-class-name">flipkarttests.logintest</div> <!-- chronological-class-name -->
              <div class="configuration-suite after">
                <span class="method-name">endReport</span>
                <span class="method-start">1259681 ms</span>
              </div> <!-- configuration-suite after -->
          </div> <!-- main-panel-content rounded-window-bottom -->
        </div> <!-- panel -->
      </div> <!-- main-panel-root -->
    </div> <!-- wrapper -->
  </body>
<script type="text/javascript" src="testng-reports2.js"></script>
</html>
