<?xml version="1.0" encoding="UTF-8"?>
<testng-results ignored="12" total="33" passed="15" failed="6" skipped="0">
  <reporter-output>
  </reporter-output>
  <suite started-at="2022-12-12T10:17:21 IST" name="Suite" finished-at="2022-12-12T10:38:21 IST" duration-ms="1259487">
    <groups>
      <group name="valid">
        <method signature="comparisonproducttest.AddItem()[pri:1, instance:flipkarttests.comparisonproducttest@791f145a]" name="AddItem" class="flipkarttests.comparisonproducttest"/>
        <method signature="logintest.validcredentialLogin()[pri:1, instance:flipkarttests.logintest@6221a451]" name="validcredentialLogin" class="flipkarttests.logintest"/>
        <method signature="productitemoffertest.validLogin()[pri:1, instance:flipkarttests.productitemoffertest@1e0b4072]" name="validLogin" class="flipkarttests.productitemoffertest"/>
        <method signature="productsearchtest.searchproduct()[pri:1, instance:flipkarttests.productsearchtest@4b45a2f5]" name="searchproduct" class="flipkarttests.productsearchtest"/>
        <method signature="sellerstest.validseller()[pri:1, instance:flipkarttests.sellerstest@38cee291]" name="validseller" class="flipkarttests.sellerstest"/>
        <method signature="showcarttest.showcart()[pri:1, instance:flipkarttests.showcarttest@e350b40]" name="showcart" class="flipkarttests.showcarttest"/>
        <method signature="signupcredentialstest.invalidsignUpcredential2()[pri:2, instance:flipkarttests.signupcredentialstest@f09733f]" name="invalidsignUpcredential2" class="flipkarttests.signupcredentialstest"/>
        <method signature="signupcredentialstest.invalidsignUpcredential3()[pri:3, instance:flipkarttests.signupcredentialstest@f09733f]" name="invalidsignUpcredential3" class="flipkarttests.signupcredentialstest"/>
        <method signature="signupcredentialstest.validsignUpcredential()[pri:4, instance:flipkarttests.signupcredentialstest@f09733f]" name="validsignUpcredential" class="flipkarttests.signupcredentialstest"/>
        <method signature="signupcredentialstest.emptysignupcredential()[pri:5, instance:flipkarttests.signupcredentialstest@f09733f]" name="emptysignupcredential" class="flipkarttests.signupcredentialstest"/>
      </group> <!-- valid -->
      <group name="invalid">
        <method signature="logintest.invalidcredentialLogin1()[pri:2, instance:flipkarttests.logintest@6221a451]" name="invalidcredentialLogin1" class="flipkarttests.logintest"/>
        <method signature="logintest.invalidcredentialLogin2()[pri:3, instance:flipkarttests.logintest@6221a451]" name="invalidcredentialLogin2" class="flipkarttests.logintest"/>
        <method signature="logintest.invalidcredentialLogin4()[pri:4, instance:flipkarttests.logintest@6221a451]" name="invalidcredentialLogin4" class="flipkarttests.logintest"/>
        <method signature="logintest.invalidLogin5()[pri:5, instance:flipkarttests.logintest@6221a451]" name="invalidLogin5" class="flipkarttests.logintest"/>
        <method signature="logintest.invalidLogin6()[pri:6, instance:flipkarttests.logintest@6221a451]" name="invalidLogin6" class="flipkarttests.logintest"/>
      </group> <!-- invalid -->
      <group name="sanity">
        <method signature="comparisonproducttest.AddItem()[pri:1, instance:flipkarttests.comparisonproducttest@791f145a]" name="AddItem" class="flipkarttests.comparisonproducttest"/>
        <method signature="logintest.validcredentialLogin()[pri:1, instance:flipkarttests.logintest@6221a451]" name="validcredentialLogin" class="flipkarttests.logintest"/>
        <method signature="productitemoffertest.validLogin()[pri:1, instance:flipkarttests.productitemoffertest@1e0b4072]" name="validLogin" class="flipkarttests.productitemoffertest"/>
        <method signature="productsearchtest.searchproduct()[pri:1, instance:flipkarttests.productsearchtest@4b45a2f5]" name="searchproduct" class="flipkarttests.productsearchtest"/>
        <method signature="sellerstest.validseller()[pri:1, instance:flipkarttests.sellerstest@38cee291]" name="validseller" class="flipkarttests.sellerstest"/>
        <method signature="showcarttest.showcart()[pri:1, instance:flipkarttests.showcarttest@e350b40]" name="showcart" class="flipkarttests.showcarttest"/>
        <method signature="signupcredentialstest.invalidsignUpcredential1()[pri:1, instance:flipkarttests.signupcredentialstest@f09733f]" name="invalidsignUpcredential1" class="flipkarttests.signupcredentialstest"/>
        <method signature="logintest.invalidcredentialLogin1()[pri:2, instance:flipkarttests.logintest@6221a451]" name="invalidcredentialLogin1" class="flipkarttests.logintest"/>
        <method signature="productsearchtest.searchepmtyproduct()[pri:2, instance:flipkarttests.productsearchtest@4b45a2f5]" name="searchepmtyproduct" class="flipkarttests.productsearchtest"/>
        <method signature="sellerstest.invalidseller1()[pri:2, instance:flipkarttests.sellerstest@38cee291]" name="invalidseller1" class="flipkarttests.sellerstest"/>
        <method signature="signupcredentialstest.invalidsignUpcredential2()[pri:2, instance:flipkarttests.signupcredentialstest@f09733f]" name="invalidsignUpcredential2" class="flipkarttests.signupcredentialstest"/>
        <method signature="logintest.invalidcredentialLogin2()[pri:3, instance:flipkarttests.logintest@6221a451]" name="invalidcredentialLogin2" class="flipkarttests.logintest"/>
        <method signature="productsearchtest.searchwrongproduct()[pri:3, instance:flipkarttests.productsearchtest@4b45a2f5]" name="searchwrongproduct" class="flipkarttests.productsearchtest"/>
        <method signature="sellerstest.invalidseller2()[pri:3, instance:flipkarttests.sellerstest@38cee291]" name="invalidseller2" class="flipkarttests.sellerstest"/>
        <method signature="signupcredentialstest.invalidsignUpcredential3()[pri:3, instance:flipkarttests.signupcredentialstest@f09733f]" name="invalidsignUpcredential3" class="flipkarttests.signupcredentialstest"/>
        <method signature="logintest.invalidcredentialLogin4()[pri:4, instance:flipkarttests.logintest@6221a451]" name="invalidcredentialLogin4" class="flipkarttests.logintest"/>
        <method signature="sellerstest.invalidseller3()[pri:4, instance:flipkarttests.sellerstest@38cee291]" name="invalidseller3" class="flipkarttests.sellerstest"/>
        <method signature="signupcredentialstest.validsignUpcredential()[pri:4, instance:flipkarttests.signupcredentialstest@f09733f]" name="validsignUpcredential" class="flipkarttests.signupcredentialstest"/>
        <method signature="logintest.invalidLogin5()[pri:5, instance:flipkarttests.logintest@6221a451]" name="invalidLogin5" class="flipkarttests.logintest"/>
        <method signature="signupcredentialstest.emptysignupcredential()[pri:5, instance:flipkarttests.signupcredentialstest@f09733f]" name="emptysignupcredential" class="flipkarttests.signupcredentialstest"/>
        <method signature="logintest.invalidLogin6()[pri:6, instance:flipkarttests.logintest@6221a451]" name="invalidLogin6" class="flipkarttests.logintest"/>
      </group> <!-- sanity -->
      <group name="Invalid">
        <method signature="signupcredentialstest.invalidsignUpcredential1()[pri:1, instance:flipkarttests.signupcredentialstest@f09733f]" name="invalidsignUpcredential1" class="flipkarttests.signupcredentialstest"/>
        <method signature="productsearchtest.searchepmtyproduct()[pri:2, instance:flipkarttests.productsearchtest@4b45a2f5]" name="searchepmtyproduct" class="flipkarttests.productsearchtest"/>
        <method signature="sellerstest.invalidseller1()[pri:2, instance:flipkarttests.sellerstest@38cee291]" name="invalidseller1" class="flipkarttests.sellerstest"/>
        <method signature="productsearchtest.searchwrongproduct()[pri:3, instance:flipkarttests.productsearchtest@4b45a2f5]" name="searchwrongproduct" class="flipkarttests.productsearchtest"/>
        <method signature="sellerstest.invalidseller2()[pri:3, instance:flipkarttests.sellerstest@38cee291]" name="invalidseller2" class="flipkarttests.sellerstest"/>
        <method signature="sellerstest.invalidseller3()[pri:4, instance:flipkarttests.sellerstest@38cee291]" name="invalidseller3" class="flipkarttests.sellerstest"/>
      </group> <!-- Invalid -->
    </groups>
    <test started-at="2022-12-12T10:17:21 IST" name="Test" finished-at="2022-12-12T10:38:21 IST" duration-ms="1259487">
      <class name="flipkarttests.sellerstest">
        <test-method is-config="true" signature="initializeWebDriver()[pri:0, instance:flipkarttests.sellerstest@38cee291]" started-at="2022-12-12T10:25:44 IST" name="initializeWebDriver" finished-at="2022-12-12T10:25:46 IST" duration-ms="1321" status="PASS">
          <reporter-output>
          </reporter-output>
        </test-method> <!-- initializeWebDriver -->
        <test-method is-config="true" signature="navigateSite()[pri:0, instance:flipkarttests.sellerstest@38cee291]" started-at="2022-12-12T10:25:46 IST" name="navigateSite" finished-at="2022-12-12T10:26:12 IST" duration-ms="25986" status="PASS">
          <reporter-output>
          </reporter-output>
        </test-method> <!-- navigateSite -->
        <test-method is-config="true" signature="startTest(java.lang.reflect.Method)[pri:0, instance:flipkarttests.sellerstest@38cee291]" started-at="2022-12-12T10:26:12 IST" name="startTest" finished-at="2022-12-12T10:26:12 IST" duration-ms="1" status="PASS">
          <params>
            <param index="0">
              <value>
                <![CDATA[public void flipkarttests.sellerstest.validseller() throws java.lang.InterruptedException]]>
              </value>
            </param>
          </params>
          <reporter-output>
          </reporter-output>
        </test-method> <!-- startTest -->
        <test-method signature="validseller()[pri:1, instance:flipkarttests.sellerstest@38cee291]" started-at="2022-12-12T10:26:12 IST" name="validseller" finished-at="2022-12-12T10:26:36 IST" duration-ms="24266" status="FAIL">
          <exception class="org.openqa.selenium.NoSuchElementException">
            <message>
              <![CDATA[no such element: Unable to locate element: {"method":"xpath","selector":"//div[@class='styles__RegisterText-r412un-24 sILEL']"}
  (Session info: chrome=108.0.5359.99)
For documentation on this error, please visit: https://selenium.dev/exceptions/#no_such_element
Build info: version: '4.1.3', revision: '7b1ebf28ef'
System info: host: 'IN-5W1SP13', ip: '192.168.0.112', os.name: 'Windows 10', os.arch: 'amd64', os.version: '10.0', java.version: '11'
Driver info: org.openqa.selenium.chrome.ChromeDriver
Command: [b7adc0114fb423f6932c63e37464bbad, findElement {using=xpath, value=//div[@class='styles__RegisterText-r412un-24 sILEL']}]
Capabilities {acceptInsecureCerts: false, browserName: chrome, browserVersion: 108.0.5359.99, chrome: {chromedriverVersion: 108.0.5359.71 (1e0e3868ee06..., userDataDir: C:\Users\SAJANS~1\AppData\L...}, goog:chromeOptions: {debuggerAddress: localhost:61360}, javascriptEnabled: true, networkConnectionEnabled: false, pageLoadStrategy: normal, platform: WINDOWS, platformName: WINDOWS, proxy: Proxy(), se:cdp: ws://localhost:61360/devtoo..., se:cdpVersion: 108.0.5359.99, setWindowRect: true, strictFileInteractability: false, timeouts: {implicit: 0, pageLoad: 300000, script: 30000}, unhandledPromptBehavior: dismiss and notify, webauthn:extension:credBlob: true, webauthn:extension:largeBlob: true, webauthn:virtualAuthenticators: true}
Session ID: b7adc0114fb423f6932c63e37464bbad]]>
            </message>
            <full-stacktrace>
              <![CDATA[org.openqa.selenium.NoSuchElementException: no such element: Unable to locate element: {"method":"xpath","selector":"//div[@class='styles__RegisterText-r412un-24 sILEL']"}
  (Session info: chrome=108.0.5359.99)
For documentation on this error, please visit: https://selenium.dev/exceptions/#no_such_element
Build info: version: '4.1.3', revision: '7b1ebf28ef'
System info: host: 'IN-5W1SP13', ip: '192.168.0.112', os.name: 'Windows 10', os.arch: 'amd64', os.version: '10.0', java.version: '11'
Driver info: org.openqa.selenium.chrome.ChromeDriver
Command: [b7adc0114fb423f6932c63e37464bbad, findElement {using=xpath, value=//div[@class='styles__RegisterText-r412un-24 sILEL']}]
Capabilities {acceptInsecureCerts: false, browserName: chrome, browserVersion: 108.0.5359.99, chrome: {chromedriverVersion: 108.0.5359.71 (1e0e3868ee06..., userDataDir: C:\Users\SAJANS~1\AppData\L...}, goog:chromeOptions: {debuggerAddress: localhost:61360}, javascriptEnabled: true, networkConnectionEnabled: false, pageLoadStrategy: normal, platform: WINDOWS, platformName: WINDOWS, proxy: Proxy(), se:cdp: ws://localhost:61360/devtoo..., se:cdpVersion: 108.0.5359.99, setWindowRect: true, strictFileInteractability: false, timeouts: {implicit: 0, pageLoad: 300000, script: 30000}, unhandledPromptBehavior: dismiss and notify, webauthn:extension:credBlob: true, webauthn:extension:largeBlob: true, webauthn:virtualAuthenticators: true}
Session ID: b7adc0114fb423f6932c63e37464bbad
at java.base/jdk.internal.reflect.NativeConstructorAccessorImpl.newInstance0(Native Method)
at java.base/jdk.internal.reflect.NativeConstructorAccessorImpl.newInstance(NativeConstructorAccessorImpl.java:62)
at java.base/jdk.internal.reflect.DelegatingConstructorAccessorImpl.newInstance(DelegatingConstructorAccessorImpl.java:45)
at java.base/java.lang.reflect.Constructor.newInstance(Constructor.java:490)
at org.openqa.selenium.remote.codec.w3c.W3CHttpResponseCodec.createException(W3CHttpResponseCodec.java:200)
at org.openqa.selenium.remote.codec.w3c.W3CHttpResponseCodec.decode(W3CHttpResponseCodec.java:133)
at org.openqa.selenium.remote.codec.w3c.W3CHttpResponseCodec.decode(W3CHttpResponseCodec.java:53)
at org.openqa.selenium.remote.HttpCommandExecutor.execute(HttpCommandExecutor.java:184)
at org.openqa.selenium.remote.service.DriverCommandExecutor.invokeExecute(DriverCommandExecutor.java:167)
at org.openqa.selenium.remote.service.DriverCommandExecutor.execute(DriverCommandExecutor.java:142)
at org.openqa.selenium.remote.RemoteWebDriver.execute(RemoteWebDriver.java:567)
at org.openqa.selenium.remote.ElementLocation$ElementFinder$2.findElement(ElementLocation.java:162)
at org.openqa.selenium.remote.ElementLocation.findElement(ElementLocation.java:60)
at org.openqa.selenium.remote.RemoteWebDriver.findElement(RemoteWebDriver.java:385)
at org.openqa.selenium.remote.RemoteWebDriver.findElement(RemoteWebDriver.java:377)
at org.openqa.selenium.support.pagefactory.DefaultElementLocator.findElement(DefaultElementLocator.java:70)
at org.openqa.selenium.support.pagefactory.internal.LocatingElementHandler.invoke(LocatingElementHandler.java:39)
at com.sun.proxy.$Proxy18.click(Unknown Source)
at Flipkartpages.sellerspage.ClickRegister(sellerspage.java:45)
at flipkarttests.sellerstest.validseller(sellerstest.java:20)
at java.base/jdk.internal.reflect.NativeMethodAccessorImpl.invoke0(Native Method)
at java.base/jdk.internal.reflect.NativeMethodAccessorImpl.invoke(NativeMethodAccessorImpl.java:62)
at java.base/jdk.internal.reflect.DelegatingMethodAccessorImpl.invoke(DelegatingMethodAccessorImpl.java:43)
at java.base/java.lang.reflect.Method.invoke(Method.java:566)
at org.testng.internal.invokers.MethodInvocationHelper.invokeMethod(MethodInvocationHelper.java:135)
at org.testng.internal.invokers.TestInvoker.invokeMethod(TestInvoker.java:673)
at org.testng.internal.invokers.TestInvoker.invokeTestMethod(TestInvoker.java:220)
at org.testng.internal.invokers.MethodRunner.runInSequence(MethodRunner.java:50)
at org.testng.internal.invokers.TestInvoker$MethodInvocationAgent.invoke(TestInvoker.java:945)
at org.testng.internal.invokers.TestInvoker.invokeTestMethods(TestInvoker.java:193)
at org.testng.internal.invokers.TestMethodWorker.invokeTestMethods(TestMethodWorker.java:146)
at org.testng.internal.invokers.TestMethodWorker.run(TestMethodWorker.java:128)
at java.base/java.util.ArrayList.forEach(ArrayList.java:1540)
at org.testng.TestRunner.privateRun(TestRunner.java:808)
at org.testng.TestRunner.run(TestRunner.java:603)
at org.testng.SuiteRunner.runTest(SuiteRunner.java:429)
at org.testng.SuiteRunner.runSequentially(SuiteRunner.java:423)
at org.testng.SuiteRunner.privateRun(SuiteRunner.java:383)
at org.testng.SuiteRunner.run(SuiteRunner.java:326)
at org.testng.SuiteRunnerWorker.runSuite(SuiteRunnerWorker.java:52)
at org.testng.SuiteRunnerWorker.run(SuiteRunnerWorker.java:95)
at org.testng.TestNG.runSuitesSequentially(TestNG.java:1249)
at org.testng.TestNG.runSuitesLocally(TestNG.java:1169)
at org.testng.TestNG.runSuites(TestNG.java:1092)
at org.testng.TestNG.run(TestNG.java:1060)
at org.testng.remote.AbstractRemoteTestNG.run(AbstractRemoteTestNG.java:115)
at org.testng.remote.RemoteTestNG.initAndRun(RemoteTestNG.java:251)
at org.testng.remote.RemoteTestNG.main(RemoteTestNG.java:77)
]]>
            </full-stacktrace>
          </exception> <!-- org.openqa.selenium.NoSuchElementException -->
          <reporter-output>
          </reporter-output>
        </test-method> <!-- validseller -->
        <test-method is-config="true" signature="resultTest(org.testng.ITestResult)[pri:0, instance:flipkarttests.sellerstest@38cee291]" started-at="2022-12-12T10:26:36 IST" name="resultTest" finished-at="2022-12-12T10:26:52 IST" duration-ms="16640" status="PASS">
          <params>
            <param index="0">
              <value>
                <![CDATA[[TestResult name=validseller status=FAILURE method=sellerstest.validseller()[pri:1, instance:flipkarttests.sellerstest@38cee291] output={null}]]]>
              </value>
            </param>
          </params>
          <reporter-output>
          </reporter-output>
        </test-method> <!-- resultTest -->
        <test-method is-config="true" signature="initializeWebDriver()[pri:0, instance:flipkarttests.sellerstest@38cee291]" started-at="2022-12-12T10:26:52 IST" name="initializeWebDriver" finished-at="2022-12-12T10:26:54 IST" duration-ms="1373" status="PASS">
          <reporter-output>
          </reporter-output>
        </test-method> <!-- initializeWebDriver -->
        <test-method is-config="true" signature="navigateSite()[pri:0, instance:flipkarttests.sellerstest@38cee291]" started-at="2022-12-12T10:26:54 IST" name="navigateSite" finished-at="2022-12-12T10:27:18 IST" duration-ms="24171" status="PASS">
          <reporter-output>
          </reporter-output>
        </test-method> <!-- navigateSite -->
        <test-method is-config="true" signature="startTest(java.lang.reflect.Method)[pri:0, instance:flipkarttests.sellerstest@38cee291]" started-at="2022-12-12T10:27:18 IST" name="startTest" finished-at="2022-12-12T10:27:18 IST" duration-ms="1" status="PASS">
          <params>
            <param index="0">
              <value>
                <![CDATA[public void flipkarttests.sellerstest.invalidseller1() throws java.lang.InterruptedException]]>
              </value>
            </param>
          </params>
          <reporter-output>
          </reporter-output>
        </test-method> <!-- startTest -->
        <test-method signature="invalidseller1()[pri:2, instance:flipkarttests.sellerstest@38cee291]" started-at="2022-12-12T10:27:18 IST" name="invalidseller1" finished-at="2022-12-12T10:27:38 IST" duration-ms="20144" status="FAIL">
          <exception class="org.openqa.selenium.NoSuchElementException">
            <message>
              <![CDATA[no such element: Unable to locate element: {"method":"xpath","selector":"//div[@class='styles__RegisterText-r412un-24 sILEL']"}
  (Session info: chrome=108.0.5359.99)
For documentation on this error, please visit: https://selenium.dev/exceptions/#no_such_element
Build info: version: '4.1.3', revision: '7b1ebf28ef'
System info: host: 'IN-5W1SP13', ip: '192.168.0.112', os.name: 'Windows 10', os.arch: 'amd64', os.version: '10.0', java.version: '11'
Driver info: org.openqa.selenium.chrome.ChromeDriver
Command: [0b748e13d7234cac8aa3de7c087f28a6, findElement {using=xpath, value=//div[@class='styles__RegisterText-r412un-24 sILEL']}]
Capabilities {acceptInsecureCerts: false, browserName: chrome, browserVersion: 108.0.5359.99, chrome: {chromedriverVersion: 108.0.5359.71 (1e0e3868ee06..., userDataDir: C:\Users\SAJANS~1\AppData\L...}, goog:chromeOptions: {debuggerAddress: localhost:61530}, javascriptEnabled: true, networkConnectionEnabled: false, pageLoadStrategy: normal, platform: WINDOWS, platformName: WINDOWS, proxy: Proxy(), se:cdp: ws://localhost:61530/devtoo..., se:cdpVersion: 108.0.5359.99, setWindowRect: true, strictFileInteractability: false, timeouts: {implicit: 0, pageLoad: 300000, script: 30000}, unhandledPromptBehavior: dismiss and notify, webauthn:extension:credBlob: true, webauthn:extension:largeBlob: true, webauthn:virtualAuthenticators: true}
Session ID: 0b748e13d7234cac8aa3de7c087f28a6]]>
            </message>
            <full-stacktrace>
              <![CDATA[org.openqa.selenium.NoSuchElementException: no such element: Unable to locate element: {"method":"xpath","selector":"//div[@class='styles__RegisterText-r412un-24 sILEL']"}
  (Session info: chrome=108.0.5359.99)
For documentation on this error, please visit: https://selenium.dev/exceptions/#no_such_element
Build info: version: '4.1.3', revision: '7b1ebf28ef'
System info: host: 'IN-5W1SP13', ip: '192.168.0.112', os.name: 'Windows 10', os.arch: 'amd64', os.version: '10.0', java.version: '11'
Driver info: org.openqa.selenium.chrome.ChromeDriver
Command: [0b748e13d7234cac8aa3de7c087f28a6, findElement {using=xpath, value=//div[@class='styles__RegisterText-r412un-24 sILEL']}]
Capabilities {acceptInsecureCerts: false, browserName: chrome, browserVersion: 108.0.5359.99, chrome: {chromedriverVersion: 108.0.5359.71 (1e0e3868ee06..., userDataDir: C:\Users\SAJANS~1\AppData\L...}, goog:chromeOptions: {debuggerAddress: localhost:61530}, javascriptEnabled: true, networkConnectionEnabled: false, pageLoadStrategy: normal, platform: WINDOWS, platformName: WINDOWS, proxy: Proxy(), se:cdp: ws://localhost:61530/devtoo..., se:cdpVersion: 108.0.5359.99, setWindowRect: true, strictFileInteractability: false, timeouts: {implicit: 0, pageLoad: 300000, script: 30000}, unhandledPromptBehavior: dismiss and notify, webauthn:extension:credBlob: true, webauthn:extension:largeBlob: true, webauthn:virtualAuthenticators: true}
Session ID: 0b748e13d7234cac8aa3de7c087f28a6
at java.base/jdk.internal.reflect.NativeConstructorAccessorImpl.newInstance0(Native Method)
at java.base/jdk.internal.reflect.NativeConstructorAccessorImpl.newInstance(NativeConstructorAccessorImpl.java:62)
at java.base/jdk.internal.reflect.DelegatingConstructorAccessorImpl.newInstance(DelegatingConstructorAccessorImpl.java:45)
at java.base/java.lang.reflect.Constructor.newInstance(Constructor.java:490)
at org.openqa.selenium.remote.codec.w3c.W3CHttpResponseCodec.createException(W3CHttpResponseCodec.java:200)
at org.openqa.selenium.remote.codec.w3c.W3CHttpResponseCodec.decode(W3CHttpResponseCodec.java:133)
at org.openqa.selenium.remote.codec.w3c.W3CHttpResponseCodec.decode(W3CHttpResponseCodec.java:53)
at org.openqa.selenium.remote.HttpCommandExecutor.execute(HttpCommandExecutor.java:184)
at org.openqa.selenium.remote.service.DriverCommandExecutor.invokeExecute(DriverCommandExecutor.java:167)
at org.openqa.selenium.remote.service.DriverCommandExecutor.execute(DriverCommandExecutor.java:142)
at org.openqa.selenium.remote.RemoteWebDriver.execute(RemoteWebDriver.java:567)
at org.openqa.selenium.remote.ElementLocation$ElementFinder$2.findElement(ElementLocation.java:162)
at org.openqa.selenium.remote.ElementLocation.findElement(ElementLocation.java:60)
at org.openqa.selenium.remote.RemoteWebDriver.findElement(RemoteWebDriver.java:385)
at org.openqa.selenium.remote.RemoteWebDriver.findElement(RemoteWebDriver.java:377)
at org.openqa.selenium.support.pagefactory.DefaultElementLocator.findElement(DefaultElementLocator.java:70)
at org.openqa.selenium.support.pagefactory.internal.LocatingElementHandler.invoke(LocatingElementHandler.java:39)
at com.sun.proxy.$Proxy18.click(Unknown Source)
at Flipkartpages.sellerspage.ClickRegister(sellerspage.java:45)
at flipkarttests.sellerstest.invalidseller1(sellerstest.java:35)
at java.base/jdk.internal.reflect.NativeMethodAccessorImpl.invoke0(Native Method)
at java.base/jdk.internal.reflect.NativeMethodAccessorImpl.invoke(NativeMethodAccessorImpl.java:62)
at java.base/jdk.internal.reflect.DelegatingMethodAccessorImpl.invoke(DelegatingMethodAccessorImpl.java:43)
at java.base/java.lang.reflect.Method.invoke(Method.java:566)
at org.testng.internal.invokers.MethodInvocationHelper.invokeMethod(MethodInvocationHelper.java:135)
at org.testng.internal.invokers.TestInvoker.invokeMethod(TestInvoker.java:673)
at org.testng.internal.invokers.TestInvoker.invokeTestMethod(TestInvoker.java:220)
at org.testng.internal.invokers.MethodRunner.runInSequence(MethodRunner.java:50)
at org.testng.internal.invokers.TestInvoker$MethodInvocationAgent.invoke(TestInvoker.java:945)
at org.testng.internal.invokers.TestInvoker.invokeTestMethods(TestInvoker.java:193)
at org.testng.internal.invokers.TestMethodWorker.invokeTestMethods(TestMethodWorker.java:146)
at org.testng.internal.invokers.TestMethodWorker.run(TestMethodWorker.java:128)
at java.base/java.util.ArrayList.forEach(ArrayList.java:1540)
at org.testng.TestRunner.privateRun(TestRunner.java:808)
at org.testng.TestRunner.run(TestRunner.java:603)
at org.testng.SuiteRunner.runTest(SuiteRunner.java:429)
at org.testng.SuiteRunner.runSequentially(SuiteRunner.java:423)
at org.testng.SuiteRunner.privateRun(SuiteRunner.java:383)
at org.testng.SuiteRunner.run(SuiteRunner.java:326)
at org.testng.SuiteRunnerWorker.runSuite(SuiteRunnerWorker.java:52)
at org.testng.SuiteRunnerWorker.run(SuiteRunnerWorker.java:95)
at org.testng.TestNG.runSuitesSequentially(TestNG.java:1249)
at org.testng.TestNG.runSuitesLocally(TestNG.java:1169)
at org.testng.TestNG.runSuites(TestNG.java:1092)
at org.testng.TestNG.run(TestNG.java:1060)
at org.testng.remote.AbstractRemoteTestNG.run(AbstractRemoteTestNG.java:115)
at org.testng.remote.RemoteTestNG.initAndRun(RemoteTestNG.java:251)
at org.testng.remote.RemoteTestNG.main(RemoteTestNG.java:77)
]]>
            </full-stacktrace>
          </exception> <!-- org.openqa.selenium.NoSuchElementException -->
          <reporter-output>
          </reporter-output>
        </test-method> <!-- invalidseller1 -->
        <test-method is-config="true" signature="resultTest(org.testng.ITestResult)[pri:0, instance:flipkarttests.sellerstest@38cee291]" started-at="2022-12-12T10:27:38 IST" name="resultTest" finished-at="2022-12-12T10:27:39 IST" duration-ms="556" status="PASS">
          <params>
            <param index="0">
              <value>
                <![CDATA[[TestResult name=invalidseller1 status=FAILURE method=sellerstest.invalidseller1()[pri:2, instance:flipkarttests.sellerstest@38cee291] output={null}]]]>
              </value>
            </param>
          </params>
          <reporter-output>
          </reporter-output>
        </test-method> <!-- resultTest -->
        <test-method is-config="true" signature="initializeWebDriver()[pri:0, instance:flipkarttests.sellerstest@38cee291]" started-at="2022-12-12T10:27:39 IST" name="initializeWebDriver" finished-at="2022-12-12T10:27:40 IST" duration-ms="1395" status="PASS">
          <reporter-output>
          </reporter-output>
        </test-method> <!-- initializeWebDriver -->
        <test-method is-config="true" signature="navigateSite()[pri:0, instance:flipkarttests.sellerstest@38cee291]" started-at="2022-12-12T10:27:40 IST" name="navigateSite" finished-at="2022-12-12T10:28:31 IST" duration-ms="51137" status="PASS">
          <reporter-output>
          </reporter-output>
        </test-method> <!-- navigateSite -->
        <test-method is-config="true" signature="startTest(java.lang.reflect.Method)[pri:0, instance:flipkarttests.sellerstest@38cee291]" started-at="2022-12-12T10:28:31 IST" name="startTest" finished-at="2022-12-12T10:28:31 IST" duration-ms="1" status="PASS">
          <params>
            <param index="0">
              <value>
                <![CDATA[public void flipkarttests.sellerstest.invalidseller2() throws java.lang.InterruptedException]]>
              </value>
            </param>
          </params>
          <reporter-output>
          </reporter-output>
        </test-method> <!-- startTest -->
        <test-method signature="invalidseller2()[pri:3, instance:flipkarttests.sellerstest@38cee291]" started-at="2022-12-12T10:28:31 IST" name="invalidseller2" finished-at="2022-12-12T10:28:51 IST" duration-ms="19489" status="FAIL">
          <exception class="org.openqa.selenium.NoSuchElementException">
            <message>
              <![CDATA[no such element: Unable to locate element: {"method":"xpath","selector":"//div[@class='styles__RegisterText-r412un-24 sILEL']"}
  (Session info: chrome=108.0.5359.99)
For documentation on this error, please visit: https://selenium.dev/exceptions/#no_such_element
Build info: version: '4.1.3', revision: '7b1ebf28ef'
System info: host: 'IN-5W1SP13', ip: '192.168.0.112', os.name: 'Windows 10', os.arch: 'amd64', os.version: '10.0', java.version: '11'
Driver info: org.openqa.selenium.chrome.ChromeDriver
Command: [3478f9e0dcf79478bcac985dd8de79ad, findElement {using=xpath, value=//div[@class='styles__RegisterText-r412un-24 sILEL']}]
Capabilities {acceptInsecureCerts: false, browserName: chrome, browserVersion: 108.0.5359.99, chrome: {chromedriverVersion: 108.0.5359.71 (1e0e3868ee06..., userDataDir: C:\Users\SAJANS~1\AppData\L...}, goog:chromeOptions: {debuggerAddress: localhost:61636}, javascriptEnabled: true, networkConnectionEnabled: false, pageLoadStrategy: normal, platform: WINDOWS, platformName: WINDOWS, proxy: Proxy(), se:cdp: ws://localhost:61636/devtoo..., se:cdpVersion: 108.0.5359.99, setWindowRect: true, strictFileInteractability: false, timeouts: {implicit: 0, pageLoad: 300000, script: 30000}, unhandledPromptBehavior: dismiss and notify, webauthn:extension:credBlob: true, webauthn:extension:largeBlob: true, webauthn:virtualAuthenticators: true}
Session ID: 3478f9e0dcf79478bcac985dd8de79ad]]>
            </message>
            <full-stacktrace>
              <![CDATA[org.openqa.selenium.NoSuchElementException: no such element: Unable to locate element: {"method":"xpath","selector":"//div[@class='styles__RegisterText-r412un-24 sILEL']"}
  (Session info: chrome=108.0.5359.99)
For documentation on this error, please visit: https://selenium.dev/exceptions/#no_such_element
Build info: version: '4.1.3', revision: '7b1ebf28ef'
System info: host: 'IN-5W1SP13', ip: '192.168.0.112', os.name: 'Windows 10', os.arch: 'amd64', os.version: '10.0', java.version: '11'
Driver info: org.openqa.selenium.chrome.ChromeDriver
Command: [3478f9e0dcf79478bcac985dd8de79ad, findElement {using=xpath, value=//div[@class='styles__RegisterText-r412un-24 sILEL']}]
Capabilities {acceptInsecureCerts: false, browserName: chrome, browserVersion: 108.0.5359.99, chrome: {chromedriverVersion: 108.0.5359.71 (1e0e3868ee06..., userDataDir: C:\Users\SAJANS~1\AppData\L...}, goog:chromeOptions: {debuggerAddress: localhost:61636}, javascriptEnabled: true, networkConnectionEnabled: false, pageLoadStrategy: normal, platform: WINDOWS, platformName: WINDOWS, proxy: Proxy(), se:cdp: ws://localhost:61636/devtoo..., se:cdpVersion: 108.0.5359.99, setWindowRect: true, strictFileInteractability: false, timeouts: {implicit: 0, pageLoad: 300000, script: 30000}, unhandledPromptBehavior: dismiss and notify, webauthn:extension:credBlob: true, webauthn:extension:largeBlob: true, webauthn:virtualAuthenticators: true}
Session ID: 3478f9e0dcf79478bcac985dd8de79ad
at java.base/jdk.internal.reflect.NativeConstructorAccessorImpl.newInstance0(Native Method)
at java.base/jdk.internal.reflect.NativeConstructorAccessorImpl.newInstance(NativeConstructorAccessorImpl.java:62)
at java.base/jdk.internal.reflect.DelegatingConstructorAccessorImpl.newInstance(DelegatingConstructorAccessorImpl.java:45)
at java.base/java.lang.reflect.Constructor.newInstance(Constructor.java:490)
at org.openqa.selenium.remote.codec.w3c.W3CHttpResponseCodec.createException(W3CHttpResponseCodec.java:200)
at org.openqa.selenium.remote.codec.w3c.W3CHttpResponseCodec.decode(W3CHttpResponseCodec.java:133)
at org.openqa.selenium.remote.codec.w3c.W3CHttpResponseCodec.decode(W3CHttpResponseCodec.java:53)
at org.openqa.selenium.remote.HttpCommandExecutor.execute(HttpCommandExecutor.java:184)
at org.openqa.selenium.remote.service.DriverCommandExecutor.invokeExecute(DriverCommandExecutor.java:167)
at org.openqa.selenium.remote.service.DriverCommandExecutor.execute(DriverCommandExecutor.java:142)
at org.openqa.selenium.remote.RemoteWebDriver.execute(RemoteWebDriver.java:567)
at org.openqa.selenium.remote.ElementLocation$ElementFinder$2.findElement(ElementLocation.java:162)
at org.openqa.selenium.remote.ElementLocation.findElement(ElementLocation.java:60)
at org.openqa.selenium.remote.RemoteWebDriver.findElement(RemoteWebDriver.java:385)
at org.openqa.selenium.remote.RemoteWebDriver.findElement(RemoteWebDriver.java:377)
at org.openqa.selenium.support.pagefactory.DefaultElementLocator.findElement(DefaultElementLocator.java:70)
at org.openqa.selenium.support.pagefactory.internal.LocatingElementHandler.invoke(LocatingElementHandler.java:39)
at com.sun.proxy.$Proxy18.click(Unknown Source)
at Flipkartpages.sellerspage.ClickRegister(sellerspage.java:45)
at flipkarttests.sellerstest.invalidseller2(sellerstest.java:51)
at java.base/jdk.internal.reflect.NativeMethodAccessorImpl.invoke0(Native Method)
at java.base/jdk.internal.reflect.NativeMethodAccessorImpl.invoke(NativeMethodAccessorImpl.java:62)
at java.base/jdk.internal.reflect.DelegatingMethodAccessorImpl.invoke(DelegatingMethodAccessorImpl.java:43)
at java.base/java.lang.reflect.Method.invoke(Method.java:566)
at org.testng.internal.invokers.MethodInvocationHelper.invokeMethod(MethodInvocationHelper.java:135)
at org.testng.internal.invokers.TestInvoker.invokeMethod(TestInvoker.java:673)
at org.testng.internal.invokers.TestInvoker.invokeTestMethod(TestInvoker.java:220)
at org.testng.internal.invokers.MethodRunner.runInSequence(MethodRunner.java:50)
at org.testng.internal.invokers.TestInvoker$MethodInvocationAgent.invoke(TestInvoker.java:945)
at org.testng.internal.invokers.TestInvoker.invokeTestMethods(TestInvoker.java:193)
at org.testng.internal.invokers.TestMethodWorker.invokeTestMethods(TestMethodWorker.java:146)
at org.testng.internal.invokers.TestMethodWorker.run(TestMethodWorker.java:128)
at java.base/java.util.ArrayList.forEach(ArrayList.java:1540)
at org.testng.TestRunner.privateRun(TestRunner.java:808)
at org.testng.TestRunner.run(TestRunner.java:603)
at org.testng.SuiteRunner.runTest(SuiteRunner.java:429)
at org.testng.SuiteRunner.runSequentially(SuiteRunner.java:423)
at org.testng.SuiteRunner.privateRun(SuiteRunner.java:383)
at org.testng.SuiteRunner.run(SuiteRunner.java:326)
at org.testng.SuiteRunnerWorker.runSuite(SuiteRunnerWorker.java:52)
at org.testng.SuiteRunnerWorker.run(SuiteRunnerWorker.java:95)
at org.testng.TestNG.runSuitesSequentially(TestNG.java:1249)
at org.testng.TestNG.runSuitesLocally(TestNG.java:1169)
at org.testng.TestNG.runSuites(TestNG.java:1092)
at org.testng.TestNG.run(TestNG.java:1060)
at org.testng.remote.AbstractRemoteTestNG.run(AbstractRemoteTestNG.java:115)
at org.testng.remote.RemoteTestNG.initAndRun(RemoteTestNG.java:251)
at org.testng.remote.RemoteTestNG.main(RemoteTestNG.java:77)
]]>
            </full-stacktrace>
          </exception> <!-- org.openqa.selenium.NoSuchElementException -->
          <reporter-output>
          </reporter-output>
        </test-method> <!-- invalidseller2 -->
        <test-method is-config="true" signature="resultTest(org.testng.ITestResult)[pri:0, instance:flipkarttests.sellerstest@38cee291]" started-at="2022-12-12T10:28:51 IST" name="resultTest" finished-at="2022-12-12T10:28:51 IST" duration-ms="452" status="PASS">
          <params>
            <param index="0">
              <value>
                <![CDATA[[TestResult name=invalidseller2 status=FAILURE method=sellerstest.invalidseller2()[pri:3, instance:flipkarttests.sellerstest@38cee291] output={null}]]]>
              </value>
            </param>
          </params>
          <reporter-output>
          </reporter-output>
        </test-method> <!-- resultTest -->
        <test-method is-config="true" signature="initializeWebDriver()[pri:0, instance:flipkarttests.sellerstest@38cee291]" started-at="2022-12-12T10:28:51 IST" name="initializeWebDriver" finished-at="2022-12-12T10:28:53 IST" duration-ms="1418" status="PASS">
          <reporter-output>
          </reporter-output>
        </test-method> <!-- initializeWebDriver -->
        <test-method is-config="true" signature="navigateSite()[pri:0, instance:flipkarttests.sellerstest@38cee291]" started-at="2022-12-12T10:28:53 IST" name="navigateSite" finished-at="2022-12-12T10:29:16 IST" duration-ms="23131" status="PASS">
          <reporter-output>
          </reporter-output>
        </test-method> <!-- navigateSite -->
        <test-method signature="invalidseller3()[pri:4, instance:flipkarttests.sellerstest@38cee291]" started-at="2022-12-12T10:29:16 IST" name="invalidseller3" finished-at="2022-12-12T10:29:35 IST" duration-ms="19152" status="FAIL">
          <exception class="org.openqa.selenium.NoSuchElementException">
            <message>
              <![CDATA[no such element: Unable to locate element: {"method":"xpath","selector":"//div[@class='styles__RegisterText-r412un-24 sILEL']"}
  (Session info: chrome=108.0.5359.99)
For documentation on this error, please visit: https://selenium.dev/exceptions/#no_such_element
Build info: version: '4.1.3', revision: '7b1ebf28ef'
System info: host: 'IN-5W1SP13', ip: '192.168.0.112', os.name: 'Windows 10', os.arch: 'amd64', os.version: '10.0', java.version: '11'
Driver info: org.openqa.selenium.chrome.ChromeDriver
Command: [3da0f12e4759ad56b1963a52dfbad950, findElement {using=xpath, value=//div[@class='styles__RegisterText-r412un-24 sILEL']}]
Capabilities {acceptInsecureCerts: false, browserName: chrome, browserVersion: 108.0.5359.99, chrome: {chromedriverVersion: 108.0.5359.71 (1e0e3868ee06..., userDataDir: C:\Users\SAJANS~1\AppData\L...}, goog:chromeOptions: {debuggerAddress: localhost:61765}, javascriptEnabled: true, networkConnectionEnabled: false, pageLoadStrategy: normal, platform: WINDOWS, platformName: WINDOWS, proxy: Proxy(), se:cdp: ws://localhost:61765/devtoo..., se:cdpVersion: 108.0.5359.99, setWindowRect: true, strictFileInteractability: false, timeouts: {implicit: 0, pageLoad: 300000, script: 30000}, unhandledPromptBehavior: dismiss and notify, webauthn:extension:credBlob: true, webauthn:extension:largeBlob: true, webauthn:virtualAuthenticators: true}
Session ID: 3da0f12e4759ad56b1963a52dfbad950]]>
            </message>
            <full-stacktrace>
              <![CDATA[org.openqa.selenium.NoSuchElementException: no such element: Unable to locate element: {"method":"xpath","selector":"//div[@class='styles__RegisterText-r412un-24 sILEL']"}
  (Session info: chrome=108.0.5359.99)
For documentation on this error, please visit: https://selenium.dev/exceptions/#no_such_element
Build info: version: '4.1.3', revision: '7b1ebf28ef'
System info: host: 'IN-5W1SP13', ip: '192.168.0.112', os.name: 'Windows 10', os.arch: 'amd64', os.version: '10.0', java.version: '11'
Driver info: org.openqa.selenium.chrome.ChromeDriver
Command: [3da0f12e4759ad56b1963a52dfbad950, findElement {using=xpath, value=//div[@class='styles__RegisterText-r412un-24 sILEL']}]
Capabilities {acceptInsecureCerts: false, browserName: chrome, browserVersion: 108.0.5359.99, chrome: {chromedriverVersion: 108.0.5359.71 (1e0e3868ee06..., userDataDir: C:\Users\SAJANS~1\AppData\L...}, goog:chromeOptions: {debuggerAddress: localhost:61765}, javascriptEnabled: true, networkConnectionEnabled: false, pageLoadStrategy: normal, platform: WINDOWS, platformName: WINDOWS, proxy: Proxy(), se:cdp: ws://localhost:61765/devtoo..., se:cdpVersion: 108.0.5359.99, setWindowRect: true, strictFileInteractability: false, timeouts: {implicit: 0, pageLoad: 300000, script: 30000}, unhandledPromptBehavior: dismiss and notify, webauthn:extension:credBlob: true, webauthn:extension:largeBlob: true, webauthn:virtualAuthenticators: true}
Session ID: 3da0f12e4759ad56b1963a52dfbad950
at java.base/jdk.internal.reflect.NativeConstructorAccessorImpl.newInstance0(Native Method)
at java.base/jdk.internal.reflect.NativeConstructorAccessorImpl.newInstance(NativeConstructorAccessorImpl.java:62)
at java.base/jdk.internal.reflect.DelegatingConstructorAccessorImpl.newInstance(DelegatingConstructorAccessorImpl.java:45)
at java.base/java.lang.reflect.Constructor.newInstance(Constructor.java:490)
at org.openqa.selenium.remote.codec.w3c.W3CHttpResponseCodec.createException(W3CHttpResponseCodec.java:200)
at org.openqa.selenium.remote.codec.w3c.W3CHttpResponseCodec.decode(W3CHttpResponseCodec.java:133)
at org.openqa.selenium.remote.codec.w3c.W3CHttpResponseCodec.decode(W3CHttpResponseCodec.java:53)
at org.openqa.selenium.remote.HttpCommandExecutor.execute(HttpCommandExecutor.java:184)
at org.openqa.selenium.remote.service.DriverCommandExecutor.invokeExecute(DriverCommandExecutor.java:167)
at org.openqa.selenium.remote.service.DriverCommandExecutor.execute(DriverCommandExecutor.java:142)
at org.openqa.selenium.remote.RemoteWebDriver.execute(RemoteWebDriver.java:567)
at org.openqa.selenium.remote.ElementLocation$ElementFinder$2.findElement(ElementLocation.java:162)
at org.openqa.selenium.remote.ElementLocation.findElement(ElementLocation.java:60)
at org.openqa.selenium.remote.RemoteWebDriver.findElement(RemoteWebDriver.java:385)
at org.openqa.selenium.remote.RemoteWebDriver.findElement(RemoteWebDriver.java:377)
at org.openqa.selenium.support.pagefactory.DefaultElementLocator.findElement(DefaultElementLocator.java:70)
at org.openqa.selenium.support.pagefactory.internal.LocatingElementHandler.invoke(LocatingElementHandler.java:39)
at com.sun.proxy.$Proxy18.click(Unknown Source)
at Flipkartpages.sellerspage.ClickRegister(sellerspage.java:45)
at flipkarttests.sellerstest.invalidseller3(sellerstest.java:67)
at java.base/jdk.internal.reflect.NativeMethodAccessorImpl.invoke0(Native Method)
at java.base/jdk.internal.reflect.NativeMethodAccessorImpl.invoke(NativeMethodAccessorImpl.java:62)
at java.base/jdk.internal.reflect.DelegatingMethodAccessorImpl.invoke(DelegatingMethodAccessorImpl.java:43)
at java.base/java.lang.reflect.Method.invoke(Method.java:566)
at org.testng.internal.invokers.MethodInvocationHelper.invokeMethod(MethodInvocationHelper.java:135)
at org.testng.internal.invokers.TestInvoker.invokeMethod(TestInvoker.java:673)
at org.testng.internal.invokers.TestInvoker.invokeTestMethod(TestInvoker.java:220)
at org.testng.internal.invokers.MethodRunner.runInSequence(MethodRunner.java:50)
at org.testng.internal.invokers.TestInvoker$MethodInvocationAgent.invoke(TestInvoker.java:945)
at org.testng.internal.invokers.TestInvoker.invokeTestMethods(TestInvoker.java:193)
at org.testng.internal.invokers.TestMethodWorker.invokeTestMethods(TestMethodWorker.java:146)
at org.testng.internal.invokers.TestMethodWorker.run(TestMethodWorker.java:128)
at java.base/java.util.ArrayList.forEach(ArrayList.java:1540)
at org.testng.TestRunner.privateRun(TestRunner.java:808)
at org.testng.TestRunner.run(TestRunner.java:603)
at org.testng.SuiteRunner.runTest(SuiteRunner.java:429)
at org.testng.SuiteRunner.runSequentially(SuiteRunner.java:423)
at org.testng.SuiteRunner.privateRun(SuiteRunner.java:383)
at org.testng.SuiteRunner.run(SuiteRunner.java:326)
at org.testng.SuiteRunnerWorker.runSuite(SuiteRunnerWorker.java:52)
at org.testng.SuiteRunnerWorker.run(SuiteRunnerWorker.java:95)
at org.testng.TestNG.runSuitesSequentially(TestNG.java:1249)
at org.testng.TestNG.runSuitesLocally(TestNG.java:1169)
at org.testng.TestNG.runSuites(TestNG.java:1092)
at org.testng.TestNG.run(TestNG.java:1060)
at org.testng.remote.AbstractRemoteTestNG.run(AbstractRemoteTestNG.java:115)
at org.testng.remote.RemoteTestNG.initAndRun(RemoteTestNG.java:251)
at org.testng.remote.RemoteTestNG.main(RemoteTestNG.java:77)
]]>
            </full-stacktrace>
          </exception> <!-- org.openqa.selenium.NoSuchElementException -->
          <reporter-output>
          </reporter-output>
        </test-method> <!-- invalidseller3 -->
        <test-method is-config="true" signature="startTest(java.lang.reflect.Method)[pri:0, instance:flipkarttests.sellerstest@38cee291]" started-at="2022-12-12T10:29:16 IST" name="startTest" finished-at="2022-12-12T10:29:16 IST" duration-ms="0" status="PASS">
          <params>
            <param index="0">
              <value>
                <![CDATA[public void flipkarttests.sellerstest.invalidseller3() throws java.lang.InterruptedException]]>
              </value>
            </param>
          </params>
          <reporter-output>
          </reporter-output>
        </test-method> <!-- startTest -->
        <test-method is-config="true" signature="resultTest(org.testng.ITestResult)[pri:0, instance:flipkarttests.sellerstest@38cee291]" started-at="2022-12-12T10:29:35 IST" name="resultTest" finished-at="2022-12-12T10:29:35 IST" duration-ms="486" status="PASS">
          <params>
            <param index="0">
              <value>
                <![CDATA[[TestResult name=invalidseller3 status=FAILURE method=sellerstest.invalidseller3()[pri:4, instance:flipkarttests.sellerstest@38cee291] output={null}]]]>
              </value>
            </param>
          </params>
          <reporter-output>
          </reporter-output>
        </test-method> <!-- resultTest -->
      </class> <!-- flipkarttests.sellerstest -->
      <class name="flipkarttests.logintest">
        <test-method is-config="true" signature="setExtent()[pri:0, instance:flipkarttests.logintest@6221a451]" started-at="2022-12-12T10:17:21 IST" name="setExtent" finished-at="2022-12-12T10:17:21 IST" duration-ms="125" status="PASS">
          <reporter-output>
          </reporter-output>
        </test-method> <!-- setExtent -->
        <test-method is-config="true" signature="initializeWebDriver()[pri:0, instance:flipkarttests.logintest@6221a451]" started-at="2022-12-12T10:17:21 IST" name="initializeWebDriver" finished-at="2022-12-12T10:17:24 IST" duration-ms="2316" status="PASS">
          <reporter-output>
          </reporter-output>
        </test-method> <!-- initializeWebDriver -->
        <test-method is-config="true" signature="navigateSite()[pri:0, instance:flipkarttests.logintest@6221a451]" started-at="2022-12-12T10:17:24 IST" name="navigateSite" finished-at="2022-12-12T10:17:46 IST" duration-ms="22867" status="PASS">
          <reporter-output>
          </reporter-output>
        </test-method> <!-- navigateSite -->
        <test-method is-config="true" signature="startTest(java.lang.reflect.Method)[pri:0, instance:flipkarttests.logintest@6221a451]" started-at="2022-12-12T10:17:46 IST" name="startTest" finished-at="2022-12-12T10:17:46 IST" duration-ms="3" status="PASS">
          <params>
            <param index="0">
              <value>
                <![CDATA[public void flipkarttests.logintest.validcredentialLogin() throws java.lang.InterruptedException]]>
              </value>
            </param>
          </params>
          <reporter-output>
          </reporter-output>
        </test-method> <!-- startTest -->
        <test-method signature="validcredentialLogin()[pri:1, instance:flipkarttests.logintest@6221a451]" started-at="2022-12-12T10:17:46 IST" name="validcredentialLogin" finished-at="2022-12-12T10:17:47 IST" duration-ms="309" status="PASS">
          <reporter-output>
          </reporter-output>
        </test-method> <!-- validcredentialLogin -->
        <test-method is-config="true" signature="resultTest(org.testng.ITestResult)[pri:0, instance:flipkarttests.logintest@6221a451]" started-at="2022-12-12T10:17:47 IST" name="resultTest" finished-at="2022-12-12T10:18:03 IST" duration-ms="16276" status="PASS">
          <params>
            <param index="0">
              <value>
                <![CDATA[[TestResult name=validcredentialLogin status=SUCCESS method=logintest.validcredentialLogin()[pri:1, instance:flipkarttests.logintest@6221a451] output={null}]]]>
              </value>
            </param>
          </params>
          <reporter-output>
          </reporter-output>
        </test-method> <!-- resultTest -->
        <test-method is-config="true" signature="initializeWebDriver()[pri:0, instance:flipkarttests.logintest@6221a451]" started-at="2022-12-12T10:18:03 IST" name="initializeWebDriver" finished-at="2022-12-12T10:18:04 IST" duration-ms="1305" status="PASS">
          <reporter-output>
          </reporter-output>
        </test-method> <!-- initializeWebDriver -->
        <test-method is-config="true" signature="navigateSite()[pri:0, instance:flipkarttests.logintest@6221a451]" started-at="2022-12-12T10:18:04 IST" name="navigateSite" finished-at="2022-12-12T10:18:48 IST" duration-ms="43585" status="PASS">
          <reporter-output>
          </reporter-output>
        </test-method> <!-- navigateSite -->
        <test-method is-config="true" signature="startTest(java.lang.reflect.Method)[pri:0, instance:flipkarttests.logintest@6221a451]" started-at="2022-12-12T10:18:48 IST" name="startTest" finished-at="2022-12-12T10:18:48 IST" duration-ms="0" status="PASS">
          <params>
            <param index="0">
              <value>
                <![CDATA[public void flipkarttests.logintest.invalidcredentialLogin1() throws java.lang.InterruptedException]]>
              </value>
            </param>
          </params>
          <reporter-output>
          </reporter-output>
        </test-method> <!-- startTest -->
        <test-method signature="invalidcredentialLogin1()[pri:2, instance:flipkarttests.logintest@6221a451]" started-at="2022-12-12T10:18:48 IST" name="invalidcredentialLogin1" finished-at="2022-12-12T10:18:48 IST" duration-ms="228" status="PASS">
          <reporter-output>
          </reporter-output>
        </test-method> <!-- invalidcredentialLogin1 -->
        <test-method is-config="true" signature="resultTest(org.testng.ITestResult)[pri:0, instance:flipkarttests.logintest@6221a451]" started-at="2022-12-12T10:18:48 IST" name="resultTest" finished-at="2022-12-12T10:18:48 IST" duration-ms="111" status="PASS">
          <params>
            <param index="0">
              <value>
                <![CDATA[[TestResult name=invalidcredentialLogin1 status=SUCCESS method=logintest.invalidcredentialLogin1()[pri:2, instance:flipkarttests.logintest@6221a451] output={null}]]]>
              </value>
            </param>
          </params>
          <reporter-output>
          </reporter-output>
        </test-method> <!-- resultTest -->
        <test-method is-config="true" signature="initializeWebDriver()[pri:0, instance:flipkarttests.logintest@6221a451]" started-at="2022-12-12T10:18:48 IST" name="initializeWebDriver" finished-at="2022-12-12T10:18:50 IST" duration-ms="1280" status="PASS">
          <reporter-output>
          </reporter-output>
        </test-method> <!-- initializeWebDriver -->
        <test-method is-config="true" signature="navigateSite()[pri:0, instance:flipkarttests.logintest@6221a451]" started-at="2022-12-12T10:18:50 IST" name="navigateSite" finished-at="2022-12-12T10:19:34 IST" duration-ms="43934" status="PASS">
          <reporter-output>
          </reporter-output>
        </test-method> <!-- navigateSite -->
        <test-method is-config="true" signature="startTest(java.lang.reflect.Method)[pri:0, instance:flipkarttests.logintest@6221a451]" started-at="2022-12-12T10:19:34 IST" name="startTest" finished-at="2022-12-12T10:19:34 IST" duration-ms="1" status="PASS">
          <params>
            <param index="0">
              <value>
                <![CDATA[public void flipkarttests.logintest.invalidcredentialLogin2() throws java.lang.InterruptedException]]>
              </value>
            </param>
          </params>
          <reporter-output>
          </reporter-output>
        </test-method> <!-- startTest -->
        <test-method signature="invalidcredentialLogin2()[pri:3, instance:flipkarttests.logintest@6221a451]" started-at="2022-12-12T10:19:34 IST" name="invalidcredentialLogin2" finished-at="2022-12-12T10:19:34 IST" duration-ms="233" status="PASS">
          <reporter-output>
          </reporter-output>
        </test-method> <!-- invalidcredentialLogin2 -->
        <test-method is-config="true" signature="resultTest(org.testng.ITestResult)[pri:0, instance:flipkarttests.logintest@6221a451]" started-at="2022-12-12T10:19:34 IST" name="resultTest" finished-at="2022-12-12T10:19:50 IST" duration-ms="16262" status="PASS">
          <params>
            <param index="0">
              <value>
                <![CDATA[[TestResult name=invalidcredentialLogin2 status=SUCCESS method=logintest.invalidcredentialLogin2()[pri:3, instance:flipkarttests.logintest@6221a451] output={null}]]]>
              </value>
            </param>
          </params>
          <reporter-output>
          </reporter-output>
        </test-method> <!-- resultTest -->
        <test-method is-config="true" signature="initializeWebDriver()[pri:0, instance:flipkarttests.logintest@6221a451]" started-at="2022-12-12T10:19:50 IST" name="initializeWebDriver" finished-at="2022-12-12T10:19:51 IST" duration-ms="1263" status="PASS">
          <reporter-output>
          </reporter-output>
        </test-method> <!-- initializeWebDriver -->
        <test-method is-config="true" signature="navigateSite()[pri:0, instance:flipkarttests.logintest@6221a451]" started-at="2022-12-12T10:19:51 IST" name="navigateSite" finished-at="2022-12-12T10:20:56 IST" duration-ms="65116" status="PASS">
          <reporter-output>
          </reporter-output>
        </test-method> <!-- navigateSite -->
        <test-method is-config="true" signature="startTest(java.lang.reflect.Method)[pri:0, instance:flipkarttests.logintest@6221a451]" started-at="2022-12-12T10:20:56 IST" name="startTest" finished-at="2022-12-12T10:20:56 IST" duration-ms="1" status="PASS">
          <params>
            <param index="0">
              <value>
                <![CDATA[public void flipkarttests.logintest.invalidcredentialLogin4() throws java.lang.InterruptedException]]>
              </value>
            </param>
          </params>
          <reporter-output>
          </reporter-output>
        </test-method> <!-- startTest -->
        <test-method signature="invalidcredentialLogin4()[pri:4, instance:flipkarttests.logintest@6221a451]" started-at="2022-12-12T10:20:56 IST" name="invalidcredentialLogin4" finished-at="2022-12-12T10:20:57 IST" duration-ms="214" status="PASS">
          <reporter-output>
          </reporter-output>
        </test-method> <!-- invalidcredentialLogin4 -->
        <test-method is-config="true" signature="resultTest(org.testng.ITestResult)[pri:0, instance:flipkarttests.logintest@6221a451]" started-at="2022-12-12T10:20:57 IST" name="resultTest" finished-at="2022-12-12T10:21:13 IST" duration-ms="16282" status="PASS">
          <params>
            <param index="0">
              <value>
                <![CDATA[[TestResult name=invalidcredentialLogin4 status=SUCCESS method=logintest.invalidcredentialLogin4()[pri:4, instance:flipkarttests.logintest@6221a451] output={null}]]]>
              </value>
            </param>
          </params>
          <reporter-output>
          </reporter-output>
        </test-method> <!-- resultTest -->
        <test-method is-config="true" signature="initializeWebDriver()[pri:0, instance:flipkarttests.logintest@6221a451]" started-at="2022-12-12T10:21:13 IST" name="initializeWebDriver" finished-at="2022-12-12T10:21:14 IST" duration-ms="1314" status="PASS">
          <reporter-output>
          </reporter-output>
        </test-method> <!-- initializeWebDriver -->
        <test-method is-config="true" signature="navigateSite()[pri:0, instance:flipkarttests.logintest@6221a451]" started-at="2022-12-12T10:21:14 IST" name="navigateSite" finished-at="2022-12-12T10:22:21 IST" duration-ms="67145" status="PASS">
          <reporter-output>
          </reporter-output>
        </test-method> <!-- navigateSite -->
        <test-method is-config="true" signature="startTest(java.lang.reflect.Method)[pri:0, instance:flipkarttests.logintest@6221a451]" started-at="2022-12-12T10:22:21 IST" name="startTest" finished-at="2022-12-12T10:22:21 IST" duration-ms="1" status="PASS">
          <params>
            <param index="0">
              <value>
                <![CDATA[public void flipkarttests.logintest.invalidLogin5() throws java.lang.InterruptedException]]>
              </value>
            </param>
          </params>
          <reporter-output>
          </reporter-output>
        </test-method> <!-- startTest -->
        <test-method signature="invalidLogin5()[pri:5, instance:flipkarttests.logintest@6221a451]" started-at="2022-12-12T10:22:21 IST" name="invalidLogin5" finished-at="2022-12-12T10:22:22 IST" duration-ms="203" status="PASS">
          <reporter-output>
          </reporter-output>
        </test-method> <!-- invalidLogin5 -->
        <test-method is-config="true" signature="resultTest(org.testng.ITestResult)[pri:0, instance:flipkarttests.logintest@6221a451]" started-at="2022-12-12T10:22:22 IST" name="resultTest" finished-at="2022-12-12T10:22:38 IST" duration-ms="16237" status="PASS">
          <params>
            <param index="0">
              <value>
                <![CDATA[[TestResult name=invalidLogin5 status=SUCCESS method=logintest.invalidLogin5()[pri:5, instance:flipkarttests.logintest@6221a451] output={null}]]]>
              </value>
            </param>
          </params>
          <reporter-output>
          </reporter-output>
        </test-method> <!-- resultTest -->
        <test-method is-config="true" signature="initializeWebDriver()[pri:0, instance:flipkarttests.logintest@6221a451]" started-at="2022-12-12T10:22:38 IST" name="initializeWebDriver" finished-at="2022-12-12T10:22:39 IST" duration-ms="1327" status="PASS">
          <reporter-output>
          </reporter-output>
        </test-method> <!-- initializeWebDriver -->
        <test-method is-config="true" signature="navigateSite()[pri:0, instance:flipkarttests.logintest@6221a451]" started-at="2022-12-12T10:22:39 IST" name="navigateSite" finished-at="2022-12-12T10:23:49 IST" duration-ms="69513" status="PASS">
          <reporter-output>
          </reporter-output>
        </test-method> <!-- navigateSite -->
        <test-method is-config="true" signature="startTest(java.lang.reflect.Method)[pri:0, instance:flipkarttests.logintest@6221a451]" started-at="2022-12-12T10:23:49 IST" name="startTest" finished-at="2022-12-12T10:23:49 IST" duration-ms="0" status="PASS">
          <params>
            <param index="0">
              <value>
                <![CDATA[public void flipkarttests.logintest.invalidLogin6() throws java.lang.InterruptedException]]>
              </value>
            </param>
          </params>
          <reporter-output>
          </reporter-output>
        </test-method> <!-- startTest -->
        <test-method signature="invalidLogin6()[pri:6, instance:flipkarttests.logintest@6221a451]" started-at="2022-12-12T10:23:49 IST" name="invalidLogin6" finished-at="2022-12-12T10:23:49 IST" duration-ms="184" status="PASS">
          <reporter-output>
          </reporter-output>
        </test-method> <!-- invalidLogin6 -->
        <test-method is-config="true" signature="resultTest(org.testng.ITestResult)[pri:0, instance:flipkarttests.logintest@6221a451]" started-at="2022-12-12T10:23:49 IST" name="resultTest" finished-at="2022-12-12T10:23:49 IST" duration-ms="108" status="PASS">
          <params>
            <param index="0">
              <value>
                <![CDATA[[TestResult name=invalidLogin6 status=SUCCESS method=logintest.invalidLogin6()[pri:6, instance:flipkarttests.logintest@6221a451] output={null}]]]>
              </value>
            </param>
          </params>
          <reporter-output>
          </reporter-output>
        </test-method> <!-- resultTest -->
        <test-method is-config="true" signature="endReport()[pri:0, instance:flipkarttests.logintest@6221a451]" started-at="2022-12-12T10:38:21 IST" name="endReport" finished-at="2022-12-12T10:38:21 IST" duration-ms="253" status="PASS">
          <reporter-output>
          </reporter-output>
        </test-method> <!-- endReport -->
      </class> <!-- flipkarttests.logintest -->
      <class name="flipkarttests.productsearchtest">
        <test-method is-config="true" signature="initializeWebDriver()[pri:0, instance:flipkarttests.productsearchtest@4b45a2f5]" started-at="2022-12-12T10:29:35 IST" name="initializeWebDriver" finished-at="2022-12-12T10:29:37 IST" duration-ms="1367" status="PASS">
          <reporter-output>
          </reporter-output>
        </test-method> <!-- initializeWebDriver -->
        <test-method is-config="true" signature="navigateSite()[pri:0, instance:flipkarttests.productsearchtest@4b45a2f5]" started-at="2022-12-12T10:29:37 IST" name="navigateSite" finished-at="2022-12-12T10:30:34 IST" duration-ms="56873" status="PASS">
          <reporter-output>
          </reporter-output>
        </test-method> <!-- navigateSite -->
        <test-method signature="searchproduct()[pri:1, instance:flipkarttests.productsearchtest@4b45a2f5]" started-at="2022-12-12T10:30:34 IST" name="searchproduct" finished-at="2022-12-12T10:30:39 IST" duration-ms="5345" status="PASS">
          <reporter-output>
          </reporter-output>
        </test-method> <!-- searchproduct -->
        <test-method is-config="true" signature="startTest(java.lang.reflect.Method)[pri:0, instance:flipkarttests.productsearchtest@4b45a2f5]" started-at="2022-12-12T10:30:34 IST" name="startTest" finished-at="2022-12-12T10:30:34 IST" duration-ms="0" status="PASS">
          <params>
            <param index="0">
              <value>
                <![CDATA[public void flipkarttests.productsearchtest.searchproduct() throws java.lang.InterruptedException]]>
              </value>
            </param>
          </params>
          <reporter-output>
          </reporter-output>
        </test-method> <!-- startTest -->
        <test-method is-config="true" signature="resultTest(org.testng.ITestResult)[pri:0, instance:flipkarttests.productsearchtest@4b45a2f5]" started-at="2022-12-12T10:30:39 IST" name="resultTest" finished-at="2022-12-12T10:30:39 IST" duration-ms="81" status="PASS">
          <params>
            <param index="0">
              <value>
                <![CDATA[[TestResult name=searchproduct status=SUCCESS method=productsearchtest.searchproduct()[pri:1, instance:flipkarttests.productsearchtest@4b45a2f5] output={null}]]]>
              </value>
            </param>
          </params>
          <reporter-output>
          </reporter-output>
        </test-method> <!-- resultTest -->
        <test-method is-config="true" signature="initializeWebDriver()[pri:0, instance:flipkarttests.productsearchtest@4b45a2f5]" started-at="2022-12-12T10:30:39 IST" name="initializeWebDriver" finished-at="2022-12-12T10:30:40 IST" duration-ms="1312" status="PASS">
          <reporter-output>
          </reporter-output>
        </test-method> <!-- initializeWebDriver -->
        <test-method is-config="true" signature="navigateSite()[pri:0, instance:flipkarttests.productsearchtest@4b45a2f5]" started-at="2022-12-12T10:30:40 IST" name="navigateSite" finished-at="2022-12-12T10:31:08 IST" duration-ms="27382" status="PASS">
          <reporter-output>
          </reporter-output>
        </test-method> <!-- navigateSite -->
        <test-method is-config="true" signature="startTest(java.lang.reflect.Method)[pri:0, instance:flipkarttests.productsearchtest@4b45a2f5]" started-at="2022-12-12T10:31:08 IST" name="startTest" finished-at="2022-12-12T10:31:08 IST" duration-ms="0" status="PASS">
          <params>
            <param index="0">
              <value>
                <![CDATA[public void flipkarttests.productsearchtest.searchepmtyproduct() throws java.lang.InterruptedException]]>
              </value>
            </param>
          </params>
          <reporter-output>
          </reporter-output>
        </test-method> <!-- startTest -->
        <test-method signature="searchepmtyproduct()[pri:2, instance:flipkarttests.productsearchtest@4b45a2f5]" started-at="2022-12-12T10:31:08 IST" name="searchepmtyproduct" finished-at="2022-12-12T10:31:11 IST" duration-ms="3189" status="PASS">
          <reporter-output>
          </reporter-output>
        </test-method> <!-- searchepmtyproduct -->
        <test-method is-config="true" signature="resultTest(org.testng.ITestResult)[pri:0, instance:flipkarttests.productsearchtest@4b45a2f5]" started-at="2022-12-12T10:31:11 IST" name="resultTest" finished-at="2022-12-12T10:31:27 IST" duration-ms="16245" status="PASS">
          <params>
            <param index="0">
              <value>
                <![CDATA[[TestResult name=searchepmtyproduct status=SUCCESS method=productsearchtest.searchepmtyproduct()[pri:2, instance:flipkarttests.productsearchtest@4b45a2f5] output={null}]]]>
              </value>
            </param>
          </params>
          <reporter-output>
          </reporter-output>
        </test-method> <!-- resultTest -->
        <test-method is-config="true" signature="initializeWebDriver()[pri:0, instance:flipkarttests.productsearchtest@4b45a2f5]" started-at="2022-12-12T10:31:27 IST" name="initializeWebDriver" finished-at="2022-12-12T10:31:28 IST" duration-ms="1343" status="PASS">
          <reporter-output>
          </reporter-output>
        </test-method> <!-- initializeWebDriver -->
        <test-method is-config="true" signature="navigateSite()[pri:0, instance:flipkarttests.productsearchtest@4b45a2f5]" started-at="2022-12-12T10:31:28 IST" name="navigateSite" finished-at="2022-12-12T10:31:56 IST" duration-ms="27045" status="PASS">
          <reporter-output>
          </reporter-output>
        </test-method> <!-- navigateSite -->
        <test-method is-config="true" signature="startTest(java.lang.reflect.Method)[pri:0, instance:flipkarttests.productsearchtest@4b45a2f5]" started-at="2022-12-12T10:31:56 IST" name="startTest" finished-at="2022-12-12T10:31:56 IST" duration-ms="0" status="PASS">
          <params>
            <param index="0">
              <value>
                <![CDATA[public void flipkarttests.productsearchtest.searchwrongproduct() throws java.lang.InterruptedException]]>
              </value>
            </param>
          </params>
          <reporter-output>
          </reporter-output>
        </test-method> <!-- startTest -->
        <test-method signature="searchwrongproduct()[pri:3, instance:flipkarttests.productsearchtest@4b45a2f5]" started-at="2022-12-12T10:31:56 IST" name="searchwrongproduct" finished-at="2022-12-12T10:31:59 IST" duration-ms="3255" status="PASS">
          <reporter-output>
          </reporter-output>
        </test-method> <!-- searchwrongproduct -->
        <test-method is-config="true" signature="resultTest(org.testng.ITestResult)[pri:0, instance:flipkarttests.productsearchtest@4b45a2f5]" started-at="2022-12-12T10:31:59 IST" name="resultTest" finished-at="2022-12-12T10:32:15 IST" duration-ms="16264" status="PASS">
          <params>
            <param index="0">
              <value>
                <![CDATA[[TestResult name=searchwrongproduct status=SUCCESS method=productsearchtest.searchwrongproduct()[pri:3, instance:flipkarttests.productsearchtest@4b45a2f5] output={null}]]]>
              </value>
            </param>
          </params>
          <reporter-output>
          </reporter-output>
        </test-method> <!-- resultTest -->
      </class> <!-- flipkarttests.productsearchtest -->
      <class name="flipkarttests.signupcredentialstest">
        <test-method is-config="true" signature="initializeWebDriver()[pri:0, instance:flipkarttests.signupcredentialstest@f09733f]" started-at="2022-12-12T10:32:15 IST" name="initializeWebDriver" finished-at="2022-12-12T10:32:16 IST" duration-ms="1234" status="PASS">
          <reporter-output>
          </reporter-output>
        </test-method> <!-- initializeWebDriver -->
        <test-method is-config="true" signature="navigateSite()[pri:0, instance:flipkarttests.signupcredentialstest@f09733f]" started-at="2022-12-12T10:32:16 IST" name="navigateSite" finished-at="2022-12-12T10:33:02 IST" duration-ms="46139" status="PASS">
          <reporter-output>
          </reporter-output>
        </test-method> <!-- navigateSite -->
        <test-method is-config="true" signature="startTest(java.lang.reflect.Method)[pri:0, instance:flipkarttests.signupcredentialstest@f09733f]" started-at="2022-12-12T10:33:02 IST" name="startTest" finished-at="2022-12-12T10:33:02 IST" duration-ms="1" status="PASS">
          <params>
            <param index="0">
              <value>
                <![CDATA[public void flipkarttests.signupcredentialstest.invalidsignUpcredential1() throws java.lang.InterruptedException]]>
              </value>
            </param>
          </params>
          <reporter-output>
          </reporter-output>
        </test-method> <!-- startTest -->
        <test-method signature="invalidsignUpcredential1()[pri:1, instance:flipkarttests.signupcredentialstest@f09733f]" started-at="2022-12-12T10:33:02 IST" name="invalidsignUpcredential1" finished-at="2022-12-12T10:33:07 IST" duration-ms="4181" status="PASS">
          <reporter-output>
          </reporter-output>
        </test-method> <!-- invalidsignUpcredential1 -->
        <test-method is-config="true" signature="resultTest(org.testng.ITestResult)[pri:0, instance:flipkarttests.signupcredentialstest@f09733f]" started-at="2022-12-12T10:33:07 IST" name="resultTest" finished-at="2022-12-12T10:33:23 IST" duration-ms="16219" status="PASS">
          <params>
            <param index="0">
              <value>
                <![CDATA[[TestResult name=invalidsignUpcredential1 status=SUCCESS method=signupcredentialstest.invalidsignUpcredential1()[pri:1, instance:flipkarttests.signupcredentialstest@f09733f] output={null}]]]>
              </value>
            </param>
          </params>
          <reporter-output>
          </reporter-output>
        </test-method> <!-- resultTest -->
        <test-method is-config="true" signature="initializeWebDriver()[pri:0, instance:flipkarttests.signupcredentialstest@f09733f]" started-at="2022-12-12T10:33:23 IST" name="initializeWebDriver" finished-at="2022-12-12T10:33:24 IST" duration-ms="1224" status="PASS">
          <reporter-output>
          </reporter-output>
        </test-method> <!-- initializeWebDriver -->
        <test-method is-config="true" signature="navigateSite()[pri:0, instance:flipkarttests.signupcredentialstest@f09733f]" started-at="2022-12-12T10:33:24 IST" name="navigateSite" finished-at="2022-12-12T10:33:48 IST" duration-ms="23929" status="PASS">
          <reporter-output>
          </reporter-output>
        </test-method> <!-- navigateSite -->
        <test-method is-config="true" signature="startTest(java.lang.reflect.Method)[pri:0, instance:flipkarttests.signupcredentialstest@f09733f]" started-at="2022-12-12T10:33:48 IST" name="startTest" finished-at="2022-12-12T10:33:48 IST" duration-ms="0" status="PASS">
          <params>
            <param index="0">
              <value>
                <![CDATA[public void flipkarttests.signupcredentialstest.invalidsignUpcredential2() throws java.lang.InterruptedException]]>
              </value>
            </param>
          </params>
          <reporter-output>
          </reporter-output>
        </test-method> <!-- startTest -->
        <test-method signature="invalidsignUpcredential2()[pri:2, instance:flipkarttests.signupcredentialstest@f09733f]" started-at="2022-12-12T10:33:48 IST" name="invalidsignUpcredential2" finished-at="2022-12-12T10:33:52 IST" duration-ms="4170" status="PASS">
          <reporter-output>
          </reporter-output>
        </test-method> <!-- invalidsignUpcredential2 -->
        <test-method is-config="true" signature="resultTest(org.testng.ITestResult)[pri:0, instance:flipkarttests.signupcredentialstest@f09733f]" started-at="2022-12-12T10:33:52 IST" name="resultTest" finished-at="2022-12-12T10:34:08 IST" duration-ms="16205" status="PASS">
          <params>
            <param index="0">
              <value>
                <![CDATA[[TestResult name=invalidsignUpcredential2 status=SUCCESS method=signupcredentialstest.invalidsignUpcredential2()[pri:2, instance:flipkarttests.signupcredentialstest@f09733f] output={null}]]]>
              </value>
            </param>
          </params>
          <reporter-output>
          </reporter-output>
        </test-method> <!-- resultTest -->
        <test-method is-config="true" signature="initializeWebDriver()[pri:0, instance:flipkarttests.signupcredentialstest@f09733f]" started-at="2022-12-12T10:34:08 IST" name="initializeWebDriver" finished-at="2022-12-12T10:34:10 IST" duration-ms="1231" status="PASS">
          <reporter-output>
          </reporter-output>
        </test-method> <!-- initializeWebDriver -->
        <test-method is-config="true" signature="navigateSite()[pri:0, instance:flipkarttests.signupcredentialstest@f09733f]" started-at="2022-12-12T10:34:10 IST" name="navigateSite" finished-at="2022-12-12T10:34:32 IST" duration-ms="22835" status="PASS">
          <reporter-output>
          </reporter-output>
        </test-method> <!-- navigateSite -->
        <test-method is-config="true" signature="startTest(java.lang.reflect.Method)[pri:0, instance:flipkarttests.signupcredentialstest@f09733f]" started-at="2022-12-12T10:34:32 IST" name="startTest" finished-at="2022-12-12T10:34:32 IST" duration-ms="1" status="PASS">
          <params>
            <param index="0">
              <value>
                <![CDATA[public void flipkarttests.signupcredentialstest.invalidsignUpcredential3() throws java.lang.InterruptedException]]>
              </value>
            </param>
          </params>
          <reporter-output>
          </reporter-output>
        </test-method> <!-- startTest -->
        <test-method signature="invalidsignUpcredential3()[pri:3, instance:flipkarttests.signupcredentialstest@f09733f]" started-at="2022-12-12T10:34:32 IST" name="invalidsignUpcredential3" finished-at="2022-12-12T10:34:37 IST" duration-ms="4185" status="PASS">
          <reporter-output>
          </reporter-output>
        </test-method> <!-- invalidsignUpcredential3 -->
        <test-method is-config="true" signature="resultTest(org.testng.ITestResult)[pri:0, instance:flipkarttests.signupcredentialstest@f09733f]" started-at="2022-12-12T10:34:37 IST" name="resultTest" finished-at="2022-12-12T10:34:53 IST" duration-ms="16237" status="PASS">
          <params>
            <param index="0">
              <value>
                <![CDATA[[TestResult name=invalidsignUpcredential3 status=SUCCESS method=signupcredentialstest.invalidsignUpcredential3()[pri:3, instance:flipkarttests.signupcredentialstest@f09733f] output={null}]]]>
              </value>
            </param>
          </params>
          <reporter-output>
          </reporter-output>
        </test-method> <!-- resultTest -->
        <test-method is-config="true" signature="initializeWebDriver()[pri:0, instance:flipkarttests.signupcredentialstest@f09733f]" started-at="2022-12-12T10:34:53 IST" name="initializeWebDriver" finished-at="2022-12-12T10:34:54 IST" duration-ms="1252" status="PASS">
          <reporter-output>
          </reporter-output>
        </test-method> <!-- initializeWebDriver -->
        <test-method is-config="true" signature="navigateSite()[pri:0, instance:flipkarttests.signupcredentialstest@f09733f]" started-at="2022-12-12T10:34:54 IST" name="navigateSite" finished-at="2022-12-12T10:35:19 IST" duration-ms="24628" status="PASS">
          <reporter-output>
          </reporter-output>
        </test-method> <!-- navigateSite -->
        <test-method signature="validsignUpcredential()[pri:4, instance:flipkarttests.signupcredentialstest@f09733f]" started-at="2022-12-12T10:35:19 IST" name="validsignUpcredential" finished-at="2022-12-12T10:35:23 IST" duration-ms="4192" status="PASS">
          <reporter-output>
          </reporter-output>
        </test-method> <!-- validsignUpcredential -->
        <test-method is-config="true" signature="startTest(java.lang.reflect.Method)[pri:0, instance:flipkarttests.signupcredentialstest@f09733f]" started-at="2022-12-12T10:35:19 IST" name="startTest" finished-at="2022-12-12T10:35:19 IST" duration-ms="0" status="PASS">
          <params>
            <param index="0">
              <value>
                <![CDATA[public void flipkarttests.signupcredentialstest.validsignUpcredential() throws java.lang.InterruptedException]]>
              </value>
            </param>
          </params>
          <reporter-output>
          </reporter-output>
        </test-method> <!-- startTest -->
        <test-method is-config="true" signature="resultTest(org.testng.ITestResult)[pri:0, instance:flipkarttests.signupcredentialstest@f09733f]" started-at="2022-12-12T10:35:23 IST" name="resultTest" finished-at="2022-12-12T10:35:39 IST" duration-ms="16269" status="PASS">
          <params>
            <param index="0">
              <value>
                <![CDATA[[TestResult name=validsignUpcredential status=SUCCESS method=signupcredentialstest.validsignUpcredential()[pri:4, instance:flipkarttests.signupcredentialstest@f09733f] output={null}]]]>
              </value>
            </param>
          </params>
          <reporter-output>
          </reporter-output>
        </test-method> <!-- resultTest -->
        <test-method is-config="true" signature="initializeWebDriver()[pri:0, instance:flipkarttests.signupcredentialstest@f09733f]" started-at="2022-12-12T10:35:39 IST" name="initializeWebDriver" finished-at="2022-12-12T10:35:40 IST" duration-ms="1315" status="PASS">
          <reporter-output>
          </reporter-output>
        </test-method> <!-- initializeWebDriver -->
        <test-method is-config="true" signature="navigateSite()[pri:0, instance:flipkarttests.signupcredentialstest@f09733f]" started-at="2022-12-12T10:35:40 IST" name="navigateSite" finished-at="2022-12-12T10:36:28 IST" duration-ms="47946" status="PASS">
          <reporter-output>
          </reporter-output>
        </test-method> <!-- navigateSite -->
        <test-method is-config="true" signature="startTest(java.lang.reflect.Method)[pri:0, instance:flipkarttests.signupcredentialstest@f09733f]" started-at="2022-12-12T10:36:28 IST" name="startTest" finished-at="2022-12-12T10:36:28 IST" duration-ms="0" status="PASS">
          <params>
            <param index="0">
              <value>
                <![CDATA[public void flipkarttests.signupcredentialstest.emptysignupcredential() throws java.lang.InterruptedException]]>
              </value>
            </param>
          </params>
          <reporter-output>
          </reporter-output>
        </test-method> <!-- startTest -->
        <test-method signature="emptysignupcredential()[pri:5, instance:flipkarttests.signupcredentialstest@f09733f]" started-at="2022-12-12T10:36:28 IST" name="emptysignupcredential" finished-at="2022-12-12T10:36:33 IST" duration-ms="4259" status="PASS">
          <reporter-output>
          </reporter-output>
        </test-method> <!-- emptysignupcredential -->
        <test-method is-config="true" signature="resultTest(org.testng.ITestResult)[pri:0, instance:flipkarttests.signupcredentialstest@f09733f]" started-at="2022-12-12T10:36:33 IST" name="resultTest" finished-at="2022-12-12T10:36:49 IST" duration-ms="16267" status="PASS">
          <params>
            <param index="0">
              <value>
                <![CDATA[[TestResult name=emptysignupcredential status=SUCCESS method=signupcredentialstest.emptysignupcredential()[pri:5, instance:flipkarttests.signupcredentialstest@f09733f] output={null}]]]>
              </value>
            </param>
          </params>
          <reporter-output>
          </reporter-output>
        </test-method> <!-- resultTest -->
      </class> <!-- flipkarttests.signupcredentialstest -->
      <class name="flipkarttests.comparisonproducttest">
        <test-method is-config="true" signature="initializeWebDriver()[pri:0, instance:flipkarttests.comparisonproducttest@791f145a]" started-at="2022-12-12T10:24:46 IST" name="initializeWebDriver" finished-at="2022-12-12T10:24:47 IST" duration-ms="1272" status="PASS">
          <reporter-output>
          </reporter-output>
        </test-method> <!-- initializeWebDriver -->
        <test-method is-config="true" signature="navigateSite()[pri:0, instance:flipkarttests.comparisonproducttest@791f145a]" started-at="2022-12-12T10:24:47 IST" name="navigateSite" finished-at="2022-12-12T10:25:13 IST" duration-ms="26053" status="PASS">
          <reporter-output>
          </reporter-output>
        </test-method> <!-- navigateSite -->
        <test-method is-config="true" signature="startTest(java.lang.reflect.Method)[pri:0, instance:flipkarttests.comparisonproducttest@791f145a]" started-at="2022-12-12T10:25:13 IST" name="startTest" finished-at="2022-12-12T10:25:13 IST" duration-ms="1" status="PASS">
          <params>
            <param index="0">
              <value>
                <![CDATA[public void flipkarttests.comparisonproducttest.AddItem() throws java.lang.InterruptedException]]>
              </value>
            </param>
          </params>
          <reporter-output>
          </reporter-output>
        </test-method> <!-- startTest -->
        <test-method signature="AddItem()[pri:1, instance:flipkarttests.comparisonproducttest@791f145a]" started-at="2022-12-12T10:25:13 IST" name="AddItem" finished-at="2022-12-12T10:25:28 IST" duration-ms="14495" status="FAIL">
          <exception class="org.openqa.selenium.NoSuchElementException">
            <message>
              <![CDATA[no such element: Unable to locate element: {"method":"xpath","selector":"//div[@class='_1YokD2 _3Mn1Gg']//div[2]//div[1]//div[1]//div[1]//a[1]//div[1]//div[2]//div[1]//label[1]//span[1]"}
  (Session info: chrome=108.0.5359.99)
For documentation on this error, please visit: https://selenium.dev/exceptions/#no_such_element
Build info: version: '4.1.3', revision: '7b1ebf28ef'
System info: host: 'IN-5W1SP13', ip: '192.168.0.112', os.name: 'Windows 10', os.arch: 'amd64', os.version: '10.0', java.version: '11'
Driver info: org.openqa.selenium.chrome.ChromeDriver
Command: [ab28fc955b18072c6be0d0388ba84d0c, findElement {using=xpath, value=//div[@class='_1YokD2 _3Mn1Gg']//div[2]//div[1]//div[1]//div[1]//a[1]//div[1]//div[2]//div[1]//label[1]//span[1]}]
Capabilities {acceptInsecureCerts: false, browserName: chrome, browserVersion: 108.0.5359.99, chrome: {chromedriverVersion: 108.0.5359.71 (1e0e3868ee06..., userDataDir: C:\Users\SAJANS~1\AppData\L...}, goog:chromeOptions: {debuggerAddress: localhost:61245}, javascriptEnabled: true, networkConnectionEnabled: false, pageLoadStrategy: normal, platform: WINDOWS, platformName: WINDOWS, proxy: Proxy(), se:cdp: ws://localhost:61245/devtoo..., se:cdpVersion: 108.0.5359.99, setWindowRect: true, strictFileInteractability: false, timeouts: {implicit: 0, pageLoad: 300000, script: 30000}, unhandledPromptBehavior: dismiss and notify, webauthn:extension:credBlob: true, webauthn:extension:largeBlob: true, webauthn:virtualAuthenticators: true}
Session ID: ab28fc955b18072c6be0d0388ba84d0c]]>
            </message>
            <full-stacktrace>
              <![CDATA[org.openqa.selenium.NoSuchElementException: no such element: Unable to locate element: {"method":"xpath","selector":"//div[@class='_1YokD2 _3Mn1Gg']//div[2]//div[1]//div[1]//div[1]//a[1]//div[1]//div[2]//div[1]//label[1]//span[1]"}
  (Session info: chrome=108.0.5359.99)
For documentation on this error, please visit: https://selenium.dev/exceptions/#no_such_element
Build info: version: '4.1.3', revision: '7b1ebf28ef'
System info: host: 'IN-5W1SP13', ip: '192.168.0.112', os.name: 'Windows 10', os.arch: 'amd64', os.version: '10.0', java.version: '11'
Driver info: org.openqa.selenium.chrome.ChromeDriver
Command: [ab28fc955b18072c6be0d0388ba84d0c, findElement {using=xpath, value=//div[@class='_1YokD2 _3Mn1Gg']//div[2]//div[1]//div[1]//div[1]//a[1]//div[1]//div[2]//div[1]//label[1]//span[1]}]
Capabilities {acceptInsecureCerts: false, browserName: chrome, browserVersion: 108.0.5359.99, chrome: {chromedriverVersion: 108.0.5359.71 (1e0e3868ee06..., userDataDir: C:\Users\SAJANS~1\AppData\L...}, goog:chromeOptions: {debuggerAddress: localhost:61245}, javascriptEnabled: true, networkConnectionEnabled: false, pageLoadStrategy: normal, platform: WINDOWS, platformName: WINDOWS, proxy: Proxy(), se:cdp: ws://localhost:61245/devtoo..., se:cdpVersion: 108.0.5359.99, setWindowRect: true, strictFileInteractability: false, timeouts: {implicit: 0, pageLoad: 300000, script: 30000}, unhandledPromptBehavior: dismiss and notify, webauthn:extension:credBlob: true, webauthn:extension:largeBlob: true, webauthn:virtualAuthenticators: true}
Session ID: ab28fc955b18072c6be0d0388ba84d0c
at java.base/jdk.internal.reflect.NativeConstructorAccessorImpl.newInstance0(Native Method)
at java.base/jdk.internal.reflect.NativeConstructorAccessorImpl.newInstance(NativeConstructorAccessorImpl.java:62)
at java.base/jdk.internal.reflect.DelegatingConstructorAccessorImpl.newInstance(DelegatingConstructorAccessorImpl.java:45)
at java.base/java.lang.reflect.Constructor.newInstance(Constructor.java:490)
at org.openqa.selenium.remote.codec.w3c.W3CHttpResponseCodec.createException(W3CHttpResponseCodec.java:200)
at org.openqa.selenium.remote.codec.w3c.W3CHttpResponseCodec.decode(W3CHttpResponseCodec.java:133)
at org.openqa.selenium.remote.codec.w3c.W3CHttpResponseCodec.decode(W3CHttpResponseCodec.java:53)
at org.openqa.selenium.remote.HttpCommandExecutor.execute(HttpCommandExecutor.java:184)
at org.openqa.selenium.remote.service.DriverCommandExecutor.invokeExecute(DriverCommandExecutor.java:167)
at org.openqa.selenium.remote.service.DriverCommandExecutor.execute(DriverCommandExecutor.java:142)
at org.openqa.selenium.remote.RemoteWebDriver.execute(RemoteWebDriver.java:567)
at org.openqa.selenium.remote.ElementLocation$ElementFinder$2.findElement(ElementLocation.java:162)
at org.openqa.selenium.remote.ElementLocation.findElement(ElementLocation.java:60)
at org.openqa.selenium.remote.RemoteWebDriver.findElement(RemoteWebDriver.java:385)
at org.openqa.selenium.remote.RemoteWebDriver.findElement(RemoteWebDriver.java:377)
at org.openqa.selenium.support.pagefactory.DefaultElementLocator.findElement(DefaultElementLocator.java:70)
at org.openqa.selenium.support.pagefactory.internal.LocatingElementHandler.invoke(LocatingElementHandler.java:39)
at com.sun.proxy.$Proxy18.click(Unknown Source)
at Flipkartpages.comparisonproductpage.ClickCheckbox(comparisonproductpage.java:49)
at flipkarttests.comparisonproducttest.AddItem(comparisonproducttest.java:23)
at java.base/jdk.internal.reflect.NativeMethodAccessorImpl.invoke0(Native Method)
at java.base/jdk.internal.reflect.NativeMethodAccessorImpl.invoke(NativeMethodAccessorImpl.java:62)
at java.base/jdk.internal.reflect.DelegatingMethodAccessorImpl.invoke(DelegatingMethodAccessorImpl.java:43)
at java.base/java.lang.reflect.Method.invoke(Method.java:566)
at org.testng.internal.invokers.MethodInvocationHelper.invokeMethod(MethodInvocationHelper.java:135)
at org.testng.internal.invokers.TestInvoker.invokeMethod(TestInvoker.java:673)
at org.testng.internal.invokers.TestInvoker.invokeTestMethod(TestInvoker.java:220)
at org.testng.internal.invokers.MethodRunner.runInSequence(MethodRunner.java:50)
at org.testng.internal.invokers.TestInvoker$MethodInvocationAgent.invoke(TestInvoker.java:945)
at org.testng.internal.invokers.TestInvoker.invokeTestMethods(TestInvoker.java:193)
at org.testng.internal.invokers.TestMethodWorker.invokeTestMethods(TestMethodWorker.java:146)
at org.testng.internal.invokers.TestMethodWorker.run(TestMethodWorker.java:128)
at java.base/java.util.ArrayList.forEach(ArrayList.java:1540)
at org.testng.TestRunner.privateRun(TestRunner.java:808)
at org.testng.TestRunner.run(TestRunner.java:603)
at org.testng.SuiteRunner.runTest(SuiteRunner.java:429)
at org.testng.SuiteRunner.runSequentially(SuiteRunner.java:423)
at org.testng.SuiteRunner.privateRun(SuiteRunner.java:383)
at org.testng.SuiteRunner.run(SuiteRunner.java:326)
at org.testng.SuiteRunnerWorker.runSuite(SuiteRunnerWorker.java:52)
at org.testng.SuiteRunnerWorker.run(SuiteRunnerWorker.java:95)
at org.testng.TestNG.runSuitesSequentially(TestNG.java:1249)
at org.testng.TestNG.runSuitesLocally(TestNG.java:1169)
at org.testng.TestNG.runSuites(TestNG.java:1092)
at org.testng.TestNG.run(TestNG.java:1060)
at org.testng.remote.AbstractRemoteTestNG.run(AbstractRemoteTestNG.java:115)
at org.testng.remote.RemoteTestNG.initAndRun(RemoteTestNG.java:251)
at org.testng.remote.RemoteTestNG.main(RemoteTestNG.java:77)
]]>
            </full-stacktrace>
          </exception> <!-- org.openqa.selenium.NoSuchElementException -->
          <reporter-output>
          </reporter-output>
        </test-method> <!-- AddItem -->
        <test-method is-config="true" signature="resultTest(org.testng.ITestResult)[pri:0, instance:flipkarttests.comparisonproducttest@791f145a]" started-at="2022-12-12T10:25:28 IST" name="resultTest" finished-at="2022-12-12T10:25:44 IST" duration-ms="16507" status="PASS">
          <params>
            <param index="0">
              <value>
                <![CDATA[[TestResult name=AddItem status=FAILURE method=comparisonproducttest.AddItem()[pri:1, instance:flipkarttests.comparisonproducttest@791f145a] output={null}]]]>
              </value>
            </param>
          </params>
          <reporter-output>
          </reporter-output>
        </test-method> <!-- resultTest -->
      </class> <!-- flipkarttests.comparisonproducttest -->
      <class name="flipkarttests.productitemoffertest">
        <test-method is-config="true" signature="initializeWebDriver()[pri:0, instance:flipkarttests.productitemoffertest@1e0b4072]" started-at="2022-12-12T10:23:49 IST" name="initializeWebDriver" finished-at="2022-12-12T10:23:50 IST" duration-ms="1375" status="PASS">
          <reporter-output>
          </reporter-output>
        </test-method> <!-- initializeWebDriver -->
        <test-method is-config="true" signature="navigateSite()[pri:0, instance:flipkarttests.productitemoffertest@1e0b4072]" started-at="2022-12-12T10:23:50 IST" name="navigateSite" finished-at="2022-12-12T10:24:14 IST" duration-ms="23674" status="PASS">
          <reporter-output>
          </reporter-output>
        </test-method> <!-- navigateSite -->
        <test-method is-config="true" signature="startTest(java.lang.reflect.Method)[pri:0, instance:flipkarttests.productitemoffertest@1e0b4072]" started-at="2022-12-12T10:24:14 IST" name="startTest" finished-at="2022-12-12T10:24:14 IST" duration-ms="1" status="PASS">
          <params>
            <param index="0">
              <value>
                <![CDATA[public void flipkarttests.productitemoffertest.validLogin() throws java.lang.InterruptedException]]>
              </value>
            </param>
          </params>
          <reporter-output>
          </reporter-output>
        </test-method> <!-- startTest -->
        <test-method signature="validLogin()[pri:1, instance:flipkarttests.productitemoffertest@1e0b4072]" started-at="2022-12-12T10:24:14 IST" name="validLogin" finished-at="2022-12-12T10:24:29 IST" duration-ms="15364" status="FAIL">
          <exception class="org.openqa.selenium.NoSuchElementException">
            <message>
              <![CDATA[no such element: Unable to locate element: {"method":"xpath","selector":"/html[1]/body[1]/div[1]/div[1]/div[3]/div[2]/div[1]/div[1]/div[1]/div[2]/a[1]"}
  (Session info: chrome=108.0.5359.99)
For documentation on this error, please visit: https://selenium.dev/exceptions/#no_such_element
Build info: version: '4.1.3', revision: '7b1ebf28ef'
System info: host: 'IN-5W1SP13', ip: '192.168.0.112', os.name: 'Windows 10', os.arch: 'amd64', os.version: '10.0', java.version: '11'
Driver info: org.openqa.selenium.chrome.ChromeDriver
Command: [27281bc5f8e63d5e5e2d06ddacacab39, findElement {using=xpath, value=/html[1]/body[1]/div[1]/div[1]/div[3]/div[2]/div[1]/div[1]/div[1]/div[2]/a[1]}]
Capabilities {acceptInsecureCerts: false, browserName: chrome, browserVersion: 108.0.5359.99, chrome: {chromedriverVersion: 108.0.5359.71 (1e0e3868ee06..., userDataDir: C:\Users\SAJANS~1\AppData\L...}, goog:chromeOptions: {debuggerAddress: localhost:61172}, javascriptEnabled: true, networkConnectionEnabled: false, pageLoadStrategy: normal, platform: WINDOWS, platformName: WINDOWS, proxy: Proxy(), se:cdp: ws://localhost:61172/devtoo..., se:cdpVersion: 108.0.5359.99, setWindowRect: true, strictFileInteractability: false, timeouts: {implicit: 0, pageLoad: 300000, script: 30000}, unhandledPromptBehavior: dismiss and notify, webauthn:extension:credBlob: true, webauthn:extension:largeBlob: true, webauthn:virtualAuthenticators: true}
Session ID: 27281bc5f8e63d5e5e2d06ddacacab39]]>
            </message>
            <full-stacktrace>
              <![CDATA[org.openqa.selenium.NoSuchElementException: no such element: Unable to locate element: {"method":"xpath","selector":"/html[1]/body[1]/div[1]/div[1]/div[3]/div[2]/div[1]/div[1]/div[1]/div[2]/a[1]"}
  (Session info: chrome=108.0.5359.99)
For documentation on this error, please visit: https://selenium.dev/exceptions/#no_such_element
Build info: version: '4.1.3', revision: '7b1ebf28ef'
System info: host: 'IN-5W1SP13', ip: '192.168.0.112', os.name: 'Windows 10', os.arch: 'amd64', os.version: '10.0', java.version: '11'
Driver info: org.openqa.selenium.chrome.ChromeDriver
Command: [27281bc5f8e63d5e5e2d06ddacacab39, findElement {using=xpath, value=/html[1]/body[1]/div[1]/div[1]/div[3]/div[2]/div[1]/div[1]/div[1]/div[2]/a[1]}]
Capabilities {acceptInsecureCerts: false, browserName: chrome, browserVersion: 108.0.5359.99, chrome: {chromedriverVersion: 108.0.5359.71 (1e0e3868ee06..., userDataDir: C:\Users\SAJANS~1\AppData\L...}, goog:chromeOptions: {debuggerAddress: localhost:61172}, javascriptEnabled: true, networkConnectionEnabled: false, pageLoadStrategy: normal, platform: WINDOWS, platformName: WINDOWS, proxy: Proxy(), se:cdp: ws://localhost:61172/devtoo..., se:cdpVersion: 108.0.5359.99, setWindowRect: true, strictFileInteractability: false, timeouts: {implicit: 0, pageLoad: 300000, script: 30000}, unhandledPromptBehavior: dismiss and notify, webauthn:extension:credBlob: true, webauthn:extension:largeBlob: true, webauthn:virtualAuthenticators: true}
Session ID: 27281bc5f8e63d5e5e2d06ddacacab39
at java.base/jdk.internal.reflect.NativeConstructorAccessorImpl.newInstance0(Native Method)
at java.base/jdk.internal.reflect.NativeConstructorAccessorImpl.newInstance(NativeConstructorAccessorImpl.java:62)
at java.base/jdk.internal.reflect.DelegatingConstructorAccessorImpl.newInstance(DelegatingConstructorAccessorImpl.java:45)
at java.base/java.lang.reflect.Constructor.newInstance(Constructor.java:490)
at org.openqa.selenium.remote.codec.w3c.W3CHttpResponseCodec.createException(W3CHttpResponseCodec.java:200)
at org.openqa.selenium.remote.codec.w3c.W3CHttpResponseCodec.decode(W3CHttpResponseCodec.java:133)
at org.openqa.selenium.remote.codec.w3c.W3CHttpResponseCodec.decode(W3CHttpResponseCodec.java:53)
at org.openqa.selenium.remote.HttpCommandExecutor.execute(HttpCommandExecutor.java:184)
at org.openqa.selenium.remote.service.DriverCommandExecutor.invokeExecute(DriverCommandExecutor.java:167)
at org.openqa.selenium.remote.service.DriverCommandExecutor.execute(DriverCommandExecutor.java:142)
at org.openqa.selenium.remote.RemoteWebDriver.execute(RemoteWebDriver.java:567)
at org.openqa.selenium.remote.ElementLocation$ElementFinder$2.findElement(ElementLocation.java:162)
at org.openqa.selenium.remote.ElementLocation.findElement(ElementLocation.java:60)
at org.openqa.selenium.remote.RemoteWebDriver.findElement(RemoteWebDriver.java:385)
at org.openqa.selenium.remote.RemoteWebDriver.findElement(RemoteWebDriver.java:377)
at org.openqa.selenium.support.pagefactory.DefaultElementLocator.findElement(DefaultElementLocator.java:70)
at org.openqa.selenium.support.pagefactory.internal.LocatingElementHandler.invoke(LocatingElementHandler.java:39)
at com.sun.proxy.$Proxy18.click(Unknown Source)
at Flipkartpages.productitemofferpage.ClickViewAll(productitemofferpage.java:58)
at flipkarttests.productitemoffertest.validLogin(productitemoffertest.java:20)
at java.base/jdk.internal.reflect.NativeMethodAccessorImpl.invoke0(Native Method)
at java.base/jdk.internal.reflect.NativeMethodAccessorImpl.invoke(NativeMethodAccessorImpl.java:62)
at java.base/jdk.internal.reflect.DelegatingMethodAccessorImpl.invoke(DelegatingMethodAccessorImpl.java:43)
at java.base/java.lang.reflect.Method.invoke(Method.java:566)
at org.testng.internal.invokers.MethodInvocationHelper.invokeMethod(MethodInvocationHelper.java:135)
at org.testng.internal.invokers.TestInvoker.invokeMethod(TestInvoker.java:673)
at org.testng.internal.invokers.TestInvoker.invokeTestMethod(TestInvoker.java:220)
at org.testng.internal.invokers.MethodRunner.runInSequence(MethodRunner.java:50)
at org.testng.internal.invokers.TestInvoker$MethodInvocationAgent.invoke(TestInvoker.java:945)
at org.testng.internal.invokers.TestInvoker.invokeTestMethods(TestInvoker.java:193)
at org.testng.internal.invokers.TestMethodWorker.invokeTestMethods(TestMethodWorker.java:146)
at org.testng.internal.invokers.TestMethodWorker.run(TestMethodWorker.java:128)
at java.base/java.util.ArrayList.forEach(ArrayList.java:1540)
at org.testng.TestRunner.privateRun(TestRunner.java:808)
at org.testng.TestRunner.run(TestRunner.java:603)
at org.testng.SuiteRunner.runTest(SuiteRunner.java:429)
at org.testng.SuiteRunner.runSequentially(SuiteRunner.java:423)
at org.testng.SuiteRunner.privateRun(SuiteRunner.java:383)
at org.testng.SuiteRunner.run(SuiteRunner.java:326)
at org.testng.SuiteRunnerWorker.runSuite(SuiteRunnerWorker.java:52)
at org.testng.SuiteRunnerWorker.run(SuiteRunnerWorker.java:95)
at org.testng.TestNG.runSuitesSequentially(TestNG.java:1249)
at org.testng.TestNG.runSuitesLocally(TestNG.java:1169)
at org.testng.TestNG.runSuites(TestNG.java:1092)
at org.testng.TestNG.run(TestNG.java:1060)
at org.testng.remote.AbstractRemoteTestNG.run(AbstractRemoteTestNG.java:115)
at org.testng.remote.RemoteTestNG.initAndRun(RemoteTestNG.java:251)
at org.testng.remote.RemoteTestNG.main(RemoteTestNG.java:77)
]]>
            </full-stacktrace>
          </exception> <!-- org.openqa.selenium.NoSuchElementException -->
          <reporter-output>
          </reporter-output>
        </test-method> <!-- validLogin -->
        <test-method is-config="true" signature="resultTest(org.testng.ITestResult)[pri:0, instance:flipkarttests.productitemoffertest@1e0b4072]" started-at="2022-12-12T10:24:29 IST" name="resultTest" finished-at="2022-12-12T10:24:46 IST" duration-ms="16515" status="PASS">
          <params>
            <param index="0">
              <value>
                <![CDATA[[TestResult name=validLogin status=FAILURE method=productitemoffertest.validLogin()[pri:1, instance:flipkarttests.productitemoffertest@1e0b4072] output={null}]]]>
              </value>
            </param>
          </params>
          <reporter-output>
          </reporter-output>
        </test-method> <!-- resultTest -->
      </class> <!-- flipkarttests.productitemoffertest -->
      <class name="flipkarttests.showcarttest">
        <test-method is-config="true" signature="initializeWebDriver()[pri:0, instance:flipkarttests.showcarttest@e350b40]" started-at="2022-12-12T10:36:49 IST" name="initializeWebDriver" finished-at="2022-12-12T10:36:50 IST" duration-ms="1411" status="PASS">
          <reporter-output>
          </reporter-output>
        </test-method> <!-- initializeWebDriver -->
        <test-method is-config="true" signature="navigateSite()[pri:0, instance:flipkarttests.showcarttest@e350b40]" started-at="2022-12-12T10:36:50 IST" name="navigateSite" finished-at="2022-12-12T10:37:57 IST" duration-ms="66723" status="PASS">
          <reporter-output>
          </reporter-output>
        </test-method> <!-- navigateSite -->
        <test-method signature="showcart()[pri:1, instance:flipkarttests.showcarttest@e350b40]" started-at="2022-12-12T10:37:57 IST" name="showcart" finished-at="2022-12-12T10:38:04 IST" duration-ms="7366" status="PASS">
          <reporter-output>
          </reporter-output>
        </test-method> <!-- showcart -->
        <test-method is-config="true" signature="startTest(java.lang.reflect.Method)[pri:0, instance:flipkarttests.showcarttest@e350b40]" started-at="2022-12-12T10:37:57 IST" name="startTest" finished-at="2022-12-12T10:37:57 IST" duration-ms="0" status="PASS">
          <params>
            <param index="0">
              <value>
                <![CDATA[public void flipkarttests.showcarttest.showcart() throws java.lang.InterruptedException]]>
              </value>
            </param>
          </params>
          <reporter-output>
          </reporter-output>
        </test-method> <!-- startTest -->
        <test-method is-config="true" signature="resultTest(org.testng.ITestResult)[pri:0, instance:flipkarttests.showcarttest@e350b40]" started-at="2022-12-12T10:38:04 IST" name="resultTest" finished-at="2022-12-12T10:38:21 IST" duration-ms="16283" status="PASS">
          <params>
            <param index="0">
              <value>
                <![CDATA[[TestResult name=showcart status=SUCCESS method=showcarttest.showcart()[pri:1, instance:flipkarttests.showcarttest@e350b40] output={null}]]]>
              </value>
            </param>
          </params>
          <reporter-output>
          </reporter-output>
        </test-method> <!-- resultTest -->
      </class> <!-- flipkarttests.showcarttest -->
    </test> <!-- Test -->
  </suite> <!-- Suite -->
</testng-results>
